<?xml version="1.0" encoding="utf-8"?><testsuites name="pytest tests"><testsuite name="pytest" errors="0" failures="0" skipped="0" tests="30" time="247.383" timestamp="2026-09-23T10:59:12.448000+09:00" hostname="DESKTOP-N5DFT8J"><testcase classname="tests.test_streamed_restart" name="test_backward_resumes_after_interrupt[1-cpu-host]" time="10.630" /><testcase classname="tests.test_streamed_restart" name="test_backward_resumes_after_interrupt[1-cpu-disk]" time="10.152" /><testcase classname="tests.test_streamed_restart" name="test_backward_resumes_after_interrupt[1-cuda-host]" time="11.428" /><testcase classname="tests.test_streamed_restart" name="test_backward_resumes_after_interrupt[1-cuda-disk]" time="10.788" /><testcase classname="tests.test_streamed_restart" name="test_backward_resumes_after_interrupt[3-cpu-host]" time="10.140" /><testcase classname="tests.test_streamed_restart" name="test_backward_resumes_after_interrupt[3-cpu-disk]" time="10.330" /><testcase classname="tests.test_streamed_restart" name="test_backward_resumes_after_interrupt[3-cuda-host]" time="10.765" /><testcase classname="tests.test_streamed_restart" name="test_backward_resumes_after_interrupt[3-cuda-disk]" time="10.500" /><testcase classname="tests.test_streamed_restart" name="test_forward_resumes_after_interrupt[1-host]" time="9.947" /><testcase classname="tests.test_streamed_restart" name="test_forward_resumes_after_interrupt[1-disk]" time="10.343" /><testcase classname="tests.test_streamed_restart" name="test_forward_resumes_after_interrupt[3-host]" time="10.140" /><testcase classname="tests.test_streamed_restart" name="test_forward_resumes_after_interrupt[3-disk]" time="10.264" /><testcase classname="tests.test_streamed_restart" name="test_every_blocks_controls_record_count" time="4.858" /><testcase classname="tests.test_streamed_restart" name="test_contract_and_signal_adjoint_mismatch_are_rejected" time="10.196" /><testcase classname="tests.test_streamed_restart" name="test_changed_package_file_is_rejected_by_the_contract[boundaries.py]" time="1.899" /><testcase classname="tests.test_streamed_restart" name="test_changed_package_file_is_rejected_by_the_contract[differentiable.py]" time="1.374" /><testcase classname="tests.test_streamed_restart" name="test_changed_package_file_is_rejected_by_the_contract[waveforms.py]" time="1.375" /><testcase classname="tests.test_streamed_restart" name="test_changed_package_file_is_rejected_by_the_contract[cuda_kernels.py]" time="1.484" /><testcase classname="tests.test_streamed_restart" name="test_changed_inputs_are_rejected_with_the_contract_key_named[epsilon-epsilon_sha256]" time="9.802" /><testcase classname="tests.test_streamed_restart" name="test_changed_inputs_are_rejected_with_the_contract_key_named[waveform-project_sha256]" time="9.882" /><testcase classname="tests.test_streamed_restart" name="test_changed_inputs_are_rejected_with_the_contract_key_named[steps-project_sha256, starts]" time="10.456" /><testcase classname="tests.test_streamed_restart" name="test_changed_inputs_are_rejected_with_the_contract_key_named[time_step-project_sha256]" time="9.805" /><testcase classname="tests.test_streamed_restart" name="test_changed_inputs_are_rejected_with_the_contract_key_named[courant-project_sha256]" time="10.139" /><testcase classname="tests.test_streamed_restart" name="test_stamped_or_replaced_project_resumes_the_journal" time="10.221" /><testcase classname="tests.test_streamed_restart" name="test_journal_and_banks_share_a_volume_by_identity_not_by_path" time="0.008" /><testcase classname="tests.test_streamed_restart" name="test_reservation_covers_the_signal_history_of_coexisting_records" time="14.501" /><testcase classname="tests.test_streamed_restart" name="test_stale_temporary_records_are_removed_only_inside_the_journal" time="10.088" /><testcase classname="tests.test_streamed_restart" name="test_restart_journal_space_is_checked" time="0.004" /><testcase classname="tests.test_streamed_restart" name="test_existing_journal_records_count_toward_the_reservation" time="0.007" /><testcase classname="tests.test_streamed_restart" name="test_killed_process_is_resumed_by_a_new_process" time="15.749" /></testsuite></testsuites>