<?xml version="1.0" encoding="utf-8"?><testsuites name="pytest tests"><testsuite name="pytest" errors="0" failures="0" skipped="0" tests="23" time="378.943" timestamp="2026-09-22T01:38:47.058243+09:00" hostname="DESKTOP-N5DFT8J"><testcase classname="tests.test_mode_branch_passivity" name="test_branch_network_passivity_with_flux_closure_and_radiation_defect[ybranch]" time="29.852" /><testcase classname="tests.test_mode_branch_passivity" name="test_branch_network_passivity_with_flux_closure_and_radiation_defect[crossing]" time="34.958" /><testcase classname="tests.test_mode_branches" name="test_port_and_network_contracts" time="0.060" /><testcase classname="tests.test_mode_branches" name="test_aperture_launch_terms_confinement_and_frozen_neighborhood" time="0.032" /><testcase classname="tests.test_mode_branches" name="test_aperture_ports_match_full_cell_network_on_straight_guide" time="10.795" /><testcase classname="tests.test_mode_branches" name="test_y_branch_power_balance_reciprocity_symmetry_and_gradient" time="46.544" /><testcase classname="tests.test_mode_branches" name="test_four_port_crossing_on_two_normals" time="8.043" /><testcase classname="tests.test_mode_branches" name="test_branch_network_from_gds_markers_matches_explicit_ports" time="6.662" /><testcase classname="tests.test_mode_branches" name="test_z_normal_ports_match_cyclic_relabelling_of_x_normal_ports" time="18.584" /><testcase classname="tests.test_mode_branches" name="test_branch_network_power_objective_taylor_and_central_difference_cpu" time="32.489" /><testcase classname="tests.test_mode_branches" name="test_streamed_branch_network_matches_resident" time="130.841" /><testcase classname="tests.test_mode_network" name="test_two_mode_directional_power_normalization_and_gram_rejection" time="0.068" /><testcase classname="tests.test_mode_network" name="test_network_contracts_and_early_packet_budget" time="0.032" /><testcase classname="tests.test_mode_network" name="test_reciprocal_two_port_native_propagation_and_material_gradient" time="17.652" /><testcase classname="tests.test_mode_network" name="test_fixed_port_snapshot_and_one_case_replay_after_network_mutation" time="0.034" /><testcase classname="tests.test_mode_network" name="test_native_four_channel_straight_guide_mode_mapping" time="5.299" /><testcase classname="tests.test_mode_network" name="test_reassigned_port_phase_plane_rejected_before_calibration[port]" time="0.017" /><testcase classname="tests.test_mode_network" name="test_reassigned_port_phase_plane_rejected_before_calibration[axis]" time="0.019" /><testcase classname="tests.test_mode_network_unequal" name="test_explicit_sections_contracts_and_fixed_profiles" time="0.026" /><testcase classname="tests.test_mode_network_unequal" name="test_unequal_native_fresnel_interior_fd_and_zero_exterior_vjp" time="27.033" /><testcase classname="tests.test_mode_network_unequal" name="test_calibration_guides_are_sequential_and_not_retained" time="0.030" /><testcase classname="tests.test_mode_network_unequal" name="test_discrete_interface_oracle_algebra_and_reflectionless_negative_control" time="0.089" /><testcase classname="tests.test_mode_network_unequal" name="test_unequal_native_complex_s_against_independent_discrete_interface" time="4.332" /></testsuite></testsuites>