<?xml version="1.0" encoding="utf-8"?><testsuites name="pytest tests"><testsuite name="pytest" errors="0" failures="0" skipped="99" tests="3357" time="3837.223" timestamp="2026-09-23T15:42:44.136392+09:00" hostname="DESKTOP-N5DFT8J"><testcase classname="tests.test_adjoint_batch" name="test_coupled_case_vjp_with_shared_materials[history-False-cpu]" time="1.221" /><testcase classname="tests.test_adjoint_batch" name="test_coupled_case_vjp_with_shared_materials[history-False-cuda]" time="1.875" /><testcase classname="tests.test_adjoint_batch" name="test_coupled_case_vjp_with_shared_materials[history-True-cpu]" time="1.053" /><testcase classname="tests.test_adjoint_batch" name="test_coupled_case_vjp_with_shared_materials[history-True-cuda]" time="1.908" /><testcase classname="tests.test_adjoint_batch" name="test_coupled_case_vjp_with_shared_materials[spectrum-False-cpu]" time="0.746" /><testcase classname="tests.test_adjoint_batch" name="test_coupled_case_vjp_with_shared_materials[spectrum-False-cuda]" time="1.101" /><testcase classname="tests.test_adjoint_batch" name="test_coupled_case_vjp_with_shared_materials[spectrum-True-cpu]" time="0.981" /><testcase classname="tests.test_adjoint_batch" name="test_coupled_case_vjp_with_shared_materials[spectrum-True-cuda]" time="1.191" /><testcase classname="tests.test_adjoint_batch" name="test_coupled_case_vjp_with_shared_materials[planes-False-cpu]" time="0.789" /><testcase classname="tests.test_adjoint_batch" name="test_coupled_case_vjp_with_shared_materials[planes-False-cuda]" time="0.808" /><testcase classname="tests.test_adjoint_batch" name="test_coupled_case_vjp_with_shared_materials[planes-True-cpu]" time="1.025" /><testcase classname="tests.test_adjoint_batch" name="test_coupled_case_vjp_with_shared_materials[planes-True-cuda]" time="1.103" /><testcase classname="tests.test_adjoint_batch" name="test_heterogeneous_case_bindings_geometry_and_unused_parameter" time="1.236" /><testcase classname="tests.test_adjoint_batch" name="test_all_case_admission_before_any_solver_allocation[output]" time="0.014" /><testcase classname="tests.test_adjoint_batch" name="test_all_case_admission_before_any_solver_allocation[host]" time="0.016" /><testcase classname="tests.test_adjoint_batch" name="test_all_case_admission_before_any_solver_allocation[gpu]" time="0.017" /><testcase classname="tests.test_adjoint_batch" name="test_all_case_admission_before_any_solver_allocation[disk]" time="0.018" /><testcase classname="tests.test_adjoint_batch" name="test_all_case_admission_before_any_solver_allocation[bad_later_shape]" time="0.016" /><testcase classname="tests.test_adjoint_batch" name="test_joint_host_budget_includes_outputs_and_gradient_accumulators" time="0.042" /><testcase classname="tests.test_adjoint_batch" name="test_replay_rechecks_live_shared_memory" time="0.021" /><testcase classname="tests.test_adjoint_batch" name="test_result_shape_dtype_and_unused_case_replay" time="0.116" /><testcase classname="tests.test_adjoint_batch" name="test_fixed_configuration_and_first_order_guards" time="0.033" /><testcase classname="tests.test_adjoint_batch" name="test_no_overlapping_case_systems_with_cyclic_gc_disabled" time="0.424" /><testcase classname="tests.test_adjoint_batch" name="test_replay_detects_drift_in_tiny_si_spectra" time="0.034" /><testcase classname="tests.test_adjoint_batch" name="test_fp32_coupled_normalized_flux_preserves_geometry_gradient[cpu]" time="0.715" /><testcase classname="tests.test_adjoint_batch" name="test_fp32_coupled_normalized_flux_preserves_geometry_gradient[cuda]" time="2.402" /><testcase classname="tests.test_adjoint_leak_soak" name="test_record_covers_every_path_with_the_declared_loop" time="0.002" /><testcase classname="tests.test_adjoint_leak_soak" name="test_every_verdict_follows_from_its_samples_and_the_case_limits" time="0.002" /><testcase classname="tests.test_adjoint_leak_soak" name="test_growth_measures_are_within_limits_for_every_passing_path" time="0.001" /><testcase classname="tests.test_adjoint_leak_soak" name="test_document_is_rendered_from_the_record" time="0.001" /><testcase classname="tests.test_adjoint_leak_soak" name="test_thirty_iterations_on_cpu_retain_nothing_after_warm_up[differentiable]" time="4.754" /><testcase classname="tests.test_adjoint_leak_soak" name="test_thirty_iterations_on_cpu_retain_nothing_after_warm_up[plane]" time="4.169" /><testcase classname="tests.test_adjoint_leak_soak" name="test_thirty_iterations_on_cpu_retain_nothing_after_warm_up[dispersive]" time="4.758" /><testcase classname="tests.test_adjoint_leak_soak" name="test_thirty_iterations_on_cpu_retain_nothing_after_warm_up[source_waveform]" time="4.243" /><testcase classname="tests.test_adjoint_leak_soak" name="test_thirty_iterations_on_cpu_retain_nothing_after_warm_up[streamed]" time="17.279" /><testcase classname="tests.test_adjoint_leak_soak" name="test_thirty_iterations_on_cpu_retain_nothing_after_warm_up[reversible]" time="3.329" /><testcase classname="tests.test_adjoint_leak_soak" name="test_thirty_iterations_on_cpu_retain_nothing_after_warm_up[tensor_project]" time="13.173" /><testcase classname="tests.test_adjoint_leak_soak" name="test_snapshot_reports_the_bounded_module_caches" time="0.422" /><testcase classname="tests.test_adjoint_lifetime" name="test_completed_adjoint_does_not_retain_system_until_gc[False-cpu]" time="0.187" /><testcase classname="tests.test_adjoint_lifetime" name="test_completed_adjoint_does_not_retain_system_until_gc[False-torch]" time="0.348" /><testcase classname="tests.test_adjoint_lifetime" name="test_completed_adjoint_does_not_retain_system_until_gc[False-fused]" time="0.290" /><testcase classname="tests.test_adjoint_lifetime" name="test_completed_adjoint_does_not_retain_system_until_gc[True-cpu]" time="0.149" /><testcase classname="tests.test_adjoint_lifetime" name="test_completed_adjoint_does_not_retain_system_until_gc[True-torch]" time="0.385" /><testcase classname="tests.test_adjoint_lifetime" name="test_completed_adjoint_does_not_retain_system_until_gc[True-fused]" time="0.325" /><testcase classname="tests.test_adjoint_lifetime" name="test_streamed_replay_releases_operators_and_tiles_without_gc[cpu-host]" time="0.394" /><testcase classname="tests.test_adjoint_lifetime" name="test_streamed_replay_releases_operators_and_tiles_without_gc[cpu-disk]" time="0.548" /><testcase classname="tests.test_adjoint_lifetime" name="test_streamed_replay_releases_operators_and_tiles_without_gc[cuda-host]" time="0.943" /><testcase classname="tests.test_adjoint_lifetime" name="test_streamed_replay_releases_operators_and_tiles_without_gc[cuda-disk]" time="0.652" /><testcase classname="tests.test_adjoint_memory" name="test_resident_plan_matches_runtime_and_exact_restart[False-False-device]" time="0.052" /><testcase classname="tests.test_adjoint_memory" name="test_resident_plan_matches_runtime_and_exact_restart[False-False-host]" time="0.065" /><testcase classname="tests.test_adjoint_memory" name="test_resident_plan_matches_runtime_and_exact_restart[False-False-disk]" time="0.259" /><testcase classname="tests.test_adjoint_memory" name="test_resident_plan_matches_runtime_and_exact_restart[False-False-hierarchical]" time="0.104" /><testcase classname="tests.test_adjoint_memory" name="test_resident_plan_matches_runtime_and_exact_restart[False-True-device]" time="0.077" /><testcase classname="tests.test_adjoint_memory" name="test_resident_plan_matches_runtime_and_exact_restart[False-True-host]" time="0.099" /><testcase classname="tests.test_adjoint_memory" name="test_resident_plan_matches_runtime_and_exact_restart[False-True-disk]" time="0.225" /><testcase classname="tests.test_adjoint_memory" name="test_resident_plan_matches_runtime_and_exact_restart[False-True-hierarchical]" time="0.131" /><testcase classname="tests.test_adjoint_memory" name="test_resident_plan_matches_runtime_and_exact_restart[True-False-device]" time="0.060" /><testcase classname="tests.test_adjoint_memory" name="test_resident_plan_matches_runtime_and_exact_restart[True-False-host]" time="0.058" /><testcase classname="tests.test_adjoint_memory" name="test_resident_plan_matches_runtime_and_exact_restart[True-False-disk]" time="0.230" /><testcase classname="tests.test_adjoint_memory" name="test_resident_plan_matches_runtime_and_exact_restart[True-False-hierarchical]" time="0.096" /><testcase classname="tests.test_adjoint_memory" name="test_resident_plan_matches_runtime_and_exact_restart[True-True-device]" time="0.101" /><testcase classname="tests.test_adjoint_memory" name="test_resident_plan_matches_runtime_and_exact_restart[True-True-host]" time="0.084" /><testcase classname="tests.test_adjoint_memory" name="test_resident_plan_matches_runtime_and_exact_restart[True-True-disk]" time="0.276" /><testcase classname="tests.test_adjoint_memory" name="test_resident_plan_matches_runtime_and_exact_restart[True-True-hierarchical]" time="0.123" /><testcase classname="tests.test_adjoint_memory" name="test_denial_precedes_fields_material_carrier_and_scratch[False-host_checkpoint]" time="0.007" /><testcase classname="tests.test_adjoint_memory" name="test_denial_precedes_fields_material_carrier_and_scratch[False-host_available]" time="0.008" /><testcase classname="tests.test_adjoint_memory" name="test_denial_precedes_fields_material_carrier_and_scratch[False-disk_budget]" time="0.006" /><testcase classname="tests.test_adjoint_memory" name="test_denial_precedes_fields_material_carrier_and_scratch[False-disk_available]" time="0.004" /><testcase classname="tests.test_adjoint_memory" name="test_denial_precedes_fields_material_carrier_and_scratch[True-host_checkpoint]" time="0.006" /><testcase classname="tests.test_adjoint_memory" name="test_denial_precedes_fields_material_carrier_and_scratch[True-host_available]" time="0.006" /><testcase classname="tests.test_adjoint_memory" name="test_denial_precedes_fields_material_carrier_and_scratch[True-disk_budget]" time="0.007" /><testcase classname="tests.test_adjoint_memory" name="test_denial_precedes_fields_material_carrier_and_scratch[True-disk_available]" time="0.006" /><testcase classname="tests.test_adjoint_memory" name="test_metadata_cuda_plan_queries_capacity_without_cuda_tensors" time="0.005" /><testcase classname="tests.test_adjoint_memory" name="test_planner_preserves_checkpoint_budget_semantics_and_rechecks_ram" time="0.004" /><testcase classname="tests.test_adjoint_memory" name="test_metadata_plan_rejects_unsupported_workflows[plane-False]" time="0.003" /><testcase classname="tests.test_adjoint_memory" name="test_metadata_plan_rejects_unsupported_workflows[plane-True]" time="0.002" /><testcase classname="tests.test_adjoint_memory" name="test_metadata_plan_rejects_unsupported_workflows[auto_shutoff-False]" time="0.002" /><testcase classname="tests.test_adjoint_memory" name="test_metadata_plan_rejects_unsupported_workflows[auto_shutoff-True]" time="0.002" /><testcase classname="tests.test_adjoint_memory" name="test_cuda_ade_denial_precedes_packing_and_native_fields" time="0.008" /><testcase classname="tests.test_adjoint_planes" name="test_planes_and_flux_vjp_match_full_autograd[cpu-resident]" time="0.127" /><testcase classname="tests.test_adjoint_planes" name="test_planes_and_flux_vjp_match_full_autograd[cpu-host]" time="0.296" /><testcase classname="tests.test_adjoint_planes" name="test_planes_and_flux_vjp_match_full_autograd[cpu-disk]" time="0.297" /><testcase classname="tests.test_adjoint_planes" name="test_planes_and_flux_vjp_match_full_autograd[cuda-resident]" time="0.396" /><testcase classname="tests.test_adjoint_planes" name="test_planes_and_flux_vjp_match_full_autograd[cuda-host]" time="0.773" /><testcase classname="tests.test_adjoint_planes" name="test_planes_and_flux_vjp_match_full_autograd[cuda-disk]" time="0.305" /><testcase classname="tests.test_adjoint_planes" name="test_three_dimensional_plane_and_flux" time="0.219" /><testcase classname="tests.test_adjoint_planes" name="test_affine_spatial_interpolation_and_quadrature" time="0.006" /><testcase classname="tests.test_adjoint_planes" name="test_reference_normalization_and_field_subtraction_gradients" time="0.003" /><testcase classname="tests.test_adjoint_planes" name="test_fp32_normalized_flux_preserves_both_graphs_at_photonic_si_scales[False]" time="0.003" /><testcase classname="tests.test_adjoint_planes" name="test_fp32_normalized_flux_preserves_both_graphs_at_photonic_si_scales[True]" time="0.005" /><testcase classname="tests.test_adjoint_planes" name="test_unsupported_monitor_settings_are_rejected" time="0.005" /><testcase classname="tests.test_adjoint_planes" name="test_native_frequency_plane_matches_complex_fields_and_flux" time="0.028" /><testcase classname="tests.test_adjoint_planes" name="test_shared_planes_deduplicate_samples_and_budget_before_state" time="0.025" /><testcase classname="tests.test_adjoint_planes" name="test_normalized_plane_material_derivative_finite_difference" time="0.091" /><testcase classname="tests.test_adjoint_planes" name="test_nonuniform_mesh_plane_gradient" time="0.124" /><testcase classname="tests.test_adjoint_planes" name="test_mutated_fixed_configuration_is_rejected[False]" time="0.007" /><testcase classname="tests.test_adjoint_planes" name="test_mutated_fixed_configuration_is_rejected[True]" time="0.006" /><testcase classname="tests.test_adjoint_planes" name="test_internal_solver_keeps_the_auto_refined_plane_mesh" time="0.047" /><testcase classname="tests.test_adjoint_planes" name="test_plane_signature_tracks_realized_mesh_not_placement_or_structure" time="0.083" /><testcase classname="tests.test_adjoint_planes" name="test_reference_fingerprint_ignores_ids_names_and_display_options" time="0.028" /><testcase classname="tests.test_adjoint_spectrum" name="test_online_spectrum_and_backward_match_full_history[False-cpu-resident]" time="0.128" /><testcase classname="tests.test_adjoint_spectrum" name="test_online_spectrum_and_backward_match_full_history[False-cpu-host]" time="0.852" /><testcase classname="tests.test_adjoint_spectrum" name="test_online_spectrum_and_backward_match_full_history[False-cpu-disk]" time="0.858" /><testcase classname="tests.test_adjoint_spectrum" name="test_online_spectrum_and_backward_match_full_history[False-cuda-resident]" time="0.232" /><testcase classname="tests.test_adjoint_spectrum" name="test_online_spectrum_and_backward_match_full_history[False-cuda-host]" time="1.845" /><testcase classname="tests.test_adjoint_spectrum" name="test_online_spectrum_and_backward_match_full_history[False-cuda-disk]" time="0.993" /><testcase classname="tests.test_adjoint_spectrum" name="test_online_spectrum_and_backward_match_full_history[True-cpu-resident]" time="0.163" /><testcase classname="tests.test_adjoint_spectrum" name="test_online_spectrum_and_backward_match_full_history[True-cpu-host]" time="0.474" /><testcase classname="tests.test_adjoint_spectrum" name="test_online_spectrum_and_backward_match_full_history[True-cpu-disk]" time="0.581" /><testcase classname="tests.test_adjoint_spectrum" name="test_online_spectrum_and_backward_match_full_history[True-cuda-resident]" time="0.260" /><testcase classname="tests.test_adjoint_spectrum" name="test_online_spectrum_and_backward_match_full_history[True-cuda-host]" time="0.659" /><testcase classname="tests.test_adjoint_spectrum" name="test_online_spectrum_and_backward_match_full_history[True-cuda-disk]" time="0.738" /><testcase classname="tests.test_adjoint_spectrum" name="test_linear_transform_matches_explicit_complex_sum_and_real_transpose" time="0.010" /><testcase classname="tests.test_adjoint_spectrum" name="test_invalid_settings[frequency0-None-nonempty]" time="0.006" /><testcase classname="tests.test_adjoint_spectrum" name="test_invalid_settings[frequency1-None-finite]" time="0.005" /><testcase classname="tests.test_adjoint_spectrum" name="test_invalid_settings[frequency2-None-positive]" time="0.004" /><testcase classname="tests.test_adjoint_spectrum" name="test_invalid_settings[frequency3-None-Nyquist]" time="0.003" /><testcase classname="tests.test_adjoint_spectrum" name="test_invalid_settings[frequency4-window4-finite weight]" time="0.004" /><testcase classname="tests.test_adjoint_spectrum" name="test_invalid_settings[frequency5-window5-finite weight]" time="0.003" /><testcase classname="tests.test_adjoint_spectrum" name="test_invalid_settings[frequency6-None-fixed observation]" time="0.005" /><testcase classname="tests.test_adjoint_spectrum" name="test_invalid_settings[frequency7-window7-fixed observation]" time="0.003" /><testcase classname="tests.test_adjoint_spectrum" name="test_invalid_settings[frequency8-None-real]" time="0.003" /><testcase classname="tests.test_adjoint_spectrum" name="test_spectral_admission_removes_full_monitor_history" time="0.006" /><testcase classname="tests.test_adjoint_spectrum" name="test_spectral_higher_order_is_explicitly_rejected" time="0.018" /><testcase classname="tests.test_adjoint_spectrum" name="test_invalid_spectral_block_size[0]" time="0.003" /><testcase classname="tests.test_adjoint_spectrum" name="test_invalid_spectral_block_size[-1]" time="0.004" /><testcase classname="tests.test_adjoint_spectrum" name="test_invalid_spectral_block_size[True]" time="0.003" /><testcase classname="tests.test_adjoint_spectrum" name="test_invalid_spectral_block_size[1.5]" time="0.004" /><testcase classname="tests.test_adjoint_spectrum" name="test_float32_3d_spectrum_matches_history[cpu]" time="0.230" /><testcase classname="tests.test_adjoint_spectrum" name="test_float32_3d_spectrum_matches_history[cuda]" time="0.628" /><testcase classname="tests.test_adjoint_spectrum" name="test_geometry_central_difference_with_disk_spectrum" time="0.782" /><testcase classname="tests.test_admission_peak_g5" name="test_reservation_bounds_measured_peaks_on_every_rung" time="10.955" /><testcase classname="tests.test_admission_peak_g5" name="test_registry_admits_only_one_of_two_simultaneous_requests" time="0.002" /><testcase classname="tests.test_admission_peak_g5" name="test_registry_requests_are_all_or_nothing_across_tiers" time="0.001" /><testcase classname="tests.test_admission_peak_g5" name="test_streamed_requests_name_every_tier_of_the_options" time="0.006" /><testcase classname="tests.test_admission_peak_g5" name="test_second_concurrent_run_is_refused_and_the_lease_is_released[host]" time="0.563" /><testcase classname="tests.test_admission_peak_g5" name="test_second_concurrent_run_is_refused_and_the_lease_is_released[disk]" time="0.654" /><testcase classname="tests.test_admission_peak_g5" name="test_failed_phase_releases_its_lease" time="0.010" /><testcase classname="tests.test_angular_spectrum" name="test_tilted_plane_wave_phase_is_exact_in_section_volume_and_points" time="0.011" /><testcase classname="tests.test_angular_spectrum" name="test_gaussian_beam_matches_closed_form_and_sampling_limit" time="0.082" /><testcase classname="tests.test_angular_spectrum" name="test_points_agree_with_green_function_for_a_directed_beam_and_not_for_a_truncated_dipole" time="1.068" /><testcase classname="tests.test_angular_spectrum" name="test_section_volume_points_and_propagate_plane_are_consistent" time="0.018" /><testcase classname="tests.test_angular_spectrum" name="test_focal_objective_gradient_passes_a_taylor_check_and_matches_plain_autograd" time="0.017" /><testcase classname="tests.test_angular_spectrum" name="test_volume_budget_rejection_and_npz_chunks" time="0.027" /><testcase classname="tests.test_angular_spectrum" name="test_float32_plane_coordinates_far_from_the_origin_count_as_uniform" time="0.009" /><testcase classname="tests.test_angular_spectrum" name="test_small_metalens_fdtd_versus_asm_on_cpu" time="1.542" /><testcase classname="tests.test_anisotropy" name="test_constant_diagonal_native_parity" time="0.044" /><testcase classname="tests.test_anisotropy" name="test_tensor_adjoint_all_six_components_on_actual_field_objective[False]" time="0.440" /><testcase classname="tests.test_anisotropy" name="test_tensor_adjoint_all_six_components_on_actual_field_objective[True]" time="0.490" /><testcase classname="tests.test_anisotropy" name="test_bloch_operator_hermiticity_positivity_and_local_material_vjp" time="0.010" /><testcase classname="tests.test_anisotropy" name="test_rotated_tensor_independent_fourier_symbol_and_continuum_refinement" time="0.557" /><testcase classname="tests.test_anisotropy" name="test_budget_rejects_before_inverse_or_fields_and_unsupported_contracts" time="0.005" /><testcase classname="tests.test_anisotropy" name="test_tensor_input_validation_and_online_dft" time="0.133" /><testcase classname="tests.test_anisotropy" name="test_cuda_tensor_runtime_and_checkpoint_gradient_match_cpu[False]" time="0.440" /><testcase classname="tests.test_anisotropy" name="test_cuda_tensor_runtime_and_checkpoint_gradient_match_cpu[True]" time="0.346" /><testcase classname="tests.test_anisotropy" name="test_tensor_reservation_scales_linearly_with_cells" time="0.005" /><testcase classname="tests.test_anisotropy_cpml" name="test_finite_closure_dense_bounds_transpose_and_no_opposite_face_coupling" time="0.073" /><testcase classname="tests.test_anisotropy_cpml" name="test_cpml_support_one_node_collar_contains_constitutive_reach" time="0.005" /><testcase classname="tests.test_anisotropy_cpml" name="test_isotropic_cpml_forward_and_admitted_material_gradient_match_native" time="0.389" /><testcase classname="tests.test_anisotropy_cpml" name="test_rotated_interior_pulse_checkpoint_vjp_matches_full_autograd[False]" time="0.500" /><testcase classname="tests.test_anisotropy_cpml" name="test_rotated_interior_pulse_checkpoint_vjp_matches_full_autograd[True]" time="0.578" /><testcase classname="tests.test_anisotropy_cpml" name="test_fixed_cpml_admission_zero_collar_vjp_and_saved_input_version" time="0.352" /><testcase classname="tests.test_anisotropy_cpml" name="test_full_cpml_state_transpose_with_nonzero_memories" time="0.040" /><testcase classname="tests.test_anisotropy_cpml" name="test_cpml_cuda_fp32_matches_cpu_autograd_and_reservation[False]" time="0.961" /><testcase classname="tests.test_anisotropy_cpml" name="test_cpml_cuda_fp32_matches_cpu_autograd_and_reservation[True]" time="1.004" /><testcase classname="tests.test_anisotropy_dispersive" name="test_tensor_ade_transpose_and_vjp_match_full_autograd[faces0-phase0]" time="9.630" /><testcase classname="tests.test_anisotropy_dispersive" name="test_tensor_ade_transpose_and_vjp_match_full_autograd[faces1-phase1]" time="16.726" /><testcase classname="tests.test_anisotropy_dispersive" name="test_tensor_ade_transpose_and_vjp_match_full_autograd[faces2-phase2]" time="12.529" /><testcase classname="tests.test_anisotropy_dispersive" name="test_isotropic_tensor_ade_matches_scalar_trapezoidal_ade" time="1.776" /><testcase classname="tests.test_anisotropy_dispersive" name="test_strength_rotation_taylor_and_central_difference" time="6.867" /><testcase classname="tests.test_anisotropy_dispersive" name="test_lossless_tensor_ade_one_step_map_has_unit_spectral_radius" time="26.229" /><testcase classname="tests.test_anisotropy_dispersive" name="test_tensor_ade_admission_passivity_and_dispersive_face_criterion" time="0.037" /><testcase classname="tests.test_anisotropy_dispersive" name="test_cuda_tensor_ade_matches_cpu_and_reservation" time="7.266" /><testcase classname="tests.test_anisotropy_walls" name="test_pec_dense_closure_bounds_invariance_transpose_and_vjp[pec0-periodic0]" time="0.061" /><testcase classname="tests.test_anisotropy_walls" name="test_pec_dense_closure_bounds_invariance_transpose_and_vjp[pec1-periodic1]" time="0.064" /><testcase classname="tests.test_anisotropy_walls" name="test_pec_transpose_and_material_vjp_against_full_autograd_mixed_faces" time="0.035" /><testcase classname="tests.test_anisotropy_walls" name="test_pec_mirror_symmetry_and_wall_states_remain_zero" time="0.364" /><testcase classname="tests.test_anisotropy_walls" name="test_pec_cavity_exact_discrete_standing_wave_with_transverse_coupling" time="2.025" /><testcase classname="tests.test_anisotropy_walls" name="test_tensor_into_cpml_checkpoint_vjp_matches_full_autograd[faces0]" time="0.552" /><testcase classname="tests.test_anisotropy_walls" name="test_tensor_into_cpml_checkpoint_vjp_matches_full_autograd[faces1]" time="0.860" /><testcase classname="tests.test_anisotropy_walls" name="test_tensor_cpml_rotation_taylor_and_central_difference_and_isotropic_parity" time="0.642" /><testcase classname="tests.test_anisotropy_walls" name="test_tensor_cpml_mode_rejects_fixed_scalar_and_keeps_isotropic_default_error" time="0.005" /><testcase classname="tests.test_anisotropy_walls" name="test_cuda_walls_and_tensor_cpml_match_cpu_and_reservation[faces0]" time="0.763" /><testcase classname="tests.test_anisotropy_walls" name="test_cuda_walls_and_tensor_cpml_match_cpu_and_reservation[faces1]" time="0.795" /><testcase classname="tests.test_anisotropy_walls" name="test_cpml_face_criterion_matches_dense_one_step_spectral_radius[eigenvalues0-angles0-True]" time="11.088" /><testcase classname="tests.test_anisotropy_walls" name="test_cpml_face_criterion_matches_dense_one_step_spectral_radius[eigenvalues1-angles1-True]" time="11.464" /><testcase classname="tests.test_anisotropy_walls" name="test_cpml_face_criterion_matches_dense_one_step_spectral_radius[eigenvalues2-angles2-False]" time="11.158" /><testcase classname="tests.test_anisotropy_walls" name="test_cpml_face_criterion_matches_dense_one_step_spectral_radius[eigenvalues3-angles3-False]" time="10.871" /><testcase classname="tests.test_anisotropy_walls" name="test_tensor_cpml_admission_names_face_and_keeps_interior_free" time="0.142" /><testcase classname="tests.test_api" name="test_api_job_lifecycle" time="0.785" /><testcase classname="tests.test_api" name="test_health_reports_cpu_when_cuda_is_available_without_a_visible_device" time="0.039" /><testcase classname="tests.test_api" name="test_validate_reports_stored_frames_per_optical_period" time="0.097" /><testcase classname="tests.test_async_checkpoints" name="test_async_tiers_match_sync_on_nondefault_stream[1-host]" time="0.285" /><testcase classname="tests.test_async_checkpoints" name="test_async_tiers_match_sync_on_nondefault_stream[1-disk]" time="0.700" /><testcase classname="tests.test_async_checkpoints" name="test_async_tiers_match_sync_on_nondefault_stream[1-hierarchical]" time="0.250" /><testcase classname="tests.test_async_checkpoints" name="test_async_tiers_match_sync_on_nondefault_stream[2-host]" time="0.136" /><testcase classname="tests.test_async_checkpoints" name="test_async_tiers_match_sync_on_nondefault_stream[2-disk]" time="0.726" /><testcase classname="tests.test_async_checkpoints" name="test_async_tiers_match_sync_on_nondefault_stream[2-hierarchical]" time="0.223" /><testcase classname="tests.test_async_checkpoints" name="test_delayed_disk_failure_propagates_and_cleans" time="0.200" /><testcase classname="tests.test_async_checkpoints" name="test_staging_snapshot_is_not_live_state_and_completed_futures_are_released" time="0.003" /><testcase classname="tests.test_batch" name="test_parallel_serial_agreement_resume_and_safe_paths" time="4.721" /><testcase classname="tests.test_batch" name="test_failure_cancellation_and_memory_admission" time="4.282" /><testcase classname="tests.test_batch" name="test_black_box_design_improves_physical_objective_and_resumes" time="3.684" /><testcase classname="tests.test_beyond_vram_driver" name="test_fp32_capacity_counts_real_field_storage" time="0.001" /><testcase classname="tests.test_beyond_vram_driver" name="test_bounded_gradient_statistics_reject_nonfinite_and_tiny_wrong_groups" time="0.002" /><testcase classname="tests.test_beyond_vram_driver" name="test_real_fp32_metadata_admission_without_full_fields" time="0.025" /><testcase classname="tests.test_beyond_vram_propagated" name="test_cases_are_declared_before_the_run_and_match_the_fixture_generator" time="0.021" /><testcase classname="tests.test_beyond_vram_propagated" name="test_rehearsal_record_passes_every_rehearsal_criterion" time="0.002" /><testcase classname="tests.test_beyond_vram_propagated" name="test_judged_record_meets_g5_05" time="0.002" /><testcase classname="tests.test_beyond_vram_propagated" name="test_judged_record_meets_g5_06" time="0.002" /><testcase classname="tests.test_beyond_vram_propagated" name="test_rehearsal_record_is_complete_for_the_report_and_carries_no_machine_paths" time="0.001" /><testcase classname="tests.test_beyond_vram_propagated" name="test_report_renders_from_the_record_alone" time="0.002" /><testcase classname="tests.test_beyond_vram_propagated" name="test_time_model_reproduces_the_records_it_was_fitted_on" time="0.006" /><testcase classname="tests.test_beyond_vram_propagated" name="test_plan_against_the_recorded_workstation_needs_no_device" time="0.153" /><testcase classname="tests.test_bloch_adjoint" name="test_complex_transpose_and_spectral_seed_against_full_autograd[False-cpu]" time="0.174" /><testcase classname="tests.test_bloch_adjoint" name="test_complex_transpose_and_spectral_seed_against_full_autograd[False-cuda]" time="0.483" /><testcase classname="tests.test_bloch_adjoint" name="test_complex_transpose_and_spectral_seed_against_full_autograd[True-cpu]" time="0.195" /><testcase classname="tests.test_bloch_adjoint" name="test_complex_transpose_and_spectral_seed_against_full_autograd[True-cuda]" time="0.496" /><testcase classname="tests.test_bloch_adjoint" name="test_complex_native_forward_and_disk_replay[cpu]" time="0.188" /><testcase classname="tests.test_bloch_adjoint" name="test_complex_native_forward_and_disk_replay[cuda]" time="0.571" /><testcase classname="tests.test_bloch_adjoint" name="test_bloch_plane_seam_interpolation_and_gradient[resident]" time="0.108" /><testcase classname="tests.test_bloch_adjoint" name="test_bloch_plane_seam_interpolation_and_gradient[cpu]" time="0.324" /><testcase classname="tests.test_bloch_adjoint" name="test_bloch_plane_seam_interpolation_and_gradient[cuda]" time="0.885" /><testcase classname="tests.test_bloch_adjoint" name="test_bloch_plane_seam_interpolation_and_gradient[cuda_disk]" time="0.415" /><testcase classname="tests.test_bloch_adjoint" name="test_unsupported_complex_execution_fails_explicitly" time="0.002" /><testcase classname="tests.test_bloch_adjoint" name="test_three_dimensional_two_phase_float32[cpu]" time="0.114" /><testcase classname="tests.test_bloch_adjoint" name="test_three_dimensional_two_phase_float32[cuda]" time="0.322" /><testcase classname="tests.test_bloch_adjoint" name="test_complex_geometry_central_difference" time="0.092" /><testcase classname="tests.test_bloch_adjoint" name="test_later_ray_configuration_cannot_change_existing_replay" time="0.084" /><testcase classname="tests.test_boundaries" name="test_boundary_pair_validation_and_source_extent" time="0.002" /><testcase classname="tests.test_boundaries" name="test_discrete_plane_wave_eigenmode[periodic-2d]" time="0.008" /><testcase classname="tests.test_boundaries" name="test_discrete_plane_wave_eigenmode[periodic-3d]" time="0.029" /><testcase classname="tests.test_boundaries" name="test_discrete_plane_wave_eigenmode[bloch-2d]" time="0.009" /><testcase classname="tests.test_boundaries" name="test_discrete_plane_wave_eigenmode[bloch-3d]" time="0.062" /><testcase classname="tests.test_boundaries" name="test_custom_cpml_absorbs_periodic_sheet_pulse" time="0.174" /><testcase classname="tests.test_boundaries" name="test_bloch_cuda_complex_graph_and_result_roundtrip[float32]" time="0.668" /><testcase classname="tests.test_boundaries" name="test_bloch_cuda_complex_graph_and_result_roundtrip[float64]" time="0.579" /><testcase classname="tests.test_boundaries" name="test_zero_bloch_phase_equals_periodic" time="0.062" /><testcase classname="tests.test_boundaries" name="test_bloch_sheet_matches_oblique_discrete_vacuum_propagation" time="0.302" /><testcase classname="tests.test_broadband" name="test_range_generation_and_short_pulse_switch_are_not_a_fixed_carrier_substitute" time="0.001" /><testcase classname="tests.test_broadband" name="test_chirp_frequency_sweeps_continuously_between_requested_limits" time="0.002" /><testcase classname="tests.test_broadband" name="test_endpoint_taper_is_continuous_with_continuous_slope_and_compact_support" time="0.001" /><testcase classname="tests.test_broadband" name="test_familiar_frequency_wavelength_and_manual_switch_preserve_effective_pulse" time="0.006" /><testcase classname="tests.test_broadband" name="test_range_validation_and_nyquist_check_use_active_endpoints" time="0.002" /><testcase classname="tests.test_broadband" name="test_simulation_end_warning_covers_the_complete_taper" time="0.002" /><testcase classname="tests.test_broadband" name="test_global_broadband_cpu_gpu_graph_and_eager_agree[float32]" time="0.407" /><testcase classname="tests.test_broadband" name="test_global_broadband_cpu_gpu_graph_and_eager_agree[float64]" time="0.427" /><testcase classname="tests.test_broadband" name="test_independent_range_mapping_rejects_stale_automatic_pulse_and_dc" time="0.007" /><testcase classname="tests.test_budgeted_adjoint_batch_benchmark" name="test_coupled_capacity_driver_matches_independent_finite_cone[False-cpu]" time="1.415" /><testcase classname="tests.test_budgeted_adjoint_batch_benchmark" name="test_coupled_capacity_driver_matches_independent_finite_cone[False-cuda]" time="0.757" /><testcase classname="tests.test_budgeted_adjoint_batch_benchmark" name="test_coupled_capacity_driver_matches_independent_finite_cone[True-cpu]" time="3.425" /><testcase classname="tests.test_budgeted_adjoint_batch_benchmark" name="test_coupled_capacity_driver_matches_independent_finite_cone[True-cuda]" time="1.051" /><testcase classname="tests.test_budgeted_resident" name="test_large_metadata_requires_explicit_budget_without_allocating[cpu]" time="0.005" /><testcase classname="tests.test_budgeted_resident" name="test_large_metadata_requires_explicit_budget_without_allocating[cuda]" time="0.005" /><testcase classname="tests.test_budgeted_resident" name="test_default_workbench_guard_remains_and_budgeted_mode_roundtrips" time="0.002" /><testcase classname="tests.test_budgeted_resident" name="test_index_rejection_precedes_boundary_arrays_and_memory_query" time="0.002" /><testcase classname="tests.test_budgeted_resident" name="test_history_index_limit_can_be_avoided_with_bounded_spectral_seeds" time="0.002" /><testcase classname="tests.test_budgeted_resident" name="test_budgeted_actual_execution_matches_legacy_and_preserves_gradients[cpu-False]" time="0.101" /><testcase classname="tests.test_budgeted_resident" name="test_budgeted_actual_execution_matches_legacy_and_preserves_gradients[cpu-True]" time="0.138" /><testcase classname="tests.test_budgeted_resident" name="test_budgeted_actual_execution_matches_legacy_and_preserves_gradients[cuda-False]" time="0.280" /><testcase classname="tests.test_budgeted_resident" name="test_budgeted_actual_execution_matches_legacy_and_preserves_gradients[cuda-True]" time="0.396" /><testcase classname="tests.test_budgeted_resident" name="test_unified_large_resident_candidate_uses_byte_admission" time="0.003" /><testcase classname="tests.test_budgeted_resident" name="test_budget_denial_precedes_field_allocation_and_ade_packing[False]" time="0.003" /><testcase classname="tests.test_budgeted_resident" name="test_budget_denial_precedes_field_allocation_and_ade_packing[True]" time="0.003" /><testcase classname="tests.test_budgeted_resident" name="test_unified_budget_also_bounds_input_and_gradient_copies" time="0.006" /><testcase classname="tests.test_budgeted_resident" name="test_resident_budget_is_an_explicit_positive_integer[True]" time="0.001" /><testcase classname="tests.test_budgeted_resident" name="test_resident_budget_is_an_explicit_positive_integer[0]" time="0.001" /><testcase classname="tests.test_budgeted_resident" name="test_resident_budget_is_an_explicit_positive_integer[-1]" time="0.001" /><testcase classname="tests.test_budgeted_resident" name="test_resident_budget_is_an_explicit_positive_integer[1.5]" time="0.001" /><testcase classname="tests.test_budgeted_resident_benchmark" name="test_near_pml_driver_matches_full_autograd[False]" time="1.835" /><testcase classname="tests.test_budgeted_resident_benchmark" name="test_near_pml_driver_matches_full_autograd[True]" time="2.881" /><testcase classname="tests.test_budgeted_resident_benchmark" name="test_small_driver_cannot_claim_large_resident_capacity" time="0.002" /><testcase classname="tests.test_capability_pairs" name="test_pairwise[2d-uniform-tensor_ade-cpml-sheet-plane_dft-tiled-float64-cuda_torch]" time="0.103" /><testcase classname="tests.test_capability_pairs" name="test_pairwise[3d-uniform-anisotropic_tensor-bloch-tfsf-mode_port-tensor_batch-float32-cpu]" time="0.104" /><testcase classname="tests.test_capability_pairs" name="test_pairwise[2d-explicit-dielectric-pmc-plane_oneway-point-reversible_adjoint-float32-cuda_fused]" time="0.101" /><testcase classname="tests.test_capability_pairs" name="test_pairwise[3d-graded-pec-symmetric-point-radiation_box-streamed_adjoint-float64-cuda_fused]" time="0.098" /><testcase classname="tests.test_capability_pairs" name="test_pairwise[3d-explicit-dispersive_ade-periodic-mode-point-checkpointed_adjoint-float64-cuda_torch]" time="0.113" /><testcase classname="tests.test_capability_pairs" name="test_pairwise[2d-graded-dielectric-pec-tiled_sheet-mode_port-forward-float64-cpu]" time="0.108" /><testcase classname="tests.test_capability_pairs" name="test_pairwise[2d-graded-dispersive_ade-antisymmetric-tfsf-radiation_box-streamed-float32-cuda_torch]" time="0.101" /><testcase classname="tests.test_capability_pairs" name="test_pairwise[3d-explicit-tensor_ade-symmetric-mode-plane_dft-forward-float32-cpu]" time="0.099" /><testcase classname="tests.test_capability_pairs" name="test_pairwise[3d-uniform-pec-antisymmetric-plane_oneway-point-streamed-float64-cpu]" time="0.096" /><testcase classname="tests.test_capability_pairs" name="test_pairwise[2d-uniform-pec-periodic-tiled_sheet-plane_dft-checkpointed_adjoint-float32-cuda_fused]" time="0.101" /><testcase classname="tests.test_capability_pairs" name="test_pairwise[2d-graded-anisotropic_tensor-pmc-point-plane_dft-tensor_batch-float64-cuda_torch]" time="0.100" /><testcase classname="tests.test_capability_pairs" name="test_pairwise[3d-explicit-anisotropic_tensor-pec-sheet-radiation_box-tiled-float32-cuda_fused]" time="0.107" /><testcase classname="tests.test_capability_pairs" name="test_pairwise[3d-uniform-dispersive_ade-cpml-point-mode_port-reversible_adjoint-float32-cpu]" time="0.097" /><testcase classname="tests.test_capability_pairs" name="test_pairwise[2d-explicit-pec-bloch-plane_oneway-mode_port-streamed_adjoint-float64-cuda_torch]" time="0.098" /><testcase classname="tests.test_capability_pairs" name="test_pairwise[3d-uniform-dielectric-pmc-mode-radiation_box-streamed_adjoint-float32-cpu]" time="0.106" /><testcase classname="tests.test_capability_pairs" name="test_pairwise[3d-graded-tensor_ade-bloch-tiled_sheet-radiation_box-reversible_adjoint-float64-cuda_fused]" time="0.100" /><testcase classname="tests.test_capability_pairs" name="test_pairwise[2d-graded-anisotropic_tensor-cpml-mode-point-tensor_batch-float64-cuda_fused]" time="0.098" /><testcase classname="tests.test_capability_pairs" name="test_pairwise[2d-graded-dielectric-periodic-sheet-mode_port-tiled-float64-cpu]" time="0.097" /><testcase classname="tests.test_capability_pairs" name="test_pairwise[2d-explicit-tensor_ade-antisymmetric-tfsf-mode_port-streamed-float64-cuda_fused]" time="0.097" /><testcase classname="tests.test_capability_pairs" name="test_pairwise[2d-uniform-dispersive_ade-symmetric-tiled_sheet-point-tiled-float64-cuda_torch]" time="0.102" /><testcase classname="tests.test_capability_pairs" name="test_pairwise[2d-uniform-dielectric-pec-tfsf-plane_dft-reversible_adjoint-float64-cuda_torch]" time="0.102" /><testcase classname="tests.test_capability_pairs" name="test_pairwise[3d-graded-anisotropic_tensor-periodic-plane_oneway-radiation_box-forward-float32-cuda_torch]" time="0.103" /><testcase classname="tests.test_capability_pairs" name="test_pairwise[3d-uniform-dispersive_ade-bloch-sheet-point-forward-float32-cuda_fused]" time="0.106" /><testcase classname="tests.test_capability_pairs" name="test_pairwise[3d-explicit-tensor_ade-pec-point-point-checkpointed_adjoint-float64-cpu]" time="0.099" /><testcase classname="tests.test_capability_pairs" name="test_pairwise[2d-explicit-dispersive_ade-pec-plane_oneway-plane_dft-tensor_batch-float32-cpu]" time="0.105" /><testcase classname="tests.test_capability_pairs" name="test_pairwise[3d-explicit-anisotropic_tensor-antisymmetric-tiled_sheet-plane_dft-streamed_adjoint-float64-cuda_torch]" time="0.103" /><testcase classname="tests.test_capability_pairs" name="test_pairwise[3d-graded-dielectric-bloch-point-plane_dft-streamed-float32-cuda_fused]" time="0.250" /><testcase classname="tests.test_capability_pairs" name="test_pairwise[2d-graded-pec-pmc-sheet-mode_port-checkpointed_adjoint-float32-cpu]" time="0.098" /><testcase classname="tests.test_capability_pairs" name="test_pairwise[2d-explicit-pec-cpml-tfsf-radiation_box-forward-float64-cuda_fused]" time="0.104" /><testcase classname="tests.test_capability_pairs" name="test_pairwise[3d-explicit-dielectric-symmetric-sheet-radiation_box-tensor_batch-float32-cuda_fused]" time="0.120" /><testcase classname="tests.test_capability_pairs" name="test_pairwise[3d-graded-tensor_ade-periodic-tfsf-point-streamed_adjoint-float64-cuda_torch]" time="0.101" /><testcase classname="tests.test_capability_pairs" name="test_pairwise[2d-explicit-pec-antisymmetric-mode-mode_port-reversible_adjoint-float64-cuda_torch]" time="0.099" /><testcase classname="tests.test_capability_pairs" name="test_pairwise[2d-graded-dielectric-cpml-plane_oneway-radiation_box-checkpointed_adjoint-float32-cuda_fused]" time="0.104" /><testcase classname="tests.test_capability_pairs" name="test_pairwise[2d-graded-anisotropic_tensor-symmetric-tfsf-mode_port-checkpointed_adjoint-float64-cuda_torch]" time="0.111" /><testcase classname="tests.test_capability_pairs" name="test_pairwise[3d-uniform-tensor_ade-pmc-tfsf-plane_dft-tiled-float64-cuda_torch]" time="0.104" /><testcase classname="tests.test_capability_pairs" name="test_pairwise[3d-uniform-dielectric-antisymmetric-point-radiation_box-tiled-float64-cpu]" time="0.118" /><testcase classname="tests.test_capability_pairs" name="test_pairwise[3d-uniform-pec-pec-mode-mode_port-tiled-float32-cuda_fused]" time="0.105" /><testcase classname="tests.test_capability_pairs" name="test_pairwise[2d-uniform-anisotropic_tensor-cpml-tiled_sheet-mode_port-streamed-float64-cuda_fused]" time="0.106" /><testcase classname="tests.test_capability_pairs" name="test_pairwise[2d-explicit-pec-periodic-tiled_sheet-mode_port-tensor_batch-float32-cuda_fused]" time="0.108" /><testcase classname="tests.test_capability_pairs" name="test_pairwise[2d-uniform-tensor_ade-antisymmetric-sheet-radiation_box-tensor_batch-float32-cpu]" time="0.105" /><testcase classname="tests.test_capability_pairs" name="test_pairwise[3d-uniform-dispersive_ade-pmc-tiled_sheet-radiation_box-forward-float64-cuda_fused]" time="0.113" /><testcase classname="tests.test_capability_pairs" name="test_pairwise[3d-explicit-anisotropic_tensor-periodic-point-mode_port-reversible_adjoint-float64-cuda_fused]" time="0.113" /><testcase classname="tests.test_capability_pairs" name="test_pairwise[2d-graded-dispersive_ade-cpml-sheet-plane_dft-streamed_adjoint-float32-cpu]" time="0.364" /><testcase classname="tests.test_capability_pairs" name="test_pairwise[3d-graded-tensor_ade-symmetric-plane_oneway-radiation_box-reversible_adjoint-float32-cuda_torch]" time="0.108" /><testcase classname="tests.test_capability_pairs" name="test_pairwise[2d-uniform-dielectric-periodic-sheet-radiation_box-streamed-float32-cpu]" time="0.108" /><testcase classname="tests.test_capability_pairs" name="test_pairwise[2d-explicit-anisotropic_tensor-pec-mode-mode_port-streamed-float32-cpu]" time="0.119" /><testcase classname="tests.test_capability_pairs" name="test_pairwise[3d-graded-dispersive_ade-bloch-mode-radiation_box-checkpointed_adjoint-float64-cuda_torch]" time="0.137" /><testcase classname="tests.test_capability_pairs" name="test_pairwise[2d-graded-dispersive_ade-antisymmetric-point-mode_port-forward-float32-cuda_fused]" time="0.121" /><testcase classname="tests.test_capability_pairs" name="test_pairwise[3d-graded-dispersive_ade-bloch-plane_oneway-radiation_box-tiled-float64-cuda_torch]" time="0.116" /><testcase classname="tests.test_capability_pairs" name="test_pairwise[3d-explicit-anisotropic_tensor-pmc-tiled_sheet-radiation_box-streamed-float64-cpu]" time="0.108" /><testcase classname="tests.test_capability_pairs" name="test_pairwise[3d-graded-tensor_ade-symmetric-mode-point-streamed-float64-cpu]" time="0.105" /><testcase classname="tests.test_capability_pairs" name="test_pairwise[3d-uniform-tensor_ade-antisymmetric-tfsf-point-checkpointed_adjoint-float32-cuda_torch]" time="0.101" /><testcase classname="tests.test_capability_pairs" name="test_pairwise[3d-graded-anisotropic_tensor-pec-tfsf-mode_port-streamed_adjoint-float64-cuda_torch]" time="0.101" /><testcase classname="tests.test_capability_pairs" name="test_pairwise[2d-graded-tensor_ade-pmc-sheet-mode_port-reversible_adjoint-float32-cuda_fused]" time="0.102" /><testcase classname="tests.test_capability_pairs" name="test_pairwise[3d-uniform-tensor_ade-cpml-plane_oneway-radiation_box-checkpointed_adjoint-float32-cuda_torch]" time="0.114" /><testcase classname="tests.test_capability_pairs" name="test_pairwise[3d-uniform-tensor_ade-periodic-point-plane_dft-forward-float32-cuda_fused]" time="0.110" /><testcase classname="tests.test_capability_pairs" name="test_pairwise[3d-graded-dispersive_ade-pec-mode-radiation_box-streamed-float64-cpu]" time="0.117" /><testcase classname="tests.test_capability_pairs" name="test_pairwise[3d-graded-dispersive_ade-pmc-sheet-mode_port-streamed_adjoint-float32-cuda_fused]" time="0.122" /><testcase classname="tests.test_capability_pairs" name="test_pairwise[3d-graded-dielectric-bloch-tiled_sheet-mode_port-forward-float32-cpu]" time="0.120" /><testcase classname="tests.test_capability_pairs" name="test_pairwise[3d-uniform-dielectric-bloch-mode-mode_port-forward-float32-cuda_torch]" time="0.111" /><testcase classname="tests.test_capability_pairs" name="test_pairwise[3d-uniform-dispersive_ade-pmc-tiled_sheet-mode_port-forward-float64-cuda_torch]" time="0.108" /><testcase classname="tests.test_capability_pairs" name="test_pairwise[3d-uniform-dielectric-antisymmetric-point-mode_port-checkpointed_adjoint-float32-cuda_fused]" time="0.109" /><testcase classname="tests.test_capability_pairs" name="test_pairwise[3d-uniform-dielectric-antisymmetric-sheet-mode_port-checkpointed_adjoint-float32-cpu]" time="0.107" /><testcase classname="tests.test_capability_pairs" name="test_pairwise[2d-uniform-dispersive_ade-cpml-tfsf-mode_port-forward-float64-cuda_fused]" time="0.111" /><testcase classname="tests.test_capability_pairs" name="test_pairwise[2d-explicit-dielectric-cpml-point-mode_port-checkpointed_adjoint-float32-cuda_torch]" time="0.114" /><testcase classname="tests.test_capability_pairs" name="test_pairwise[3d-graded-dispersive_ade-cpml-point-mode_port-checkpointed_adjoint-float64-cuda_fused]" time="0.115" /><testcase classname="tests.test_capability_pairs" name="test_pairwise[3d-uniform-dispersive_ade-cpml-point-mode_port-checkpointed_adjoint-float64-cpu]" time="0.109" /><testcase classname="tests.test_capability_pairs" name="test_pairwise[3d-uniform-dispersive_ade-cpml-sheet-mode_port-checkpointed_adjoint-float32-cuda_fused]" time="0.103" /><testcase classname="tests.test_capability_pairs" name="test_pairwise[3d-uniform-dielectric-cpml-point-mode_port-checkpointed_adjoint-float32-cuda_torch]" time="0.105" /><testcase classname="tests.test_capability_pairs" name="test_pairwise[2d-uniform-dielectric-pec-mode-plane_dft-forward-float32-cpu]" time="0.102" /><testcase classname="tests.test_capability_pairs" name="test_pairwise[3d-uniform-dielectric-bloch-mode-radiation_box-streamed-float32-cpu]" time="0.103" /><testcase classname="tests.test_capability_pairs" name="test_pairwise[3d-uniform-dispersive_ade-periodic-mode-plane_dft-streamed-float32-cpu]" time="0.102" /><testcase classname="tests.test_capability_pairs" name="test_pairwise[2d-graded-dispersive_ade-cpml-mode-point-checkpointed_adjoint-float32-cuda_torch]" time="0.104" /><testcase classname="tests.test_capability_pairs" name="test_pairwise[3d-graded-dielectric-cpml-mode-point-streamed-float64-cuda_torch]" time="0.105" /><testcase classname="tests.test_capability_pairs" name="test_pairwise[3d-uniform-dielectric-cpml-mode-plane_dft-streamed_adjoint-float64-cuda_fused]" time="0.104" /><testcase classname="tests.test_capability_pairs" name="test_pairwise[3d-uniform-dispersive_ade-cpml-mode-point-streamed_adjoint-float32-cuda_torch]" time="0.109" /><testcase classname="tests.test_capability_pairs" name="test_pairwise[3d-uniform-dielectric-cpml-mode-radiation_box-streamed-float32-cuda_fused]" time="0.174" /><testcase classname="tests.test_capability_pairs" name="test_pairwise[3d-uniform-dielectric-periodic-mode-point-streamed-float32-cuda_torch]" time="0.120" /><testcase classname="tests.test_capability_pairs" name="test_pairwise[3d-uniform-tensor_ade-bloch-point-point-checkpointed_adjoint-float32-cuda_fused]" time="0.099" /><testcase classname="tests.test_capability_pairs" name="test_pairwise[3d-graded-dispersive_ade-pmc-point-radiation_box-forward-float32-cuda_fused]" time="0.107" /><testcase classname="tests.test_capability_pairs" name="test_pairwise[3d-uniform-dispersive_ade-symmetric-point-radiation_box-forward-float32-cuda_fused]" time="0.106" /><testcase classname="tests.test_capability_pairs" name="test_pairwise[3d-explicit-dielectric-pmc-sheet-point-forward-float32-cuda_torch]" time="0.110" /><testcase classname="tests.test_capability_pairs" name="test_pairwise[3d-explicit-dielectric-symmetric-point-plane_dft-forward-float32-cpu]" time="0.109" /><testcase classname="tests.test_capability_pairs" name="test_pairwise[2d-uniform-dielectric-cpml-tfsf-point-streamed-float32-cuda_torch]" time="0.110" /><testcase classname="tests.test_capability_pairs" name="test_pairwise[3d-graded-dispersive_ade-symmetric-sheet-point-checkpointed_adjoint-float32-cuda_fused]" time="0.107" /><testcase classname="tests.test_capability_pairs" name="test_pairwise[2d-uniform-dispersive_ade-periodic-plane_oneway-point-checkpointed_adjoint-float64-cpu]" time="0.104" /><testcase classname="tests.test_capability_pairs" name="test_pairwise[2d-explicit-dispersive_ade-periodic-plane_oneway-point-streamed-float32-cuda_torch]" time="0.115" /><testcase classname="tests.test_capability_pairs" name="test_pairwise[3d-graded-dielectric-symmetric-sheet-plane_dft-checkpointed_adjoint-float32-cuda_fused]" time="0.112" /><testcase classname="tests.test_capability_pairs" name="test_pairwise[3d-uniform-dispersive_ade-pmc-tiled_sheet-plane_dft-streamed-float32-cpu]" time="0.104" /><testcase classname="tests.test_capability_pairs" name="test_pairwise[2d-explicit-dispersive_ade-periodic-plane_oneway-plane_dft-checkpointed_adjoint-float32-cuda_torch]" time="0.113" /><testcase classname="tests.test_capability_pairs" name="test_pairwise[3d-graded-dispersive_ade-periodic-plane_oneway-radiation_box-streamed-float64-cuda_fused]" time="0.131" /><testcase classname="tests.test_capability_pairs" name="test_pairwise[3d-uniform-dielectric-symmetric-sheet-point-checkpointed_adjoint-float32-cuda_fused]" time="0.106" /><testcase classname="tests.test_capability_pairs" name="test_pairwise[3d-explicit-dispersive_ade-symmetric-tiled_sheet-point-checkpointed_adjoint-float32-cpu]" time="0.127" /><testcase classname="tests.test_capability_pairs" name="test_pairwise[3d-explicit-dielectric-pmc-point-point-reversible_adjoint-float32-cuda_torch]" time="0.112" /><testcase classname="tests.test_capability_pairs" name="test_pairwise[2d-explicit-dielectric-pec-point-point-reversible_adjoint-float64-cpu]" time="0.104" /><testcase classname="tests.test_capability_pairs" name="test_pairwise[3d-uniform-dispersive_ade-bloch-point-point-reversible_adjoint-float64-cpu]" time="0.101" /><testcase classname="tests.test_capability_pairs" name="test_pairwise[3d-graded-dispersive_ade-antisymmetric-point-point-reversible_adjoint-float32-cuda_fused]" time="0.110" /><testcase classname="tests.test_capability_pairs" name="test_pairwise[3d-uniform-dielectric-bloch-point-point-reversible_adjoint-float32-cpu]" time="0.101" /><testcase classname="tests.test_capability_pairs" name="test_pairwise[3d-uniform-dispersive_ade-periodic-point-point-reversible_adjoint-float32-cpu]" time="0.102" /><testcase classname="tests.test_capability_pairs" name="test_pairwise[3d-explicit-dielectric-pmc-sheet-point-reversible_adjoint-float64-cpu]" time="0.105" /><testcase classname="tests.test_capability_pairs" name="test_pairwise[3d-uniform-dielectric-symmetric-point-plane_dft-reversible_adjoint-float64-cpu]" time="0.115" /><testcase classname="tests.test_capability_pairs" name="test_pairwise[2d-uniform-dielectric-pec-sheet-point-reversible_adjoint-float64-cuda_torch]" time="0.111" /><testcase classname="tests.test_capability_pairs" name="test_pairwise[3d-explicit-dielectric-antisymmetric-sheet-point-reversible_adjoint-float64-cuda_torch]" time="0.121" /><testcase classname="tests.test_capability_pairs" name="test_pairwise[3d-explicit-dielectric-antisymmetric-sheet-radiation_box-reversible_adjoint-float32-cuda_fused]" time="0.140" /><testcase classname="tests.test_capability_pairs" name="test_pairwise[3d-uniform-dielectric-antisymmetric-sheet-point-reversible_adjoint-float32-cuda_fused]" time="0.103" /><testcase classname="tests.test_capability_pairs" name="test_pairwise[3d-uniform-dispersive_ade-bloch-tiled_sheet-radiation_box-reversible_adjoint-float32-cuda_fused]" time="0.121" /><testcase classname="tests.test_capability_pairs" name="test_pairwise[3d-uniform-dielectric-periodic-plane_oneway-plane_dft-reversible_adjoint-float32-cuda_fused]" time="0.119" /><testcase classname="tests.test_capability_pairs" name="test_pairwise[2d-graded-dispersive_ade-periodic-point-plane_dft-tensor_batch-float32-cpu]" time="0.103" /><testcase classname="tests.test_capability_pairs" name="test_pairwise[3d-uniform-anisotropic_tensor-periodic-point-point-tensor_batch-float32-cuda_fused]" time="0.104" /><testcase classname="tests.test_capability_pairs" name="test_pairwise[2d-uniform-dielectric-bloch-tiled_sheet-plane_dft-tensor_batch-float64-cuda_fused]" time="0.105" /><testcase classname="tests.test_capability_pairs" name="test_pairwise[3d-explicit-dispersive_ade-pmc-tiled_sheet-point-tensor_batch-float32-cuda_fused]" time="0.115" /><testcase classname="tests.test_capability_pairs" name="test_pairwise[3d-graded-dielectric-pec-sheet-point-tiled-float64-cpu]" time="0.115" /><testcase classname="tests.test_capability_pairs" name="test_pairwise[2d-uniform-dispersive_ade-bloch-point-point-tiled-float32-cuda_fused]" time="0.105" /><testcase classname="tests.test_capability_pairs" name="test_pairwise[3d-uniform-anisotropic_tensor-cpml-point-point-tiled-float32-cuda_torch]" time="0.105" /><testcase classname="tests.test_capability_pairs" name="test_pairwise[2d-uniform-dielectric-cpml-sheet-point-tiled-float64-cpu]" time="0.103" /><testcase classname="tests.test_capability_pairs" name="test_pairwise[3d-uniform-dielectric-cpml-tiled_sheet-point-tiled-float32-cpu]" time="0.104" /><testcase classname="tests.test_capability_pairs" name="test_pairwise[3d-graded-dielectric-bloch-sheet-radiation_box-forward-float64-cuda_torch]" time="0.303" /><testcase classname="tests.test_capability_pairs" name="test_pairwise[3d-uniform-dispersive_ade-periodic-tiled_sheet-radiation_box-forward-float32-cpu]" time="0.141" /><testcase classname="tests.test_capability_pairs" name="test_pairwise[3d-uniform-dispersive_ade-cpml-tiled_sheet-radiation_box-tensor_batch-float64-cuda_torch]" time="0.336" /><testcase classname="tests.test_capability_pairs" name="test_pairwise[3d-uniform-dielectric-cpml-tfsf-radiation_box-forward-float64-cpu]" time="0.141" /><testcase classname="tests.test_capability_pairs" name="test_pairwise[3d-uniform-dielectric-cpml-sheet-mode_port-forward-float32-cuda_torch]" time="0.553" /><testcase classname="tests.test_capability_pairs" name="test_pairwise[3d-uniform-dielectric-cpml-mode-plane_dft-forward-float32-cuda_torch]" time="0.217" /><testcase classname="tests.test_capability_pairs" name="test_pairwise[3d-uniform-tensor_ade-cpml-point-point-forward-float32-cuda_torch]" time="0.811" /><testcase classname="tests.test_capability_pairs" name="test_pairwise[3d-uniform-anisotropic_tensor-periodic-point-point-forward-float32-cpu]" time="0.203" /><testcase classname="tests.test_capability_pairs" name="test_pairwise[3d-explicit-dielectric-pmc-point-point-forward-float32-cuda_fused]" time="0.453" /><testcase classname="tests.test_capability_pairs" name="test_pairwise[2d-explicit-dispersive_ade-pec-point-point-forward-float32-cuda_fused]" time="0.154" /><testcase classname="tests.test_capability_pairs" name="test_pairwise[3d-uniform-dielectric-cpml-mode-mode_port-checkpointed_adjoint-float32-cpu]" time="0.767" /><testcase classname="tests.test_capability_pairs" name="test_pairwise[3d-uniform-dielectric-periodic-mode-plane_dft-checkpointed_adjoint-float32-cuda_torch]" time="0.279" /><testcase classname="tests.test_capability_pairs" name="test_pairwise[3d-uniform-tensor_ade-bloch-point-point-checkpointed_adjoint-float32-cpu]" time="7.454" /><testcase classname="tests.test_capability_pairs" name="test_pairwise[3d-uniform-anisotropic_tensor-cpml-point-point-checkpointed_adjoint-float32-cuda_torch]" time="0.636" /><testcase classname="tests.test_capability_pairs" name="test_pairwise[3d-uniform-dispersive_ade-periodic-tiled_sheet-radiation_box-checkpointed_adjoint-float64-cuda_fused]" time="0.441" /><testcase classname="tests.test_capability_pairs" name="test_pairwise[2d-uniform-dispersive_ade-cpml-sheet-point-checkpointed_adjoint-float32-cpu]" time="0.182" /><testcase classname="tests.test_capability_pairs" name="test_pairwise[2d-explicit-dielectric-antisymmetric-sheet-plane_dft-checkpointed_adjoint-float64-cuda_torch]" time="0.251" /><testcase classname="tests.test_capability_pairs" name="test_pairwise[2d-graded-dielectric-antisymmetric-tiled_sheet-point-checkpointed_adjoint-float64-cuda_fused]" time="0.296" /><testcase classname="tests.test_capability_pairs" name="test_pairwise[3d-uniform-dielectric-periodic-mode-plane_dft-streamed-float32-cuda_torch]" time="0.277" /><testcase classname="tests.test_capability_pairs" name="test_pairwise[3d-uniform-anisotropic_tensor-cpml-point-point-streamed-float32-cpu]" time="0.401" /><testcase classname="tests.test_capability_pairs" name="test_pairwise[2d-uniform-dispersive_ade-pec-sheet-point-streamed_adjoint-float32-cuda_torch]" time="0.699" /><testcase classname="tests.test_capability_pairs" name="test_pairwise[2d-graded-dielectric-bloch-point-point-streamed_adjoint-float32-cuda_fused]" time="0.391" /><testcase classname="tests.test_capability_pairs" name="test_pairwise[3d-uniform-dielectric-periodic-point-point-reversible_adjoint-float32-cuda_fused]" time="0.275" /><testcase classname="tests.test_capability_pairs" name="test_pairwise[3d-uniform-dielectric-periodic-sheet-radiation_box-reversible_adjoint-float32-cuda_fused]" time="0.373" /><testcase classname="tests.test_capability_pairs" name="test_pairwise[3d-uniform-dielectric-periodic-sheet-point-reversible_adjoint-float32-cpu]" time="0.156" /><testcase classname="tests.test_capability_pairs" name="test_pairwise[3d-graded-dielectric-periodic-tiled_sheet-point-tensor_batch-float64-cuda_torch]" time="0.255" /><testcase classname="tests.test_capability_pairs" name="test_pairwise[2d-uniform-dispersive_ade-cpml-tiled_sheet-plane_dft-tiled-float64-cuda_fused]" time="0.224" /><testcase classname="tests.test_capability_pairs" name="test_high_risk_combinations[ade_pmc_streamed_cuda]" time="0.303" /><testcase classname="tests.test_capability_pairs" name="test_high_risk_combinations[tensor_cpml_checkpointed_fp32]" time="0.867" /><testcase classname="tests.test_capability_pairs" name="test_high_risk_combinations[bloch_plane_tensor_batch]" time="0.108" /><testcase classname="tests.test_capability_pairs" name="test_high_risk_combinations[graded_mode_port_reversible]" time="0.104" /><testcase classname="tests.test_capability_pairs" name="test_high_risk_combinations[tensor_bloch_tensor_batch]" time="0.106" /><testcase classname="tests.test_capability_pairs" name="test_high_risk_combinations[tensor_bloch_forward_fused]" time="0.292" /><testcase classname="tests.test_capability_pairs" name="test_covering_array_covers_every_pair_rule_and_lane" time="0.004" /><testcase classname="tests.test_capability_pairs" name="test_registry_is_complete_and_every_rule_names_real_code" time="1.999" /><testcase classname="tests.test_capability_pairs" name="test_rendered_tables_and_json_match_the_registry" time="5.131" /><testcase classname="tests.test_capability_pairs" name="test_api_capabilities_serves_the_registry" time="0.130" /><testcase classname="tests.test_causal_halo" name="test_impulse_reaches_exact_causal_edge_and_exposes_insufficient_halo[1]" time="0.211" /><testcase classname="tests.test_causal_halo" name="test_impulse_reaches_exact_causal_edge_and_exposes_insufficient_halo[3]" time="0.365" /><testcase classname="tests.test_causal_halo" name="test_impulse_reaches_exact_causal_edge_and_exposes_insufficient_halo[6]" time="0.627" /><testcase classname="tests.test_cavity_resonance" name="test_pec_cavity_tm110_resonance_matches_discrete_then_continuum_eigenfrequency[1.0]" time="2.342" /><testcase classname="tests.test_cavity_resonance" name="test_pec_cavity_tm110_resonance_matches_discrete_then_continuum_eigenfrequency[1.5]" time="2.258" /><testcase classname="tests.test_checkpoint_completeness" name="test_solver_journal_carries_every_auxiliary_state_and_resumes[cpml]" time="10.248" /><testcase classname="tests.test_checkpoint_completeness" name="test_solver_journal_carries_every_auxiliary_state_and_resumes[faces]" time="8.498" /><testcase classname="tests.test_checkpoint_completeness" name="test_solver_journal_carries_every_auxiliary_state_and_resumes[ade]" time="11.023" /><testcase classname="tests.test_checkpoint_completeness" name="test_optimizer_restart_reproduces_the_uninterrupted_history_bitwise" time="77.904" /><testcase classname="tests.test_checkpoint_completeness" name="test_checkpoint_round_trip_restores_each_named_state" time="0.166" /><testcase classname="tests.test_checkpoint_completeness" name="test_checkpoint_missing_a_state_is_refused_by_name[iteration]" time="0.148" /><testcase classname="tests.test_checkpoint_completeness" name="test_checkpoint_missing_a_state_is_refused_by_name[parameters]" time="0.156" /><testcase classname="tests.test_checkpoint_completeness" name="test_checkpoint_missing_a_state_is_refused_by_name[optimizer]" time="0.144" /><testcase classname="tests.test_checkpoint_completeness" name="test_checkpoint_missing_a_state_is_refused_by_name[projection]" time="0.144" /><testcase classname="tests.test_checkpoint_completeness" name="test_checkpoint_missing_a_state_is_refused_by_name[rng]" time="0.146" /><testcase classname="tests.test_checkpoint_completeness" name="test_checkpoint_missing_a_state_is_refused_by_name[waveform]" time="0.166" /><testcase classname="tests.test_checkpoint_completeness" name="test_checkpoint_missing_a_state_is_refused_by_name[fingerprint]" time="0.146" /><testcase classname="tests.test_checkpoint_completeness" name="test_checkpoint_missing_a_state_is_refused_by_name[history]" time="0.140" /><testcase classname="tests.test_checkpoint_completeness" name="test_checkpoint_refuses_another_configuration_waveform_or_damage" time="0.396" /><testcase classname="tests.test_checkpoint_completeness" name="test_checkpoint_with_a_pickled_object_is_refused_without_executing_it" time="0.135" /><testcase classname="tests.test_clean_install" name="test_record_is_complete_and_every_step_passed" time="0.003" /><testcase classname="tests.test_clean_install" name="test_wheel_in_the_record_carries_the_committed_browser_assets" time="2.058" /><testcase classname="tests.test_clean_install" name="test_record_matches_the_current_packaging_inputs_and_wheel" time="1.472" /><testcase classname="tests.test_clean_install" name="test_every_runnable_readme_block_passed_on_the_installed_wheel" time="0.005" /><testcase classname="tests.test_clean_install" name="test_doctor_reports_are_consistent_with_each_environment" time="0.003" /><testcase classname="tests.test_clean_install" name="test_readme_block_parser_reads_markers_and_languages" time="0.001" /><testcase classname="tests.test_clean_install" name="test_block_timeout_is_recorded_as_failed_with_its_output" time="2.152" /><testcase classname="tests.test_compatibility_policy" name="test_every_public_name_is_documented_and_no_stale_name_remains" time="0.001" /><testcase classname="tests.test_compatibility_policy" name="test_format_version_constants_match_the_code" time="0.056" /><testcase classname="tests.test_compatibility_policy" name="test_version_strings_agree_across_pyproject_server_and_document" time="0.002" /><testcase classname="tests.test_compatibility_policy" name="test_changelog_cites_real_commits_and_carries_the_result_impact_section" time="0.640" /><testcase classname="tests.test_compatibility_policy" name="test_severity_scale_and_bug_template_ask_for_platform_report_and_minimal_repro" time="0.001" /><testcase classname="tests.test_completion_program_documents" name="test_program_text_matches_the_recorded_specification_hash" time="0.002" /><testcase classname="tests.test_completion_program_documents" name="test_gate_file_lists_every_stage_with_dependencies_and_profiles" time="0.002" /><testcase classname="tests.test_completion_program_documents" name="test_release_scope_separates_profiles_and_blocks_hpc_without_two_devices" time="0.001" /><testcase classname="tests.test_completion_program_documents" name="test_plan_points_to_the_program_and_handoff_has_the_required_sections" time="0.002" /><testcase classname="tests.test_complex_cuda" name="test_complex_cuda_state_cpml_and_density_vjp[dtype0-False]" time="0.244" /><testcase classname="tests.test_complex_cuda" name="test_complex_cuda_state_cpml_and_density_vjp[dtype0-True]" time="0.283" /><testcase classname="tests.test_complex_cuda" name="test_complex_cuda_state_cpml_and_density_vjp[dtype1-False]" time="0.275" /><testcase classname="tests.test_complex_cuda" name="test_complex_cuda_state_cpml_and_density_vjp[dtype1-True]" time="0.278" /><testcase classname="tests.test_complex_cuda" name="test_three_dimensional_negative_seams_and_disk_replay[dtype0]" time="0.350" /><testcase classname="tests.test_complex_cuda" name="test_three_dimensional_negative_seams_and_disk_replay[dtype1]" time="0.371" /><testcase classname="tests.test_complex_cuda_adjoint" name="test_fused_complex_backward_against_full_autograd[dtype0-False]" time="0.251" /><testcase classname="tests.test_complex_cuda_adjoint" name="test_fused_complex_backward_against_full_autograd[dtype0-True]" time="0.269" /><testcase classname="tests.test_complex_cuda_adjoint" name="test_fused_complex_backward_against_full_autograd[dtype1-False]" time="0.246" /><testcase classname="tests.test_complex_cuda_adjoint" name="test_fused_complex_backward_against_full_autograd[dtype1-True]" time="0.292" /><testcase classname="tests.test_complex_cuda_adjoint" name="test_random_state_and_cpml_adjoint_buffers[dtype0]" time="0.082" /><testcase classname="tests.test_complex_cuda_adjoint" name="test_random_state_and_cpml_adjoint_buffers[dtype1]" time="0.087" /><testcase classname="tests.test_complex_cuda_adjoint" name="test_three_dimensional_seams_and_async_disk_replay[x]" time="0.450" /><testcase classname="tests.test_complex_cuda_adjoint" name="test_three_dimensional_seams_and_async_disk_replay[z]" time="0.389" /><testcase classname="tests.test_complex_cuda_adjoint" name="test_longer_float32_replay_with_torch_forward" time="2.625" /><testcase classname="tests.test_complex_spacetime" name="test_interior_bloch_tile_needs_no_phase_materialization" time="0.005" /><testcase classname="tests.test_complex_spacetime" name="test_packed_interior_tile_does_not_alias_restart_or_epsilon" time="0.006" /><testcase classname="tests.test_complex_spacetime" name="test_complex_slab_against_resident_autograd[None-0-3-False-False-dtype0]" time="0.088" /><testcase classname="tests.test_complex_spacetime" name="test_complex_slab_against_resident_autograd[None-0-3-False-False-dtype1]" time="0.049" /><testcase classname="tests.test_complex_spacetime" name="test_complex_slab_against_resident_autograd[None-0-18-True-True-dtype0]" time="0.572" /><testcase classname="tests.test_complex_spacetime" name="test_complex_slab_against_resident_autograd[None-0-18-True-True-dtype1]" time="0.579" /><testcase classname="tests.test_complex_spacetime" name="test_complex_slab_against_resident_autograd[None-2-3-False-False-dtype0]" time="0.054" /><testcase classname="tests.test_complex_spacetime" name="test_complex_slab_against_resident_autograd[None-2-3-False-False-dtype1]" time="0.052" /><testcase classname="tests.test_complex_spacetime" name="test_complex_slab_against_resident_autograd[None-2-18-True-True-dtype0]" time="0.298" /><testcase classname="tests.test_complex_spacetime" name="test_complex_slab_against_resident_autograd[None-2-18-True-True-dtype1]" time="0.298" /><testcase classname="tests.test_complex_spacetime" name="test_complex_slab_against_resident_autograd[x-0-3-False-False-dtype0]" time="0.081" /><testcase classname="tests.test_complex_spacetime" name="test_complex_slab_against_resident_autograd[x-0-3-False-False-dtype1]" time="0.083" /><testcase classname="tests.test_complex_spacetime" name="test_complex_slab_against_resident_autograd[x-0-18-True-True-dtype0]" time="0.977" /><testcase classname="tests.test_complex_spacetime" name="test_complex_slab_against_resident_autograd[x-0-18-True-True-dtype1]" time="1.040" /><testcase classname="tests.test_complex_spacetime" name="test_complex_slab_against_resident_autograd[x-2-3-False-False-dtype0]" time="0.076" /><testcase classname="tests.test_complex_spacetime" name="test_complex_slab_against_resident_autograd[x-2-3-False-False-dtype1]" time="0.072" /><testcase classname="tests.test_complex_spacetime" name="test_complex_slab_against_resident_autograd[x-2-18-True-True-dtype0]" time="0.459" /><testcase classname="tests.test_complex_spacetime" name="test_complex_slab_against_resident_autograd[x-2-18-True-True-dtype1]" time="0.485" /><testcase classname="tests.test_complex_spacetime" name="test_complex_slab_against_resident_autograd[z-0-3-False-False-dtype0]" time="0.076" /><testcase classname="tests.test_complex_spacetime" name="test_complex_slab_against_resident_autograd[z-0-3-False-False-dtype1]" time="0.081" /><testcase classname="tests.test_complex_spacetime" name="test_complex_slab_against_resident_autograd[z-0-18-True-True-dtype0]" time="1.367" /><testcase classname="tests.test_complex_spacetime" name="test_complex_slab_against_resident_autograd[z-0-18-True-True-dtype1]" time="1.782" /><testcase classname="tests.test_complex_spacetime" name="test_complex_slab_against_resident_autograd[z-2-3-False-False-dtype0]" time="0.125" /><testcase classname="tests.test_complex_spacetime" name="test_complex_slab_against_resident_autograd[z-2-3-False-False-dtype1]" time="0.156" /><testcase classname="tests.test_complex_spacetime" name="test_complex_slab_against_resident_autograd[z-2-18-True-True-dtype0]" time="0.726" /><testcase classname="tests.test_complex_spacetime" name="test_complex_slab_against_resident_autograd[z-2-18-True-True-dtype1]" time="0.822" /><testcase classname="tests.test_complex_spacetime" name="test_complex_file_banks_match_host_blocks[dtype0]" time="0.303" /><testcase classname="tests.test_complex_spacetime" name="test_complex_file_banks_match_host_blocks[dtype1]" time="0.292" /><testcase classname="tests.test_complex_spacetime" name="test_complex_reservation_counts_field_bytes_and_rejects_small_budget" time="0.009" /><testcase classname="tests.test_complex_spacetime_cuda" name="test_cuda_complex_block_and_transpose[None-sync-dlpack-host-dtype0]" time="0.683" /><testcase classname="tests.test_complex_spacetime_cuda" name="test_cuda_complex_block_and_transpose[None-sync-dlpack-host-dtype1]" time="0.705" /><testcase classname="tests.test_complex_spacetime_cuda" name="test_cuda_complex_block_and_transpose[None-async-direct-host-dtype0]" time="0.376" /><testcase classname="tests.test_complex_spacetime_cuda" name="test_cuda_complex_block_and_transpose[None-async-direct-host-dtype1]" time="0.316" /><testcase classname="tests.test_complex_spacetime_cuda" name="test_cuda_complex_block_and_transpose[None-async-direct-disk-dtype0]" time="0.356" /><testcase classname="tests.test_complex_spacetime_cuda" name="test_cuda_complex_block_and_transpose[None-async-direct-disk-dtype1]" time="0.312" /><testcase classname="tests.test_complex_spacetime_cuda" name="test_cuda_complex_block_and_transpose[x-sync-dlpack-host-dtype0]" time="0.946" /><testcase classname="tests.test_complex_spacetime_cuda" name="test_cuda_complex_block_and_transpose[x-sync-dlpack-host-dtype1]" time="0.726" /><testcase classname="tests.test_complex_spacetime_cuda" name="test_cuda_complex_block_and_transpose[x-async-direct-host-dtype0]" time="0.323" /><testcase classname="tests.test_complex_spacetime_cuda" name="test_cuda_complex_block_and_transpose[x-async-direct-host-dtype1]" time="0.350" /><testcase classname="tests.test_complex_spacetime_cuda" name="test_cuda_complex_block_and_transpose[x-async-direct-disk-dtype0]" time="0.402" /><testcase classname="tests.test_complex_spacetime_cuda" name="test_cuda_complex_block_and_transpose[x-async-direct-disk-dtype1]" time="0.414" /><testcase classname="tests.test_complex_spacetime_cuda" name="test_cuda_complex_block_and_transpose[z-sync-dlpack-host-dtype0]" time="1.019" /><testcase classname="tests.test_complex_spacetime_cuda" name="test_cuda_complex_block_and_transpose[z-sync-dlpack-host-dtype1]" time="0.991" /><testcase classname="tests.test_complex_spacetime_cuda" name="test_cuda_complex_block_and_transpose[z-async-direct-host-dtype0]" time="0.406" /><testcase classname="tests.test_complex_spacetime_cuda" name="test_cuda_complex_block_and_transpose[z-async-direct-host-dtype1]" time="0.458" /><testcase classname="tests.test_complex_spacetime_cuda" name="test_cuda_complex_block_and_transpose[z-async-direct-disk-dtype0]" time="0.451" /><testcase classname="tests.test_complex_spacetime_cuda" name="test_cuda_complex_block_and_transpose[z-async-direct-disk-dtype1]" time="0.437" /><testcase classname="tests.test_complex_streamed" name="test_complex_streamed_history_and_spectrum[0-host-cpu]" time="1.092" /><testcase classname="tests.test_complex_streamed" name="test_complex_streamed_history_and_spectrum[0-host-cuda]" time="1.632" /><testcase classname="tests.test_complex_streamed" name="test_complex_streamed_history_and_spectrum[0-disk-cpu]" time="2.169" /><testcase classname="tests.test_complex_streamed" name="test_complex_streamed_history_and_spectrum[0-disk-cuda]" time="2.025" /><testcase classname="tests.test_complex_streamed" name="test_complex_streamed_history_and_spectrum[2-host-cpu]" time="1.026" /><testcase classname="tests.test_complex_streamed" name="test_complex_streamed_history_and_spectrum[2-host-cuda]" time="1.134" /><testcase classname="tests.test_complex_streamed" name="test_complex_streamed_history_and_spectrum[2-disk-cpu]" time="1.310" /><testcase classname="tests.test_complex_streamed" name="test_complex_streamed_history_and_spectrum[2-disk-cuda]" time="1.567" /><testcase classname="tests.test_complex_streamed" name="test_complex_policy_tuning_uses_real_loss" time="1.640" /><testcase classname="tests.test_conventions" name="test_native_point_and_plane_dft_use_the_positive_sign_with_dt_normalization" time="0.002" /><testcase classname="tests.test_conventions" name="test_differentiable_point_spectrum_uses_the_negative_sign_and_the_half_step_for_h" time="0.001" /><testcase classname="tests.test_conventions" name="test_native_and_differentiable_planes_match_the_documented_dft_and_sample_times" time="0.044" /><testcase classname="tests.test_conventions" name="test_bloch_field_is_multiplied_by_exp_plus_i_phase_per_positive_period" time="0.004" /><testcase classname="tests.test_conventions" name="test_e_is_tagged_at_n_plus_one_dt_and_h_half_a_step_later" time="0.015" /><testcase classname="tests.test_conventions" name="test_flux_density_is_half_re_e_cross_h_conjugate_along_the_positive_normal" time="0.001" /><testcase classname="tests.test_conventions" name="test_two_dimensional_flux_is_signed_power_per_unit_length_with_unit_reduced_impedance" time="0.290" /><testcase classname="tests.test_conventions" name="test_reduced_units_and_si_calibration" time="0.023" /><testcase classname="tests.test_conventions" name="test_lossy_exterior_uses_exp_minus_i_omega_t_phasors_with_decaying_exp_ikr" time="0.012" /><testcase classname="tests.test_convergence" name="test_planner_keeps_physical_duration_domain_pml_and_inputs" time="0.004" /><testcase classname="tests.test_convergence" name="test_real_slab_spectrum_convergence_and_analytic_error" time="14.801" /><testcase classname="tests.test_convergence" name="test_invalid_observables_and_cancellation_do_not_report_success" time="0.047" /><testcase classname="tests.test_convergence" name="test_strict_tolerance_reports_nonconvergence" time="0.048" /><testcase classname="tests.test_convergence" name="test_graded_reference_uses_frozen_sample_nodes" time="0.232" /><testcase classname="tests.test_cpu_gpu_adjoint_benchmark" name="test_comparison_rejects_a_missing_group_tail_corruption_and_nonfinite" time="0.021" /><testcase classname="tests.test_cpu_gpu_adjoint_benchmark" name="test_ratios_use_cpu_medians_and_keep_gpu_regressions" time="0.001" /><testcase classname="tests.test_cpu_gpu_adjoint_benchmark" name="test_actual_cpu_resident_cuda_and_async_dram_driver[False]" time="3.094" /><testcase classname="tests.test_cpu_gpu_adjoint_benchmark" name="test_actual_cpu_resident_cuda_and_async_dram_driver[True]" time="3.491" /><testcase classname="tests.test_cpu_gpu_adjoint_benchmark" name="test_non_smoke_and_host_denial_precede_execution" time="0.004" /><testcase classname="tests.test_cpu_gpu_adjoint_benchmark" name="test_failure_cannot_publish_a_speed_ratio" time="0.317" /><testcase classname="tests.test_cpu_gpu_adjoint_benchmark" name="test_budget_denial_and_dry_plan_do_not_execute_fields" time="0.094" /><testcase classname="tests.test_cr_directional_check" name="test_direction_sweep_detects_incorrect_gradient_and_taylor_order" time="0.003" /><testcase classname="tests.test_cr_directional_check" name="test_direction_check_rejects_invalid_perturbations_before_evaluation[steps0]" time="0.001" /><testcase classname="tests.test_cr_directional_check" name="test_direction_check_rejects_invalid_perturbations_before_evaluation[steps1]" time="0.001" /><testcase classname="tests.test_cr_directional_check" name="test_direction_check_rejects_invalid_perturbations_before_evaluation[steps2]" time="0.001" /><testcase classname="tests.test_cr_directional_check" name="test_direction_check_rejects_invalid_perturbations_before_evaluation[steps3]" time="0.001" /><testcase classname="tests.test_cr_directional_check" name="test_direction_check_rejects_invalid_perturbations_before_evaluation[steps4]" t
[...]
ts.test_streamed_work" name="test_metadata_matches_actual_file_io_and_executed_work[nonperiodic-10-3-4-0-0-False]" time="0.395" /><testcase classname="tests.test_streamed_work" name="test_metadata_matches_actual_file_io_and_executed_work[nonperiodic-11-3-4-1-1-True]" time="0.409" /><testcase classname="tests.test_streamed_work" name="test_metadata_matches_actual_file_io_and_executed_work[periodic-12-6-3-0-1-False]" time="0.223" /><testcase classname="tests.test_streamed_work" name="test_metadata_matches_actual_file_io_and_executed_work[bloch-13-6-3-1-0-True]" time="0.367" /><testcase classname="tests.test_streamed_work" name="test_metadata_matches_actual_file_io_and_executed_work[mixed2d-10-13-32-2-2-False]" time="0.081" /><testcase classname="tests.test_subpixel" name="test_line_integrals_resolve_all_primitives_and_overlaps[rectangle]" time="0.003" /><testcase classname="tests.test_subpixel" name="test_line_integrals_resolve_all_primitives_and_overlaps[sphere]" time="0.002" /><testcase classname="tests.test_subpixel" name="test_line_integrals_resolve_all_primitives_and_overlaps[circle]" time="0.003" /><testcase classname="tests.test_subpixel" name="test_line_integrals_resolve_all_primitives_and_overlaps[ring]" time="0.003" /><testcase classname="tests.test_subpixel" name="test_line_integrals_resolve_all_primitives_and_overlaps[polygon]" time="0.003" /><testcase classname="tests.test_subpixel" name="test_off_grid_planar_interface_matches_exact_edge_and_dual_face_fractions[0]" time="0.034" /><testcase classname="tests.test_subpixel" name="test_off_grid_planar_interface_matches_exact_edge_and_dual_face_fractions[1]" time="0.027" /><testcase classname="tests.test_subpixel" name="test_off_grid_planar_interface_matches_exact_edge_and_dual_face_fractions[2]" time="0.028" /><testcase classname="tests.test_subpixel" name="test_assembled_operator_is_hermitian_positive_and_cfl_bounded[2d-False-1.5]" time="0.015" /><testcase classname="tests.test_subpixel" name="test_assembled_operator_is_hermitian_positive_and_cfl_bounded[2d-False-20]" time="0.017" /><testcase classname="tests.test_subpixel" name="test_assembled_operator_is_hermitian_positive_and_cfl_bounded[2d-True-1.5]" time="0.016" /><testcase classname="tests.test_subpixel" name="test_assembled_operator_is_hermitian_positive_and_cfl_bounded[2d-True-20]" time="0.015" /><testcase classname="tests.test_subpixel" name="test_assembled_operator_is_hermitian_positive_and_cfl_bounded[3d-False-1.5]" time="0.100" /><testcase classname="tests.test_subpixel" name="test_assembled_operator_is_hermitian_positive_and_cfl_bounded[3d-False-20]" time="0.094" /><testcase classname="tests.test_subpixel" name="test_assembled_operator_is_hermitian_positive_and_cfl_bounded[3d-True-1.5]" time="0.228" /><testcase classname="tests.test_subpixel" name="test_assembled_operator_is_hermitian_positive_and_cfl_bounded[3d-True-20]" time="0.219" /><testcase classname="tests.test_subpixel" name="test_high_contrast_leapfrog_energy_is_conserved_for_3000_steps[False]" time="0.280" /><testcase classname="tests.test_subpixel" name="test_high_contrast_leapfrog_energy_is_conserved_for_3000_steps[True]" time="0.334" /><testcase classname="tests.test_subpixel" name="test_unsupported_physics_is_explicit_and_old_projects_keep_staircase" time="0.002" /><testcase classname="tests.test_subpixel" name="test_rotated_elliptical_primitives_match_dense_line_quadrature[rectangle]" time="0.115" /><testcase classname="tests.test_subpixel" name="test_rotated_elliptical_primitives_match_dense_line_quadrature[sphere]" time="0.107" /><testcase classname="tests.test_subpixel" name="test_rotated_elliptical_primitives_match_dense_line_quadrature[circle]" time="0.123" /><testcase classname="tests.test_subpixel" name="test_rotated_elliptical_primitives_match_dense_line_quadrature[ring]" time="0.155" /><testcase classname="tests.test_subpixel" name="test_rotated_elliptical_primitives_match_dense_line_quadrature[polygon]" time="0.179" /><testcase classname="tests.test_subpixel" name="test_sphere_face_quadrature_converges_to_independent_disk_area" time="0.014" /><testcase classname="tests.test_subpixel" name="test_axis_spacing_operator_and_nonuniform_rejection" time="0.387" /><testcase classname="tests.test_subpixel" name="test_empty_homogeneous_case_keeps_legacy_fields_exactly" time="0.096" /><testcase classname="tests.test_subpixel" name="test_interface_buffers_do_not_keep_finished_grids_alive[False]" time="0.015" /><testcase classname="tests.test_subpixel" name="test_interface_buffers_do_not_keep_finished_grids_alive[True]" time="0.085" /><testcase classname="tests.test_subpixel" name="test_python_facade_roundtrip_and_result_metadata" time="0.098" /><testcase classname="tests.test_subpixel" name="test_cpu_cuda_graph_and_tensor_cohorts_agree[float32-2d]" time="0.680" /><testcase classname="tests.test_subpixel" name="test_cpu_cuda_graph_and_tensor_cohorts_agree[float32-3d]" time="1.527" /><testcase classname="tests.test_subpixel" name="test_cpu_cuda_graph_and_tensor_cohorts_agree[float64-2d]" time="0.624" /><testcase classname="tests.test_subpixel" name="test_cpu_cuda_graph_and_tensor_cohorts_agree[float64-3d]" time="1.436" /><testcase classname="tests.test_subpixel" name="test_complex_bloch_cpu_and_cuda_torch_paths_agree" time="0.195" /><testcase classname="tests.test_suite_policy" name="test_cuda_marker_rules" time="9.381" /><testcase classname="tests.test_suite_policy" name="test_gpu_required_turns_cuda_skips_into_failures" time="3.682" /><testcase classname="tests.test_suite_policy" name="test_without_gpu_required_cuda_skips_stay_skips" time="3.858" /><testcase classname="tests.test_suite_policy" name="test_cpu_pr_suite_hides_cuda_and_deselects_cuda_and_long_tests" time="0.073" /><testcase classname="tests.test_suite_policy" name="test_gpu_nightly_suite_requires_the_gpu_and_excludes_long_tests" time="0.074" /><testcase classname="tests.test_suite_policy" name="test_release_full_suite_enables_opt_in_tests" time="0.074" /><testcase classname="tests.test_suite_policy" name="test_gpu_suites_refuse_to_run_without_a_cuda_device" time="2.334" /><testcase classname="tests.test_suite_policy" name="test_markers_are_declared_in_pyproject" time="0.001" /><testcase classname="tests.test_tensor_batch" name="test_tensor_cohort_isolated_and_matches_independent_fields[float32-2d]" time="0.278" /><testcase classname="tests.test_tensor_batch" name="test_tensor_cohort_isolated_and_matches_independent_fields[float32-3d]" time="0.759" /><testcase classname="tests.test_tensor_batch" name="test_tensor_cohort_isolated_and_matches_independent_fields[float64-2d]" time="0.224" /><testcase classname="tests.test_tensor_batch" name="test_tensor_cohort_isolated_and_matches_independent_fields[float64-3d]" time="0.756" /><testcase classname="tests.test_tensor_batch" name="test_tensor_material_is_rejected_before_any_grid_is_built" time="0.003" /><testcase classname="tests.test_tensor_batch" name="test_tensor_graded_multipole_frequency_planes_and_eager" time="0.674" /><testcase classname="tests.test_tensor_batch" name="test_tensor_rejects_incompatible_semantics_and_preserves_backend_state" time="0.025" /><testcase classname="tests.test_tensor_batch" name="test_tensor_cancellation_empty_sources_and_objective_failure" time="0.044" /><testcase classname="tests.test_tensor_batch" name="test_split_cohorts_match_and_cancel_pending_cases" time="0.269" /><testcase classname="tests.test_tensor_batch" name="test_sparse_host_schedule_preserves_different_observation_intervals" time="0.104" /><testcase classname="tests.test_tensor_material_surface" name="test_unused_tensor_does_not_change_scalar_voxelization" time="0.002" /><testcase classname="tests.test_tensor_material_surface" name="test_tensor_has_no_misleading_scalar_optical_preview" time="0.042" /><testcase classname="tests.test_tensor_native" name="test_native_tensor_dispatch_trace_fields_and_npz[False]" time="0.110" /><testcase classname="tests.test_tensor_native" name="test_native_tensor_dispatch_trace_fields_and_npz[True]" time="0.150" /><testcase classname="tests.test_tensor_native" name="test_native_tensor_cancel_diagnostics_and_preallocation" time="0.084" /><testcase classname="tests.test_tensor_native" name="test_native_uniform_rotated_tensor_independent_fourier_recurrence[False]" time="0.052" /><testcase classname="tests.test_tensor_native" name="test_native_uniform_rotated_tensor_independent_fourier_recurrence[True]" time="0.048" /><testcase classname="tests.test_tensor_native_cuda" name="test_native_tensor_cuda_periodic_bloch_cpml_and_material_table_vjp" time="1.850" /><testcase classname="tests.test_tensor_packet" name="test_mixed_precision_complex_integer_and_alignment" time="0.004" /><testcase classname="tests.test_tensor_packet" name="test_homogeneous_fast_path_and_layout_guard" time="0.001" /><testcase classname="tests.test_tensor_packet" name="test_cpu_workspace_mixed_roundtrip" time="0.001" /><testcase classname="tests.test_tensor_packet" name="test_direct_packet_has_identical_bytes_without_contiguous_temporaries[False]" time="0.001" /><testcase classname="tests.test_tensor_packet" name="test_direct_packet_has_identical_bytes_without_contiguous_temporaries[True]" time="0.001" /><testcase classname="tests.test_tensor_packet" name="test_packet_destination_rejects_alias_grad_and_strided_storage" time="0.001" /><testcase classname="tests.test_tensor_packet" name="test_packet_slots_reuse_input_and_output_allocations_without_aliasing_inputs" time="0.001" /><testcase classname="tests.test_tensor_packet" name="test_output_layout_changes_do_not_flush_input_kernel_bindings" time="0.001" /><testcase classname="tests.test_tensor_project" name="test_schema_and_pre_scalar_scope_rejection" time="0.003" /><testcase classname="tests.test_tensor_project" name="test_node_coordinates_precedence_graph_and_budget" time="0.009" /><testcase classname="tests.test_tensor_project" name="test_actual_field_six_material_derivatives" time="0.498" /><testcase classname="tests.test_tensor_project" name="test_cpml_fixed_node_collar_rejected_not_overwritten" time="0.011" /><testcase classname="tests.test_tensor_project" name="test_bloch_adapter_trace_and_material_graph_match_core" time="0.358" /><testcase classname="tests.test_tensor_slab_acceptance" name="test_transfer_matrix_oracle_limits" time="0.001" /><testcase classname="tests.test_tensor_slab_acceptance" name="test_birefringent_slab_channels_refine_toward_transfer_matrix_and_index_vjp" time="37.818" /><testcase classname="tests.test_tensor_surface_guards" name="test_tensor_session_edit_is_explicit_and_transactional" time="0.002" /><testcase classname="tests.test_tensor_surface_guards" name="test_inactive_tensor_does_not_break_closed_pmc_rasterization" time="0.050" /><testcase classname="tests.test_tensor_surface_guards" name="test_fsp_reports_unused_tensor_without_rewriting_file" time="0.006" /><testcase classname="tests.test_tensor_surface_guards" name="test_gpu_reservation_reporting_includes_adapter_without_gpu" time="0.001" /><testcase classname="tests.test_tfsf" name="test_closed_box_against_independent_discrete_fields[+-2d]" time="0.097" /><testcase classname="tests.test_tfsf" name="test_closed_box_against_independent_discrete_fields[+-3d]" time="1.160" /><testcase classname="tests.test_tfsf" name="test_closed_box_against_independent_discrete_fields[--2d]" time="0.092" /><testcase classname="tests.test_tfsf" name="test_closed_box_against_independent_discrete_fields[--3d]" time="1.133" /><testcase classname="tests.test_tfsf" name="test_tfsf_cuda_graph_eager_tensor_vector_and_scatterer[float32]" time="1.628" /><testcase classname="tests.test_tfsf" name="test_tfsf_cuda_graph_eager_tensor_vector_and_scatterer[float64]" time="1.600" /><testcase classname="tests.test_tfsf" name="test_tfsf_geometry_material_guards_preview_and_source_end" time="0.026" /><testcase classname="tests.test_tfsf" name="test_tfsf_background_index_and_graded_dispersive_scatterer" time="0.303" /><testcase classname="tests.test_tfsf" name="test_tfsf_overlapping_boxes_and_soft_source_preserve_superposition" time="0.288" /><testcase classname="tests.test_tfsf" name="test_tfsf_incident_energy_is_checked_and_delayed_drive_cannot_stop" time="0.039" /><testcase classname="tests.test_tfsf" name="test_tfsf_sphere_mie_reference_and_measured_scattering" time="2.196" /><testcase classname="tests.test_tfsf" name="test_tfsf_auto_shutoff_preserves_prefix_after_incident_line_drains" time="0.369" /><testcase classname="tests.test_tile_workspace" name="test_workspace_reuses_storage_and_invalidates_old_pointer_bindings" time="0.001" /><testcase classname="tests.test_tile_workspace" name="test_direct_view_owns_offset_allocation_on_nondefault_stream[dtype0]" time="0.179" /><testcase classname="tests.test_tile_workspace" name="test_direct_view_owns_offset_allocation_on_nondefault_stream[dtype1]" time="0.187" /><testcase classname="tests.test_tile_workspace" name="test_direct_view_owns_offset_allocation_on_nondefault_stream[dtype2]" time="0.166" /><testcase classname="tests.test_tile_workspace" name="test_reused_streamed_workspaces_match_unreused_on_nondefault_stream[0-0-direct]" time="1.976" /><testcase classname="tests.test_tile_workspace" name="test_reused_streamed_workspaces_match_unreused_on_nondefault_stream[0-0-dlpack]" time="0.844" /><testcase classname="tests.test_tile_workspace" name="test_reused_streamed_workspaces_match_unreused_on_nondefault_stream[0-2-direct]" time="0.681" /><testcase classname="tests.test_tile_workspace" name="test_reused_streamed_workspaces_match_unreused_on_nondefault_stream[0-2-dlpack]" time="0.997" /><testcase classname="tests.test_tile_workspace" name="test_reused_streamed_workspaces_match_unreused_on_nondefault_stream[1-0-direct]" time="0.696" /><testcase classname="tests.test_tile_workspace" name="test_reused_streamed_workspaces_match_unreused_on_nondefault_stream[1-0-dlpack]" time="0.992" /><testcase classname="tests.test_tile_workspace" name="test_reused_streamed_workspaces_match_unreused_on_nondefault_stream[1-2-direct]" time="0.702" /><testcase classname="tests.test_tile_workspace" name="test_reused_streamed_workspaces_match_unreused_on_nondefault_stream[1-2-dlpack]" time="0.904" /><testcase classname="tests.test_tile_workspace" name="test_reused_streamed_workspaces_match_unreused_on_nondefault_stream[2-0-direct]" time="0.630" /><testcase classname="tests.test_tile_workspace" name="test_reused_streamed_workspaces_match_unreused_on_nondefault_stream[2-0-dlpack]" time="0.752" /><testcase classname="tests.test_tile_workspace" name="test_reused_streamed_workspaces_match_unreused_on_nondefault_stream[2-2-direct]" time="0.650" /><testcase classname="tests.test_tile_workspace" name="test_reused_streamed_workspaces_match_unreused_on_nondefault_stream[2-2-dlpack]" time="0.791" /><testcase classname="tests.test_tile_workspace" name="test_reused_streamed_workspaces_match_unreused_on_nondefault_stream[3-0-direct]" time="0.708" /><testcase classname="tests.test_tile_workspace" name="test_reused_streamed_workspaces_match_unreused_on_nondefault_stream[3-0-dlpack]" time="0.754" /><testcase classname="tests.test_tile_workspace" name="test_reused_streamed_workspaces_match_unreused_on_nondefault_stream[3-2-direct]" time="0.645" /><testcase classname="tests.test_tile_workspace" name="test_reused_streamed_workspaces_match_unreused_on_nondefault_stream[3-2-dlpack]" time="0.833" /><testcase classname="tests.test_tile_workspace" name="test_cuda_packets_reuse_staging_on_nondefault_stream[False]" time="0.004" /><testcase classname="tests.test_tile_workspace" name="test_cuda_packets_reuse_staging_on_nondefault_stream[True]" time="0.003" /><testcase classname="tests.test_tile_workspace" name="test_async_pipeline_drains_after_partial_failure_and_can_retry[_tile]" time="0.079" /><testcase classname="tests.test_tile_workspace" name="test_async_pipeline_drains_after_partial_failure_and_can_retry[_return]" time="0.032" /><testcase classname="tests.test_tile_workspace" name="test_output_growth_does_not_hold_expired_cuda_allocation" time="0.004" /><testcase classname="tests.test_tiled" name="test_plan_geometry_node_alignment_edge_clipping_and_crossing_structures" time="0.045" /><testcase classname="tests.test_tiled" name="test_plan_rejections_and_overlap_suggestion" time="0.037" /><testcase classname="tests.test_tiled" name="test_stitching_is_exact_for_cuts_of_one_field[2d]" time="0.010" /><testcase classname="tests.test_tiled" name="test_stitching_is_exact_for_cuts_of_one_field[3d]" time="0.027" /><testcase classname="tests.test_tiled" name="test_angular_spectrum_matches_tilted_plane_wave_and_paraxial_gaussian[False]" time="0.258" /><testcase classname="tests.test_tiled" name="test_angular_spectrum_matches_tilted_plane_wave_and_paraxial_gaussian[True]" time="0.011" /><testcase classname="tests.test_tiled" name="test_two_dimensional_device_error_and_indicator_decrease_with_overlap" time="6.428" /><testcase classname="tests.test_tiled" name="test_run_tiled_rejections_and_report" time="0.231" /><testcase classname="tests.test_tiled" name="test_batch_executor_matches_sequential" time="5.606" /><testcase classname="tests.test_tiled" name="test_tiled_adjoint_matches_central_differences_and_full_device_gradient" time="23.360" /><testcase classname="tests.test_tiled" name="test_tiled_simulation_rejections" time="0.015" /><testcase classname="tests.test_tiled" name="test_cuda_executors_and_differentiable_forward_agree" time="6.370" /><testcase classname="tests.test_torch_interop" name="test_import_preserves_callers_torch_training_defaults" time="3.153" /><testcase classname="tests.test_tuning" name="test_measured_tuning_checks_outputs_and_saves_complete_cost" time="3.309" /><testcase classname="tests.test_tuning" name="test_tuning_memory_rejection_and_cancellation" time="0.968" /><testcase classname="tests.test_tuning" name="test_tensor_design_matches_independent_forward_design_and_rejects_resume" time="0.602" /><testcase classname="tests.test_vector_sources" name="test_vector_injection_matches_independent_fourier_solution[E-2d]" time="0.020" /><testcase classname="tests.test_vector_sources" name="test_vector_injection_matches_independent_fourier_solution[E-3d]" time="0.042" /><testcase classname="tests.test_vector_sources" name="test_vector_injection_matches_independent_fourier_solution[H-2d]" time="0.021" /><testcase classname="tests.test_vector_sources" name="test_vector_injection_matches_independent_fourier_solution[H-3d]" time="0.040" /><testcase classname="tests.test_vector_sources" name="test_vector_is_normalized_linear_superposition_and_preview[E]" time="0.130" /><testcase classname="tests.test_vector_sources" name="test_vector_is_normalized_linear_superposition_and_preview[H]" time="0.140" /><testcase classname="tests.test_vector_sources" name="test_mixed_vector_sources_cuda_graph_fused_and_tensor_batch[float32]" time="0.440" /><testcase classname="tests.test_vector_sources" name="test_mixed_vector_sources_cuda_graph_fused_and_tensor_batch[float64]" time="0.465" /><testcase classname="tests.test_vector_sources" name="test_fsp_vector_mapping_and_familiar_python_commands" time="0.116" /><testcase classname="tests.test_vector_sources" name="test_bloch_magnetic_vector_sheet_and_plane_dft" time="0.266" /><testcase classname="tests.test_workbench_journeys" name="test_record_is_complete_and_every_journey_passed" time="0.002" /><testcase classname="tests.test_workbench_journeys" name="test_journey_covers_every_step_and_records_its_wall_time" time="0.001" /><testcase classname="tests.test_workbench_journeys" name="test_editing_behaviours_are_each_verified" time="0.002" /><testcase classname="tests.test_workbench_journeys" name="test_record_matches_the_committed_specs_and_bundle" time="0.003" /><testcase classname="tests.test_workbench_journeys" name="test_record_commit_is_in_the_history_of_head" time="0.030" /></testsuite></testsuites>