<?xml version="1.0" encoding="utf-8"?><testsuites name="pytest tests"><testsuite name="pytest" errors="0" failures="0" skipped="0" tests="16" time="0.317" timestamp="2026-09-24T00:08:03.402590+09:00" hostname="DESKTOP-N5DFT8J"><testcase classname="tests.test_project_compatibility" name="test_fixtures_are_discovered" time="0.004" /><testcase classname="tests.test_project_compatibility" name="test_project_file_round_trips_through_the_model[examples/native_farfield.json]" time="0.016" /><testcase classname="tests.test_project_compatibility" name="test_project_file_round_trips_through_the_model[examples/open_mode_network.json]" time="0.011" /><testcase classname="tests.test_project_compatibility" name="test_project_file_round_trips_through_the_model[tests/fixtures/projects/demo_3d.json]" time="0.018" /><testcase classname="tests.test_project_compatibility" name="test_project_file_round_trips_through_the_model[tests/fixtures/projects/demo_pmc.json]" time="0.062" /><testcase classname="tests.test_project_compatibility" name="test_project_file_round_trips_through_the_model[tests/fixtures/projects/demo_scatterer.json]" time="0.013" /><testcase classname="tests.test_project_compatibility" name="test_project_file_round_trips_through_the_model[tests/fixtures/projects/demo_waveguide.json]" time="0.011" /><testcase classname="tests.test_project_compatibility" name="test_project_file_round_trips_through_the_model[tests/fixtures/projects/graded_ade_plane.json]" time="0.014" /><testcase classname="tests.test_project_compatibility" name="test_project_file_round_trips_through_the_model[tests/fixtures/projects/minimal_defaults.json]" time="0.014" /><testcase classname="tests.test_project_compatibility" name="test_project_file_round_trips_through_the_model[tests/fixtures/projects/tiny_result.json]" time="0.009" /><testcase classname="tests.test_project_compatibility" name="test_graded_dispersive_fixture_restores_its_settings" time="0.003" /><testcase classname="tests.test_project_compatibility" name="test_minimal_hand_written_file_takes_the_documented_defaults" time="0.001" /><testcase classname="tests.test_project_compatibility" name="test_result_npz_restores_the_run_and_its_state[tiny_2d_complete]" time="0.022" /><testcase classname="tests.test_project_compatibility" name="test_result_npz_restores_the_run_and_its_state[tiny_2d_cancelled]" time="0.016" /><testcase classname="tests.test_project_compatibility" name="test_migration_stub_passes_the_current_schema_and_names_a_newer_one" time="0.001" /><testcase classname="tests.test_project_compatibility" name="test_future_schema_version_is_rejected_by_every_loader" time="0.024" /></testsuite></testsuites>