<?xml version="1.0" encoding="utf-8"?><testsuites name="pytest tests"><testsuite name="pytest" errors="0" failures="0" skipped="0" tests="6" time="102.012" timestamp="2026-09-22T05:05:38.632650+09:00" hostname="DESKTOP-N5DFT8J"><testcase classname="tests.test_design_slab_memory_g5" name="test_design_slabs_never_materialize_the_full_epsilon_or_vjp[geometry]" time="70.745" /><testcase classname="tests.test_design_slab_memory_g5" name="test_design_slabs_never_materialize_the_full_epsilon_or_vjp[density]" time="22.881" /><testcase classname="tests.test_design_slab_memory_g5" name="test_dense_reservation_grows_by_the_design_tensor_and_optimizer_moments" time="0.713" /><testcase classname="tests.test_design_slab_memory_g5" name="test_design_path_reservations_grow_by_the_design_tensor_and_optimizer_moments" time="0.022" /><testcase classname="tests.test_design_slab_memory_g5" name="test_adam_moments_match_the_declared_optimizer_state" time="1.999" /><testcase classname="tests.test_design_slab_memory_g5" name="test_optimizer_moments_option_is_validated" time="0.002" /></testsuite></testsuites>