<?xml version="1.0" encoding="utf-8"?><testsuites name="pytest tests"><testsuite name="pytest" errors="0" failures="0" skipped="0" tests="10" time="143.135" timestamp="2026-09-22T02:19:25.414424+09:00" hostname="DESKTOP-N5DFT8J"><testcase classname="tests.test_physics_g3_a.TestG307" name="test_normal_reflection[1.0]" time="7.157" /><testcase classname="tests.test_physics_g3_a.TestG307" name="test_normal_reflection[2.0]" time="2.826" /><testcase classname="tests.test_physics_g3_a.TestG307" name="test_oblique_reflection[30]" time="9.940" /><testcase classname="tests.test_physics_g3_a.TestG307" name="test_oblique_reflection[60]" time="8.862" /><testcase classname="tests.test_physics_g3_a.TestG307" name="test_interface_reflection" time="67.419" /><testcase classname="tests.test_physics_g3_a.TestG307" name="test_depth_and_time_sweeps" time="11.451" /><testcase classname="tests.test_physics_g3_a.TestG307" name="test_long_time_stability[vacuum normal-kwargs0]" time="7.376" /><testcase classname="tests.test_physics_g3_a.TestG307" name="test_long_time_stability[n=2 normal-kwargs1]" time="7.420" /><testcase classname="tests.test_physics_g3_a.TestG307" name="test_long_time_stability[vacuum 60deg-kwargs2]" time="14.043" /><testcase classname="tests.test_physics_g3_a.TestG307" name="test_layer_a_cuda_fp32" time="1.547" /></testsuite></testsuites>