<?xml version="1.0" encoding="utf-8"?><testsuites name="pytest tests"><testsuite name="pytest" errors="0" failures="0" skipped="0" tests="20" time="136.602" timestamp="2026-09-23T13:38:44.275762+09:00" hostname="DESKTOP-N5DFT8J"><testcase classname="tests.test_journal_ownership" name="test_second_writer_is_refused_while_the_owner_lives_and_admitted_after_it_dies" time="6.756" /><testcase classname="tests.test_journal_ownership" name="test_stale_lock_of_a_dead_process_is_taken_over" time="0.256" /><testcase classname="tests.test_journal_ownership" name="test_locks_that_cannot_be_judged_are_refused_by_name[other_host]" time="0.084" /><testcase classname="tests.test_journal_ownership" name="test_locks_that_cannot_be_judged_are_refused_by_name[unreadable]" time="0.070" /><testcase classname="tests.test_journal_ownership" name="test_locks_that_cannot_be_judged_are_refused_by_name[foreign]" time="0.078" /><testcase classname="tests.test_journal_ownership" name="test_ownership_is_taken_again_after_a_terminal_state" time="0.717" /><testcase classname="tests.test_journal_ownership" name="test_every_record_file_is_checked[dtype]" time="10.770" /><testcase classname="tests.test_journal_ownership" name="test_every_record_file_is_checked[bytes]" time="10.776" /><testcase classname="tests.test_journal_ownership" name="test_every_record_file_is_checked[shape]" time="11.125" /><testcase classname="tests.test_journal_ownership" name="test_every_record_file_is_checked[count]" time="11.075" /><testcase classname="tests.test_journal_ownership" name="test_every_record_file_is_checked[missing]" time="11.017" /><testcase classname="tests.test_journal_ownership" name="test_every_record_file_is_checked[checksum]" time="10.920" /><testcase classname="tests.test_journal_ownership" name="test_every_record_file_is_checked[file]" time="10.772" /><testcase classname="tests.test_journal_ownership" name="test_every_record_file_is_checked[kind]" time="10.876" /><testcase classname="tests.test_journal_ownership" name="test_every_record_file_is_checked[marker]" time="3.768" /><testcase classname="tests.test_journal_ownership" name="test_every_record_file_is_checked[no_arrays]" time="10.888" /><testcase classname="tests.test_journal_ownership" name="test_written_descriptions_carry_checksum_dtype_shape_count_and_bytes" time="2.563" /><testcase classname="tests.test_journal_ownership" name="test_terminal_states_are_distinct_and_partial_results_stay_readable" time="23.483" /><testcase classname="tests.test_journal_ownership" name="test_rename_into_place_uses_the_platform_durability_primitive" time="0.406" /><testcase classname="tests.test_journal_ownership" name="test_durability_levels_are_stated_separately" time="0.002" /></testsuite></testsuites>