<?xml version="1.0" encoding="utf-8"?><testsuites name="pytest tests"><testsuite name="pytest" errors="0" failures="0" skipped="0" tests="29" time="289.853" timestamp="2026-09-22T03:42:34.970787+09:00" hostname="DESKTOP-N5DFT8J"><testcase classname="tests.test_streamed_restart" name="test_backward_resumes_after_interrupt[1-cpu-host]" time="15.284" /><testcase classname="tests.test_streamed_restart" name="test_backward_resumes_after_interrupt[1-cpu-disk]" time="13.683" /><testcase classname="tests.test_streamed_restart" name="test_backward_resumes_after_interrupt[1-cuda-host]" time="14.432" /><testcase classname="tests.test_streamed_restart" name="test_backward_resumes_after_interrupt[1-cuda-disk]" time="11.685" /><testcase classname="tests.test_streamed_restart" name="test_backward_resumes_after_interrupt[3-cpu-host]" time="10.859" /><testcase classname="tests.test_streamed_restart" name="test_backward_resumes_after_interrupt[3-cpu-disk]" time="10.787" /><testcase classname="tests.test_streamed_restart" name="test_backward_resumes_after_interrupt[3-cuda-host]" time="11.337" /><testcase classname="tests.test_streamed_restart" name="test_backward_resumes_after_interrupt[3-cuda-disk]" time="11.851" /><testcase classname="tests.test_streamed_restart" name="test_forward_resumes_after_interrupt[1-host]" time="10.492" /><testcase classname="tests.test_streamed_restart" name="test_forward_resumes_after_interrupt[1-disk]" time="11.616" /><testcase classname="tests.test_streamed_restart" name="test_forward_resumes_after_interrupt[3-host]" time="10.609" /><testcase classname="tests.test_streamed_restart" name="test_forward_resumes_after_interrupt[3-disk]" time="14.116" /><testcase classname="tests.test_streamed_restart" name="test_every_blocks_controls_record_count" time="6.963" /><testcase classname="tests.test_streamed_restart" name="test_contract_and_signal_adjoint_mismatch_are_rejected" time="15.743" /><testcase classname="tests.test_streamed_restart" name="test_changed_package_file_is_rejected_by_the_contract[boundaries.py]" time="1.896" /><testcase classname="tests.test_streamed_restart" name="test_changed_package_file_is_rejected_by_the_contract[differentiable.py]" time="1.921" /><testcase classname="tests.test_streamed_restart" name="test_changed_package_file_is_rejected_by_the_contract[waveforms.py]" time="1.887" /><testcase classname="tests.test_streamed_restart" name="test_changed_package_file_is_rejected_by_the_contract[cuda_kernels.py]" time="1.979" /><testcase classname="tests.test_streamed_restart" name="test_changed_inputs_are_rejected_with_the_contract_key_named[epsilon-epsilon_sha256]" time="10.548" /><testcase classname="tests.test_streamed_restart" name="test_changed_inputs_are_rejected_with_the_contract_key_named[waveform-project_sha256]" time="10.474" /><testcase classname="tests.test_streamed_restart" name="test_changed_inputs_are_rejected_with_the_contract_key_named[steps-project_sha256, starts]" time="11.098" /><testcase classname="tests.test_streamed_restart" name="test_changed_inputs_are_rejected_with_the_contract_key_named[time_step-project_sha256]" time="10.737" /><testcase classname="tests.test_streamed_restart" name="test_changed_inputs_are_rejected_with_the_contract_key_named[courant-project_sha256]" time="10.804" /><testcase classname="tests.test_streamed_restart" name="test_journal_and_banks_share_a_volume_by_identity_not_by_path" time="0.022" /><testcase classname="tests.test_streamed_restart" name="test_reservation_covers_the_signal_history_of_coexisting_records" time="18.295" /><testcase classname="tests.test_streamed_restart" name="test_stale_temporary_records_are_removed_only_inside_the_journal" time="9.588" /><testcase classname="tests.test_streamed_restart" name="test_restart_journal_space_is_checked" time="0.005" /><testcase classname="tests.test_streamed_restart" name="test_existing_journal_records_count_toward_the_reservation" time="0.010" /><testcase classname="tests.test_streamed_restart" name="test_killed_process_is_resumed_by_a_new_process" time="25.110" /></testsuite></testsuites>