<?xml version="1.0" encoding="utf-8"?><testsuites name="pytest tests"><testsuite name="pytest" errors="0" failures="0" skipped="0" tests="34" time="107.471" timestamp="2026-09-22T06:21:16.254960+09:00" hostname="DESKTOP-N5DFT8J"><testcase classname="tests.test_release_gates" name="test_passing_junit_records_verified_evidence_with_every_required_field" time="4.918" /><testcase classname="tests.test_release_gates" name="test_injected_failure_marks_failed_and_judge_rejects" time="1.173" /><testcase classname="tests.test_release_gates" name="test_injected_error_marks_failed" time="1.341" /><testcase classname="tests.test_release_gates" name="test_skipped_required_test_stays_not_run_and_judge_exits_nonzero" time="1.677" /><testcase classname="tests.test_release_gates" name="test_skipped_unrequired_test_still_verifies_but_required_absence_does_not" time="2.136" /><testcase classname="tests.test_release_gates" name="test_gpu_required_skip_of_an_unlisted_test_is_a_failure" time="1.662" /><testcase classname="tests.test_release_gates" name="test_gpu_skip_reasons_are_classified_and_optional_checks_are_not[could not import 'cupy': No module named cupy]" time="1.567" /><testcase classname="tests.test_release_gates" name="test_gpu_skip_reasons_are_classified_and_optional_checks_are_not[Requires installed GPU]" time="2.017" /><testcase classname="tests.test_release_gates" name="test_gpu_skip_reasons_are_classified_and_optional_checks_are_not[CUDA GPU not available]" time="2.563" /><testcase classname="tests.test_release_gates" name="test_judge_classifies_gpu_skips_in_evidence_recorded_without_the_field" time="1.714" /><testcase classname="tests.test_release_gates" name="test_nonzero_exit_code_without_failures_does_not_verify" time="3.318" /><testcase classname="tests.test_release_gates" name="test_parametrized_required_test_matches_instances" time="1.384" /><testcase classname="tests.test_release_gates" name="test_modified_test_file_after_recording_is_a_hash_mismatch" time="2.321" /><testcase classname="tests.test_release_gates" name="test_evidence_from_a_commit_that_is_not_an_ancestor_is_stale" time="2.727" /><testcase classname="tests.test_release_gates" name="test_missing_evidence_file_is_reported" time="2.319" /><testcase classname="tests.test_release_gates" name="test_hand_marked_verified_without_evidence_is_rejected" time="1.688" /><testcase classname="tests.test_release_gates" name="test_hand_marked_verified_over_failed_evidence_is_rejected" time="3.861" /><testcase classname="tests.test_release_gates" name="test_profile_judgement_needs_every_required_task_and_reports_blockers" time="4.461" /><testcase classname="tests.test_release_gates" name="test_failed_task_outside_the_profile_blocks_release" time="4.092" /><testcase classname="tests.test_release_gates" name="test_dirty_required_test_is_refused_and_allow_dirty_evidence_fails_the_judge" time="4.889" /><testcase classname="tests.test_release_gates" name="test_fixture_and_criteria_hashes_are_recorded_and_checked" time="6.070" /><testcase classname="tests.test_release_gates" name="test_unknown_task_is_refused" time="1.244" /><testcase classname="tests.test_release_gates" name="test_repository_gate_file_is_adopted_and_not_yet_releasable" time="5.783" /><testcase classname="tests.test_release_gates" name="test_junit_older_than_the_commit_is_refused_unless_allowed_and_then_warned" time="6.031" /><testcase classname="tests.test_release_gates" name="test_judge_derives_the_precommit_warning_for_evidence_without_the_field" time="1.603" /><testcase classname="tests.test_release_gates" name="test_watched_data_files_are_hashed_and_a_change_or_a_new_match_is_stale" time="2.294" /><testcase classname="tests.test_release_gates" name="test_evidence_that_predates_the_watch_list_is_stale" time="1.535" /><testcase classname="tests.test_release_gates" name="test_file_level_required_tests_are_enumerated_and_a_partial_run_is_not_verified" time="2.564" /><testcase classname="tests.test_release_gates" name="test_optional_platform_skip_inside_a_file_level_entry_is_allowed_but_another_skip_is_not" time="5.357" /><testcase classname="tests.test_release_gates" name="test_file_level_entry_needs_an_enumerable_command" time="4.569" /><testcase classname="tests.test_release_gates" name="test_hand_edited_evidence_or_junit_copy_is_rejected_by_the_judge" time="6.458" /><testcase classname="tests.test_release_gates" name="test_environment_records_package_locations_and_the_original_junit_path" time="1.417" /><testcase classname="tests.test_release_gates" name="test_case_first_committed_after_the_run_is_a_declaration_warning_not_a_failure" time="3.341" /><testcase classname="tests.test_release_gates" name="test_scope_changes_without_approval_are_warned_and_listed" time="7.258" /></testsuite></testsuites>