<?xml version="1.0" encoding="utf-8"?><testsuites name="pytest tests"><testsuite name="pytest" errors="0" failures="0" skipped="0" tests="8" time="895.165" timestamp="2026-09-23T21:17:07.848429+09:00" hostname="DESKTOP-N5DFT8J"><testcase classname="tests.test_physics_g3_b" name="test_g3_04_reference_series_limits" time="0.074" /><testcase classname="tests.test_physics_g3_b" name="test_g3_04_cylinder_scattering[TM]" time="46.369" /><testcase classname="tests.test_physics_g3_b" name="test_g3_04_cylinder_scattering[TE]" time="47.520" /><testcase classname="tests.test_physics_g3_b" name="test_g3_04_cylinder_cuda_layer_a[TM]" time="5.870" /><testcase classname="tests.test_physics_g3_b" name="test_g3_04_cylinder_cuda_layer_a[TE]" time="5.273" /><testcase classname="tests.test_physics_g3_b" name="test_g3_04_cylinder_resonance" time="12.191" /><testcase classname="tests.test_physics_g3_b" name="test_g3_04_sphere_scattering" time="774.701" /><testcase classname="tests.test_physics_g3_b" name="test_g3_04_sphere_cuda_layer_a" time="3.068" /></testsuite></testsuites>