<?xml version="1.0" encoding="utf-8"?><testsuites name="pytest tests"><testsuite name="pytest" errors="0" failures="0" skipped="0" tests="151" time="109.259" timestamp="2026-09-22T02:11:52.449560+09:00" hostname="DESKTOP-N5DFT8J"><testcase classname="tests.test_capability_pairs" name="test_pairwise[2d-uniform-tensor_ade-cpml-sheet-plane_dft-tiled-float64-cuda_torch]" time="0.306" /><testcase classname="tests.test_capability_pairs" name="test_pairwise[3d-uniform-anisotropic_tensor-bloch-tfsf-mode_port-tensor_batch-float32-cpu]" time="0.357" /><testcase classname="tests.test_capability_pairs" name="test_pairwise[2d-explicit-dielectric-pmc-plane_oneway-point-reversible_adjoint-float32-cuda_fused]" time="0.408" /><testcase classname="tests.test_capability_pairs" name="test_pairwise[3d-graded-pec-symmetric-point-radiation_box-streamed_adjoint-float64-cuda_fused]" time="0.389" /><testcase classname="tests.test_capability_pairs" name="test_pairwise[3d-explicit-dispersive_ade-periodic-mode-point-checkpointed_adjoint-float64-cuda_torch]" time="0.385" /><testcase classname="tests.test_capability_pairs" name="test_pairwise[2d-graded-dielectric-pec-tiled_sheet-mode_port-forward-float64-cpu]" time="0.423" /><testcase classname="tests.test_capability_pairs" name="test_pairwise[2d-graded-dispersive_ade-antisymmetric-tfsf-radiation_box-streamed-float32-cuda_torch]" time="0.400" /><testcase classname="tests.test_capability_pairs" name="test_pairwise[3d-explicit-tensor_ade-symmetric-mode-plane_dft-forward-float32-cpu]" time="0.381" /><testcase classname="tests.test_capability_pairs" name="test_pairwise[3d-uniform-pec-antisymmetric-plane_oneway-point-streamed-float64-cpu]" time="0.374" /><testcase classname="tests.test_capability_pairs" name="test_pairwise[2d-uniform-pec-periodic-tiled_sheet-plane_dft-checkpointed_adjoint-float32-cuda_fused]" time="0.360" /><testcase classname="tests.test_capability_pairs" name="test_pairwise[2d-graded-anisotropic_tensor-pmc-point-plane_dft-tensor_batch-float64-cuda_torch]" time="0.389" /><testcase classname="tests.test_capability_pairs" name="test_pairwise[3d-explicit-anisotropic_tensor-pec-sheet-radiation_box-tiled-float32-cuda_fused]" time="0.369" /><testcase classname="tests.test_capability_pairs" name="test_pairwise[3d-uniform-dispersive_ade-cpml-point-mode_port-reversible_adjoint-float32-cpu]" time="0.347" /><testcase classname="tests.test_capability_pairs" name="test_pairwise[2d-explicit-pec-bloch-plane_oneway-mode_port-streamed_adjoint-float64-cuda_torch]" time="0.412" /><testcase classname="tests.test_capability_pairs" name="test_pairwise[3d-uniform-dielectric-pmc-mode-radiation_box-streamed_adjoint-float32-cpu]" time="0.347" /><testcase classname="tests.test_capability_pairs" name="test_pairwise[3d-graded-tensor_ade-bloch-tiled_sheet-radiation_box-reversible_adjoint-float64-cuda_fused]" time="0.346" /><testcase classname="tests.test_capability_pairs" name="test_pairwise[2d-graded-anisotropic_tensor-cpml-mode-point-tensor_batch-float64-cuda_fused]" time="0.397" /><testcase classname="tests.test_capability_pairs" name="test_pairwise[2d-graded-dielectric-periodic-sheet-mode_port-tiled-float64-cpu]" time="0.333" /><testcase classname="tests.test_capability_pairs" name="test_pairwise[2d-explicit-tensor_ade-antisymmetric-tfsf-mode_port-streamed-float64-cuda_fused]" time="0.356" /><testcase classname="tests.test_capability_pairs" name="test_pairwise[2d-uniform-dispersive_ade-symmetric-tiled_sheet-point-tiled-float64-cuda_torch]" time="0.372" /><testcase classname="tests.test_capability_pairs" name="test_pairwise[2d-uniform-dielectric-pec-tfsf-plane_dft-reversible_adjoint-float64-cuda_torch]" time="0.349" /><testcase classname="tests.test_capability_pairs" name="test_pairwise[3d-graded-anisotropic_tensor-periodic-plane_oneway-radiation_box-forward-float32-cuda_torch]" time="0.256" /><testcase classname="tests.test_capability_pairs" name="test_pairwise[3d-uniform-dispersive_ade-bloch-sheet-point-forward-float32-cuda_fused]" time="0.216" /><testcase classname="tests.test_capability_pairs" name="test_pairwise[3d-explicit-tensor_ade-pec-point-point-checkpointed_adjoint-float64-cpu]" time="0.227" /><testcase classname="tests.test_capability_pairs" name="test_pairwise[2d-explicit-dispersive_ade-pec-plane_oneway-plane_dft-tensor_batch-float32-cpu]" time="0.241" /><testcase classname="tests.test_capability_pairs" name="test_pairwise[3d-explicit-anisotropic_tensor-antisymmetric-tiled_sheet-plane_dft-streamed_adjoint-float64-cuda_torch]" time="0.187" /><testcase classname="tests.test_capability_pairs" name="test_pairwise[3d-graded-dielectric-bloch-point-plane_dft-streamed-float32-cuda_fused]" time="1.403" /><testcase classname="tests.test_capability_pairs" name="test_pairwise[2d-graded-pec-pmc-sheet-mode_port-checkpointed_adjoint-float32-cpu]" time="0.229" /><testcase classname="tests.test_capability_pairs" name="test_pairwise[2d-explicit-pec-cpml-tfsf-radiation_box-forward-float64-cuda_fused]" time="0.228" /><testcase classname="tests.test_capability_pairs" name="test_pairwise[3d-explicit-dielectric-symmetric-sheet-radiation_box-tensor_batch-float32-cuda_fused]" time="0.274" /><testcase classname="tests.test_capability_pairs" name="test_pairwise[3d-graded-tensor_ade-periodic-tfsf-point-streamed_adjoint-float64-cuda_torch]" time="0.226" /><testcase classname="tests.test_capability_pairs" name="test_pairwise[2d-explicit-pec-antisymmetric-mode-mode_port-reversible_adjoint-float64-cuda_torch]" time="0.201" /><testcase classname="tests.test_capability_pairs" name="test_pairwise[2d-graded-dielectric-cpml-plane_oneway-radiation_box-checkpointed_adjoint-float32-cuda_fused]" time="0.242" /><testcase classname="tests.test_capability_pairs" name="test_pairwise[2d-graded-anisotropic_tensor-symmetric-tfsf-mode_port-checkpointed_adjoint-float64-cuda_torch]" time="0.221" /><testcase classname="tests.test_capability_pairs" name="test_pairwise[3d-uniform-tensor_ade-pmc-tfsf-plane_dft-tiled-float64-cuda_torch]" time="0.177" /><testcase classname="tests.test_capability_pairs" name="test_pairwise[3d-uniform-dielectric-antisymmetric-point-radiation_box-tiled-float64-cpu]" time="0.170" /><testcase classname="tests.test_capability_pairs" name="test_pairwise[3d-uniform-pec-pec-mode-mode_port-tiled-float32-cuda_fused]" time="0.197" /><testcase classname="tests.test_capability_pairs" name="test_pairwise[2d-uniform-anisotropic_tensor-cpml-tiled_sheet-mode_port-streamed-float64-cuda_fused]" time="0.187" /><testcase classname="tests.test_capability_pairs" name="test_pairwise[2d-explicit-pec-periodic-tiled_sheet-mode_port-tensor_batch-float32-cuda_fused]" time="0.211" /><testcase classname="tests.test_capability_pairs" name="test_pairwise[2d-uniform-tensor_ade-antisymmetric-sheet-radiation_box-tensor_batch-float32-cpu]" time="0.166" /><testcase classname="tests.test_capability_pairs" name="test_pairwise[3d-uniform-dispersive_ade-pmc-tiled_sheet-radiation_box-forward-float64-cuda_fused]" time="0.244" /><testcase classname="tests.test_capability_pairs" name="test_pairwise[3d-explicit-anisotropic_tensor-periodic-point-mode_port-reversible_adjoint-float64-cuda_fused]" time="0.199" /><testcase classname="tests.test_capability_pairs" name="test_pairwise[2d-graded-dispersive_ade-cpml-sheet-plane_dft-streamed_adjoint-float32-cpu]" time="0.705" /><testcase classname="tests.test_capability_pairs" name="test_pairwise[3d-graded-tensor_ade-symmetric-plane_oneway-radiation_box-reversible_adjoint-float32-cuda_torch]" time="0.207" /><testcase classname="tests.test_capability_pairs" name="test_pairwise[2d-uniform-dielectric-periodic-sheet-radiation_box-streamed-float32-cpu]" time="0.186" /><testcase classname="tests.test_capability_pairs" name="test_pairwise[2d-explicit-anisotropic_tensor-pec-mode-mode_port-streamed-float32-cpu]" time="0.227" /><testcase classname="tests.test_capability_pairs" name="test_pairwise[3d-graded-dispersive_ade-bloch-mode-radiation_box-checkpointed_adjoint-float64-cuda_torch]" time="0.203" /><testcase classname="tests.test_capability_pairs" name="test_pairwise[2d-graded-dispersive_ade-antisymmetric-point-mode_port-forward-float32-cuda_fused]" time="0.270" /><testcase classname="tests.test_capability_pairs" name="test_pairwise[3d-graded-dispersive_ade-bloch-plane_oneway-radiation_box-tiled-float64-cuda_torch]" time="0.262" /><testcase classname="tests.test_capability_pairs" name="test_pairwise[3d-explicit-anisotropic_tensor-pmc-tiled_sheet-radiation_box-streamed-float64-cpu]" time="0.295" /><testcase classname="tests.test_capability_pairs" name="test_pairwise[3d-graded-tensor_ade-symmetric-mode-point-streamed-float64-cpu]" time="0.253" /><testcase classname="tests.test_capability_pairs" name="test_pairwise[3d-uniform-tensor_ade-antisymmetric-tfsf-point-checkpointed_adjoint-float32-cuda_torch]" time="0.259" /><testcase classname="tests.test_capability_pairs" name="test_pairwise[3d-graded-anisotropic_tensor-pec-tfsf-mode_port-streamed_adjoint-float64-cuda_torch]" time="0.218" /><testcase classname="tests.test_capability_pairs" name="test_pairwise[2d-graded-tensor_ade-pmc-sheet-mode_port-reversible_adjoint-float32-cuda_fused]" time="0.251" /><testcase classname="tests.test_capability_pairs" name="test_pairwise[3d-uniform-tensor_ade-cpml-plane_oneway-radiation_box-checkpointed_adjoint-float32-cuda_torch]" time="0.260" /><testcase classname="tests.test_capability_pairs" name="test_pairwise[3d-uniform-tensor_ade-periodic-point-plane_dft-forward-float32-cuda_fused]" time="0.231" /><testcase classname="tests.test_capability_pairs" name="test_pairwise[3d-graded-dispersive_ade-pec-mode-radiation_box-streamed-float64-cpu]" time="0.223" /><testcase classname="tests.test_capability_pairs" name="test_pairwise[3d-graded-dispersive_ade-pmc-sheet-mode_port-streamed_adjoint-float32-cuda_fused]" time="0.291" /><testcase classname="tests.test_capability_pairs" name="test_pairwise[3d-graded-dielectric-bloch-tiled_sheet-mode_port-forward-float32-cpu]" time="0.276" /><testcase classname="tests.test_capability_pairs" name="test_pairwise[3d-uniform-dielectric-bloch-mode-mode_port-forward-float32-cuda_torch]" time="0.272" /><testcase classname="tests.test_capability_pairs" name="test_pairwise[3d-uniform-dispersive_ade-pmc-tiled_sheet-mode_port-forward-float64-cuda_torch]" time="0.254" /><testcase classname="tests.test_capability_pairs" name="test_pairwise[3d-uniform-dielectric-antisymmetric-point-mode_port-checkpointed_adjoint-float32-cuda_fused]" time="0.245" /><testcase classname="tests.test_capability_pairs" name="test_pairwise[3d-uniform-dielectric-antisymmetric-sheet-mode_port-checkpointed_adjoint-float32-cpu]" time="0.244" /><testcase classname="tests.test_capability_pairs" name="test_pairwise[2d-uniform-dispersive_ade-cpml-tfsf-mode_port-forward-float64-cuda_fused]" time="0.246" /><testcase classname="tests.test_capability_pairs" name="test_pairwise[2d-explicit-dielectric-cpml-point-mode_port-checkpointed_adjoint-float32-cuda_torch]" time="0.259" /><testcase classname="tests.test_capability_pairs" name="test_pairwise[3d-graded-dispersive_ade-cpml-point-mode_port-checkpointed_adjoint-float64-cuda_fused]" time="0.256" /><testcase classname="tests.test_capability_pairs" name="test_pairwise[3d-uniform-dispersive_ade-cpml-point-mode_port-checkpointed_adjoint-float64-cpu]" time="0.284" /><testcase classname="tests.test_capability_pairs" name="test_pairwise[3d-uniform-dispersive_ade-cpml-sheet-mode_port-checkpointed_adjoint-float32-cuda_fused]" time="0.265" /><testcase classname="tests.test_capability_pairs" name="test_pairwise[3d-uniform-dielectric-cpml-point-mode_port-checkpointed_adjoint-float32-cuda_torch]" time="0.249" /><testcase classname="tests.test_capability_pairs" name="test_pairwise[2d-uniform-dielectric-pec-mode-plane_dft-forward-float32-cpu]" time="0.244" /><testcase classname="tests.test_capability_pairs" name="test_pairwise[3d-uniform-dielectric-bloch-mode-radiation_box-streamed-float32-cpu]" time="0.232" /><testcase classname="tests.test_capability_pairs" name="test_pairwise[3d-uniform-dispersive_ade-periodic-mode-plane_dft-streamed-float32-cpu]" time="0.253" /><testcase classname="tests.test_capability_pairs" name="test_pairwise[2d-graded-dispersive_ade-cpml-mode-point-checkpointed_adjoint-float32-cuda_torch]" time="0.270" /><testcase classname="tests.test_capability_pairs" name="test_pairwise[3d-graded-dielectric-cpml-mode-point-streamed-float64-cuda_torch]" time="0.277" /><testcase classname="tests.test_capability_pairs" name="test_pairwise[3d-uniform-dielectric-cpml-mode-plane_dft-streamed_adjoint-float64-cuda_fused]" time="0.216" /><testcase classname="tests.test_capability_pairs" name="test_pairwise[3d-uniform-dispersive_ade-cpml-mode-point-streamed_adjoint-float32-cuda_torch]" time="0.267" /><testcase classname="tests.test_capability_pairs" name="test_pairwise[3d-uniform-dielectric-cpml-mode-radiation_box-streamed-float32-cuda_fused]" time="0.494" /><testcase classname="tests.test_capability_pairs" name="test_pairwise[3d-uniform-dielectric-periodic-mode-point-streamed-float32-cuda_torch]" time="0.235" /><testcase classname="tests.test_capability_pairs" name="test_pairwise[3d-uniform-tensor_ade-bloch-point-point-checkpointed_adjoint-float32-cuda_fused]" time="0.246" /><testcase classname="tests.test_capability_pairs" name="test_pairwise[3d-graded-dispersive_ade-pmc-point-radiation_box-forward-float32-cuda_fused]" time="0.258" /><testcase classname="tests.test_capability_pairs" name="test_pairwise[3d-uniform-dispersive_ade-symmetric-point-radiation_box-forward-float32-cuda_fused]" time="0.212" /><testcase classname="tests.test_capability_pairs" name="test_pairwise[3d-explicit-dielectric-pmc-sheet-point-forward-float32-cuda_torch]" time="0.260" /><testcase classname="tests.test_capability_pairs" name="test_pairwise[3d-explicit-dielectric-symmetric-point-plane_dft-forward-float32-cpu]" time="0.277" /><testcase classname="tests.test_capability_pairs" name="test_pairwise[2d-uniform-dielectric-cpml-tfsf-point-streamed-float32-cuda_torch]" time="0.256" /><testcase classname="tests.test_capability_pairs" name="test_pairwise[3d-graded-dispersive_ade-symmetric-sheet-point-checkpointed_adjoint-float32-cuda_fused]" time="0.288" /><testcase classname="tests.test_capability_pairs" name="test_pairwise[2d-uniform-dispersive_ade-periodic-plane_oneway-point-checkpointed_adjoint-float64-cpu]" time="0.238" /><testcase classname="tests.test_capability_pairs" name="test_pairwise[2d-explicit-dispersive_ade-periodic-plane_oneway-point-streamed-float32-cuda_torch]" time="0.236" /><testcase classname="tests.test_capability_pairs" name="test_pairwise[3d-graded-dielectric-symmetric-sheet-plane_dft-checkpointed_adjoint-float32-cuda_fused]" time="0.254" /><testcase classname="tests.test_capability_pairs" name="test_pairwise[3d-uniform-dispersive_ade-pmc-tiled_sheet-plane_dft-streamed-float32-cpu]" time="0.242" /><testcase classname="tests.test_capability_pairs" name="test_pairwise[2d-explicit-dispersive_ade-periodic-plane_oneway-plane_dft-checkpointed_adjoint-float32-cuda_torch]" time="0.308" /><testcase classname="tests.test_capability_pairs" name="test_pairwise[3d-graded-dispersive_ade-periodic-plane_oneway-radiation_box-streamed-float64-cuda_fused]" time="0.392" /><testcase classname="tests.test_capability_pairs" name="test_pairwise[3d-uniform-dielectric-symmetric-sheet-point-checkpointed_adjoint-float32-cuda_fused]" time="0.287" /><testcase classname="tests.test_capability_pairs" name="test_pairwise[3d-explicit-dispersive_ade-symmetric-tiled_sheet-point-checkpointed_adjoint-float32-cpu]" time="0.288" /><testcase classname="tests.test_capability_pairs" name="test_pairwise[3d-explicit-dielectric-pmc-point-point-reversible_adjoint-float32-cuda_torch]" time="0.214" /><testcase classname="tests.test_capability_pairs" name="test_pairwise[2d-explicit-dielectric-pec-point-point-reversible_adjoint-float64-cpu]" time="0.258" /><testcase classname="tests.test_capability_pairs" name="test_pairwise[3d-uniform-dispersive_ade-bloch-point-point-reversible_adjoint-float64-cpu]" time="0.243" /><testcase classname="tests.test_capability_pairs" name="test_pairwise[3d-graded-dispersive_ade-antisymmetric-point-point-reversible_adjoint-float32-cuda_fused]" time="0.262" /><testcase classname="tests.test_capability_pairs" name="test_pairwise[3d-uniform-dielectric-bloch-point-point-reversible_adjoint-float32-cpu]" time="0.229" /><testcase classname="tests.test_capability_pairs" name="test_pairwise[3d-uniform-dispersive_ade-periodic-point-point-reversible_adjoint-float32-cpu]" time="0.253" /><testcase classname="tests.test_capability_pairs" name="test_pairwise[3d-explicit-dielectric-pmc-sheet-point-reversible_adjoint-float64-cpu]" time="0.263" /><testcase classname="tests.test_capability_pairs" name="test_pairwise[3d-uniform-dielectric-symmetric-point-plane_dft-reversible_adjoint-float64-cpu]" time="0.274" /><testcase classname="tests.test_capability_pairs" name="test_pairwise[2d-uniform-dielectric-pec-sheet-point-reversible_adjoint-float64-cuda_torch]" time="0.225" /><testcase classname="tests.test_capability_pairs" name="test_pairwise[3d-explicit-dielectric-antisymmetric-sheet-point-reversible_adjoint-float64-cuda_torch]" time="0.249" /><testcase classname="tests.test_capability_pairs" name="test_pairwise[3d-explicit-dielectric-antisymmetric-sheet-radiation_box-reversible_adjoint-float32-cuda_fused]" time="0.563" /><testcase classname="tests.test_capability_pairs" name="test_pairwise[3d-uniform-dielectric-antisymmetric-sheet-point-reversible_adjoint-float32-cuda_fused]" time="0.289" /><testcase classname="tests.test_capability_pairs" name="test_pairwise[3d-uniform-dispersive_ade-bloch-tiled_sheet-radiation_box-reversible_adjoint-float32-cuda_fused]" time="0.345" /><testcase classname="tests.test_capability_pairs" name="test_pairwise[3d-uniform-dielectric-periodic-plane_oneway-plane_dft-reversible_adjoint-float32-cuda_fused]" time="0.344" /><testcase classname="tests.test_capability_pairs" name="test_pairwise[2d-graded-dispersive_ade-periodic-point-plane_dft-tensor_batch-float32-cpu]" time="0.374" /><testcase classname="tests.test_capability_pairs" name="test_pairwise[3d-uniform-dielectric-bloch-tiled_sheet-point-tensor_batch-float64-cuda_fused]" time="0.443" /><testcase classname="tests.test_capability_pairs" name="test_pairwise[3d-uniform-anisotropic_tensor-cpml-point-point-tensor_batch-float32-cuda_fused]" time="0.432" /><testcase classname="tests.test_capability_pairs" name="test_pairwise[3d-explicit-dispersive_ade-pmc-tiled_sheet-point-tensor_batch-float32-cuda_fused]" time="0.440" /><testcase classname="tests.test_capability_pairs" name="test_pairwise[3d-graded-dielectric-pec-sheet-point-tiled-float64-cpu]" time="0.412" /><testcase classname="tests.test_capability_pairs" name="test_pairwise[2d-uniform-dispersive_ade-bloch-point-point-tiled-float32-cuda_fused]" time="0.379" /><testcase classname="tests.test_capability_pairs" name="test_pairwise[3d-uniform-anisotropic_tensor-cpml-point-point-tiled-float32-cuda_torch]" time="0.426" /><testcase classname="tests.test_capability_pairs" name="test_pairwise[2d-uniform-dielectric-cpml-sheet-point-tiled-float64-cpu]" time="0.409" /><testcase classname="tests.test_capability_pairs" name="test_pairwise[3d-uniform-dielectric-cpml-tiled_sheet-point-tiled-float32-cpu]" time="0.438" /><testcase classname="tests.test_capability_pairs" name="test_pairwise[3d-graded-dielectric-bloch-sheet-radiation_box-forward-float64-cuda_torch]" time="1.487" /><testcase classname="tests.test_capability_pairs" name="test_pairwise[3d-uniform-dispersive_ade-periodic-tiled_sheet-radiation_box-forward-float32-cpu]" time="0.490" /><testcase classname="tests.test_capability_pairs" name="test_pairwise[3d-uniform-dispersive_ade-cpml-tiled_sheet-radiation_box-tensor_batch-float64-cuda_torch]" time="1.044" /><testcase classname="tests.test_capability_pairs" name="test_pairwise[3d-uniform-dielectric-cpml-tfsf-radiation_box-forward-float64-cpu]" time="0.521" /><testcase classname="tests.test_capability_pairs" name="test_pairwise[3d-uniform-dielectric-cpml-sheet-mode_port-forward-float32-cuda_torch]" time="2.959" /><testcase classname="tests.test_capability_pairs" name="test_pairwise[3d-uniform-dielectric-cpml-mode-plane_dft-forward-float32-cuda_torch]" time="0.796" /><testcase classname="tests.test_capability_pairs" name="test_pairwise[3d-uniform-tensor_ade-cpml-point-point-forward-float32-cuda_torch]" time="2.033" /><testcase classname="tests.test_capability_pairs" name="test_pairwise[3d-uniform-anisotropic_tensor-periodic-point-point-forward-float32-cpu]" time="0.575" /><testcase classname="tests.test_capability_pairs" name="test_pairwise[3d-explicit-dielectric-pmc-point-point-forward-float32-cuda_fused]" time="1.374" /><testcase classname="tests.test_capability_pairs" name="test_pairwise[2d-explicit-dispersive_ade-pec-point-point-forward-float32-cuda_fused]" time="0.788" /><testcase classname="tests.test_capability_pairs" name="test_pairwise[3d-uniform-dielectric-cpml-mode-mode_port-checkpointed_adjoint-float32-cpu]" time="4.266" /><testcase classname="tests.test_capability_pairs" name="test_pairwise[3d-uniform-dielectric-periodic-mode-plane_dft-checkpointed_adjoint-float32-cuda_torch]" time="0.920" /><testcase classname="tests.test_capability_pairs" name="test_pairwise[3d-uniform-tensor_ade-bloch-point-point-checkpointed_adjoint-float32-cpu]" time="13.383" /><testcase classname="tests.test_capability_pairs" name="test_pairwise[3d-uniform-anisotropic_tensor-cpml-point-point-checkpointed_adjoint-float32-cuda_torch]" time="1.730" /><testcase classname="tests.test_capability_pairs" name="test_pairwise[3d-uniform-dispersive_ade-periodic-tiled_sheet-radiation_box-checkpointed_adjoint-float64-cuda_fused]" time="1.676" /><testcase classname="tests.test_capability_pairs" name="test_pairwise[2d-uniform-dispersive_ade-cpml-sheet-point-checkpointed_adjoint-float32-cpu]" time="0.357" /><testcase classname="tests.test_capability_pairs" name="test_pairwise[2d-explicit-dielectric-antisymmetric-sheet-plane_dft-checkpointed_adjoint-float64-cuda_torch]" time="0.553" /><testcase classname="tests.test_capability_pairs" name="test_pairwise[2d-graded-dielectric-antisymmetric-tiled_sheet-point-checkpointed_adjoint-float64-cuda_fused]" time="0.630" /><testcase classname="tests.test_capability_pairs" name="test_pairwise[3d-uniform-dielectric-periodic-mode-plane_dft-streamed-float32-cuda_torch]" time="0.751" /><testcase classname="tests.test_capability_pairs" name="test_pairwise[3d-uniform-anisotropic_tensor-cpml-point-point-streamed-float32-cpu]" time="0.714" /><testcase classname="tests.test_capability_pairs" name="test_pairwise[2d-uniform-dispersive_ade-pec-sheet-point-streamed_adjoint-float32-cuda_torch]" time="1.642" /><testcase classname="tests.test_capability_pairs" name="test_pairwise[2d-graded-dielectric-bloch-point-point-streamed_adjoint-float32-cuda_fused]" time="1.056" /><testcase classname="tests.test_capability_pairs" name="test_pairwise[3d-uniform-dielectric-periodic-point-point-reversible_adjoint-float32-cuda_fused]" time="0.560" /><testcase classname="tests.test_capability_pairs" name="test_pairwise[3d-uniform-dielectric-periodic-sheet-radiation_box-reversible_adjoint-float32-cuda_fused]" time="1.006" /><testcase classname="tests.test_capability_pairs" name="test_pairwise[3d-uniform-dielectric-periodic-sheet-point-reversible_adjoint-float32-cpu]" time="0.371" /><testcase classname="tests.test_capability_pairs" name="test_pairwise[3d-graded-dielectric-periodic-tiled_sheet-point-tensor_batch-float64-cuda_torch]" time="0.569" /><testcase classname="tests.test_capability_pairs" name="test_pairwise[2d-uniform-dispersive_ade-cpml-tiled_sheet-plane_dft-tiled-float64-cuda_fused]" time="0.549" /><testcase classname="tests.test_capability_pairs" name="test_high_risk_combinations[ade_pmc_streamed_cuda]" time="0.795" /><testcase classname="tests.test_capability_pairs" name="test_high_risk_combinations[tensor_cpml_checkpointed_fp32]" time="3.203" /><testcase classname="tests.test_capability_pairs" name="test_high_risk_combinations[bloch_plane_tensor_batch]" time="0.227" /><testcase classname="tests.test_capability_pairs" name="test_high_risk_combinations[graded_mode_port_reversible]" time="0.261" /><testcase classname="tests.test_capability_pairs" name="test_covering_array_covers_every_pair_rule_and_lane" time="0.009" /><testcase classname="tests.test_capability_pairs" name="test_registry_is_complete_and_every_rule_names_real_code" time="4.260" /><testcase classname="tests.test_capability_pairs" name="test_rendered_tables_and_json_match_the_registry" time="10.644" /><testcase classname="tests.test_capability_pairs" name="test_api_capabilities_serves_the_registry" time="1.564" /></testsuite></testsuites>