<?xml version="1.0" encoding="utf-8"?><testsuites name="pytest tests"><testsuite name="pytest" errors="0" failures="0" skipped="0" tests="32" time="2.756" timestamp="2026-09-23T21:07:38.261638+09:00" hostname="DESKTOP-N5DFT8J"><testcase classname="tests.test_identity" name="test_each_change_invalidates_exactly_the_declared_conditions[auto_shutoff]" time="0.120" /><testcase classname="tests.test_identity" name="test_each_change_invalidates_exactly_the_declared_conditions[background]" time="0.055" /><testcase classname="tests.test_identity" name="test_each_change_invalidates_exactly_the_declared_conditions[bloch]" time="0.056" /><testcase classname="tests.test_identity" name="test_each_change_invalidates_exactly_the_declared_conditions[inert_divergence_setting]" time="0.056" /><testcase classname="tests.test_identity" name="test_each_change_invalidates_exactly_the_declared_conditions[inert_source_setting]" time="0.056" /><testcase classname="tests.test_identity" name="test_each_change_invalidates_exactly_the_declared_conditions[interface_method]" time="0.060" /><testcase classname="tests.test_identity" name="test_each_change_invalidates_exactly_the_declared_conditions[kernel_scheme]" time="0.056" /><testcase classname="tests.test_identity" name="test_each_change_invalidates_exactly_the_declared_conditions[labels]" time="0.055" /><testcase classname="tests.test_identity" name="test_each_change_invalidates_exactly_the_declared_conditions[material_index]" time="0.056" /><testcase classname="tests.test_identity" name="test_each_change_invalidates_exactly_the_declared_conditions[mesh]" time="0.056" /><testcase classname="tests.test_identity" name="test_each_change_invalidates_exactly_the_declared_conditions[monitor_kernel]" time="0.056" /><testcase classname="tests.test_identity" name="test_each_change_invalidates_exactly_the_declared_conditions[placement]" time="0.056" /><testcase classname="tests.test_identity" name="test_each_change_invalidates_exactly_the_declared_conditions[plane_apodization]" time="0.056" /><testcase classname="tests.test_identity" name="test_each_change_invalidates_exactly_the_declared_conditions[plane_downsample]" time="0.055" /><testcase classname="tests.test_identity" name="test_each_change_invalidates_exactly_the_declared_conditions[plane_frequencies]" time="0.055" /><testcase classname="tests.test_identity" name="test_each_change_invalidates_exactly_the_declared_conditions[plane_geometry]" time="0.055" /><testcase classname="tests.test_identity" name="test_each_change_invalidates_exactly_the_declared_conditions[pml]" time="0.058" /><testcase classname="tests.test_identity" name="test_each_change_invalidates_exactly_the_declared_conditions[pml_dispersion]" time="0.056" /><testcase classname="tests.test_identity" name="test_each_change_invalidates_exactly_the_declared_conditions[point_monitor_moved]" time="0.061" /><testcase classname="tests.test_identity" name="test_each_change_invalidates_exactly_the_declared_conditions[precision]" time="0.057" /><testcase classname="tests.test_identity" name="test_each_change_invalidates_exactly_the_declared_conditions[scatterer_removed]" time="0.056" /><testcase classname="tests.test_identity" name="test_each_change_invalidates_exactly_the_declared_conditions[scatterer_size]" time="0.055" /><testcase classname="tests.test_identity" name="test_each_change_invalidates_exactly_the_declared_conditions[source_moved]" time="0.056" /><testcase classname="tests.test_identity" name="test_each_change_invalidates_exactly_the_declared_conditions[steps]" time="0.056" /><testcase classname="tests.test_identity" name="test_each_change_invalidates_exactly_the_declared_conditions[time_step]" time="0.055" /><testcase classname="tests.test_identity" name="test_each_change_invalidates_exactly_the_declared_conditions[waveform_amplitude]" time="0.055" /><testcase classname="tests.test_identity" name="test_each_change_invalidates_exactly_the_declared_conditions[waveform_phase]" time="0.058" /><testcase classname="tests.test_identity" name="test_scatterer_and_its_air_reference_share_the_reference_key_on_a_graded_mesh" time="0.101" /><testcase classname="tests.test_identity" name="test_restart_contract_covers_epsilon_options_and_kernel_scheme_only" time="0.142" /><testcase classname="tests.test_identity" name="test_two_cpu_runs_of_one_plan_are_bitwise_equal" time="0.068" /><testcase classname="tests.test_identity" name="test_two_cuda_runs_of_one_plan_agree_within_the_declared_tolerance[torch]" time="0.632" /><testcase classname="tests.test_identity" name="test_two_cuda_runs_of_one_plan_agree_within_the_declared_tolerance[fused]" time="0.138" /></testsuite></testsuites>