<?xml version="1.0" encoding="utf-8"?><testsuites name="pytest tests"><testsuite name="pytest" errors="0" failures="0" skipped="0" tests="34" time="18.573" timestamp="2026-09-23T23:22:55.527216+09:00" hostname="DESKTOP-N5DFT8J"><testcase classname="tests.test_cuda_edge_fixtures" name="test_named_boundary_fixture[ade_odd-float32]" time="1.117" /><testcase classname="tests.test_cuda_edge_fixtures" name="test_named_boundary_fixture[ade_odd-float64]" time="0.507" /><testcase classname="tests.test_cuda_edge_fixtures" name="test_named_boundary_fixture[index_boundaries-float32]" time="0.396" /><testcase classname="tests.test_cuda_edge_fixtures" name="test_named_boundary_fixture[index_boundaries-float64]" time="0.399" /><testcase classname="tests.test_cuda_edge_fixtures" name="test_named_boundary_fixture[minimum_grid-float32]" time="0.379" /><testcase classname="tests.test_cuda_edge_fixtures" name="test_named_boundary_fixture[minimum_grid-float64]" time="0.354" /><testcase classname="tests.test_cuda_edge_fixtures" name="test_named_boundary_fixture[odd_sizes-float32]" time="0.367" /><testcase classname="tests.test_cuda_edge_fixtures" name="test_named_boundary_fixture[odd_sizes-float64]" time="0.376" /><testcase classname="tests.test_cuda_edge_fixtures" name="test_named_boundary_fixture[strong_contrast-float32]" time="0.391" /><testcase classname="tests.test_cuda_edge_fixtures" name="test_named_boundary_fixture[strong_contrast-float64]" time="0.390" /><testcase classname="tests.test_cuda_edge_fixtures" name="test_random_fixture_seeds_are_the_declared_twenty" time="0.001" /><testcase classname="tests.test_cuda_edge_fixtures" name="test_random_fixture[2026092200]" time="0.400" /><testcase classname="tests.test_cuda_edge_fixtures" name="test_random_fixture[2026092201]" time="0.396" /><testcase classname="tests.test_cuda_edge_fixtures" name="test_random_fixture[2026092202]" time="0.387" /><testcase classname="tests.test_cuda_edge_fixtures" name="test_random_fixture[2026092203]" time="0.429" /><testcase classname="tests.test_cuda_edge_fixtures" name="test_random_fixture[2026092204]" time="0.402" /><testcase classname="tests.test_cuda_edge_fixtures" name="test_random_fixture[2026092205]" time="0.376" /><testcase classname="tests.test_cuda_edge_fixtures" name="test_random_fixture[2026092206]" time="0.361" /><testcase classname="tests.test_cuda_edge_fixtures" name="test_random_fixture[2026092207]" time="0.502" /><testcase classname="tests.test_cuda_edge_fixtures" name="test_random_fixture[2026092208]" time="0.507" /><testcase classname="tests.test_cuda_edge_fixtures" name="test_random_fixture[2026092209]" time="0.455" /><testcase classname="tests.test_cuda_edge_fixtures" name="test_random_fixture[2026092210]" time="0.405" /><testcase classname="tests.test_cuda_edge_fixtures" name="test_random_fixture[2026092211]" time="0.504" /><testcase classname="tests.test_cuda_edge_fixtures" name="test_random_fixture[2026092212]" time="0.414" /><testcase classname="tests.test_cuda_edge_fixtures" name="test_random_fixture[2026092213]" time="0.421" /><testcase classname="tests.test_cuda_edge_fixtures" name="test_random_fixture[2026092214]" time="0.606" /><testcase classname="tests.test_cuda_edge_fixtures" name="test_random_fixture[2026092215]" time="0.481" /><testcase classname="tests.test_cuda_edge_fixtures" name="test_random_fixture[2026092216]" time="0.536" /><testcase classname="tests.test_cuda_edge_fixtures" name="test_random_fixture[2026092217]" time="0.512" /><testcase classname="tests.test_cuda_edge_fixtures" name="test_random_fixture[2026092218]" time="0.489" /><testcase classname="tests.test_cuda_edge_fixtures" name="test_random_fixture[2026092219]" time="0.377" /><testcase classname="tests.test_cuda_edge_fixtures" name="test_streamed_partial_slabs_and_unaligned_tiles[5-3-sync-2]" time="2.143" /><testcase classname="tests.test_cuda_edge_fixtures" name="test_streamed_partial_slabs_and_unaligned_tiles[5-3-async-2]" time="0.750" /><testcase classname="tests.test_cuda_edge_fixtures" name="test_streamed_partial_slabs_and_unaligned_tiles[4-7-async-3]" time="1.956" /></testsuite></testsuites>