<?xml version="1.0" encoding="utf-8"?><testsuites name="pytest tests"><testsuite name="pytest" errors="0" failures="0" skipped="0" tests="98" time="22.071" timestamp="2026-09-23T13:21:59.836566+09:00" hostname="DESKTOP-N5DFT8J"><testcase classname="tests.test_cuda_matrix" name="test_forward_cell[torch-eager-torch-float32-real-default]" time="0.983" /><testcase classname="tests.test_cuda_matrix" name="test_forward_cell[torch-eager-torch-float32-real-side]" time="0.240" /><testcase classname="tests.test_cuda_matrix" name="test_forward_cell[torch-eager-torch-float32-complex-default]" time="0.251" /><testcase classname="tests.test_cuda_matrix" name="test_forward_cell[torch-eager-torch-float32-complex-side]" time="0.204" /><testcase classname="tests.test_cuda_matrix" name="test_forward_cell[torch-eager-torch-float64-real-default]" time="0.278" /><testcase classname="tests.test_cuda_matrix" name="test_forward_cell[torch-eager-torch-float64-real-side]" time="0.235" /><testcase classname="tests.test_cuda_matrix" name="test_forward_cell[torch-eager-torch-float64-complex-default]" time="0.263" /><testcase classname="tests.test_cuda_matrix" name="test_forward_cell[torch-eager-torch-float64-complex-side]" time="0.212" /><testcase classname="tests.test_cuda_matrix" name="test_forward_cell[torch-eager-fused-float32-real-default]" time="0.231" /><testcase classname="tests.test_cuda_matrix" name="test_forward_cell[torch-eager-fused-float32-real-side]" time="0.204" /><testcase classname="tests.test_cuda_matrix" name="test_forward_cell[torch-eager-fused-float32-complex-default]" time="0.017" /><testcase classname="tests.test_cuda_matrix" name="test_forward_cell[torch-eager-fused-float32-complex-side]" time="0.020" /><testcase classname="tests.test_cuda_matrix" name="test_forward_cell[torch-eager-fused-float64-real-default]" time="0.228" /><testcase classname="tests.test_cuda_matrix" name="test_forward_cell[torch-eager-fused-float64-real-side]" time="0.181" /><testcase classname="tests.test_cuda_matrix" name="test_forward_cell[torch-eager-fused-float64-complex-default]" time="0.016" /><testcase classname="tests.test_cuda_matrix" name="test_forward_cell[torch-eager-fused-float64-complex-side]" time="0.019" /><testcase classname="tests.test_cuda_matrix" name="test_forward_cell[torch-graph-torch-float32-real-default]" time="0.053" /><testcase classname="tests.test_cuda_matrix" name="test_forward_cell[torch-graph-torch-float32-real-side]" time="0.059" /><testcase classname="tests.test_cuda_matrix" name="test_forward_cell[torch-graph-torch-float32-complex-default]" time="0.058" /><testcase classname="tests.test_cuda_matrix" name="test_forward_cell[torch-graph-torch-float32-complex-side]" time="0.060" /><testcase classname="tests.test_cuda_matrix" name="test_forward_cell[torch-graph-torch-float64-real-default]" time="0.058" /><testcase classname="tests.test_cuda_matrix" name="test_forward_cell[torch-graph-torch-float64-real-side]" time="0.060" /><testcase classname="tests.test_cuda_matrix" name="test_forward_cell[torch-graph-torch-float64-complex-default]" time="0.059" /><testcase classname="tests.test_cuda_matrix" name="test_forward_cell[torch-graph-torch-float64-complex-side]" time="0.063" /><testcase classname="tests.test_cuda_matrix" name="test_forward_cell[torch-graph-fused-float32-real-default]" time="0.058" /><testcase classname="tests.test_cuda_matrix" name="test_forward_cell[torch-graph-fused-float32-real-side]" time="0.058" /><testcase classname="tests.test_cuda_matrix" name="test_forward_cell[torch-graph-fused-float32-complex-default]" time="0.021" /><testcase classname="tests.test_cuda_matrix" name="test_forward_cell[torch-graph-fused-float32-complex-side]" time="0.018" /><testcase classname="tests.test_cuda_matrix" name="test_forward_cell[torch-graph-fused-float64-real-default]" time="0.048" /><testcase classname="tests.test_cuda_matrix" name="test_forward_cell[torch-graph-fused-float64-real-side]" time="0.053" /><testcase classname="tests.test_cuda_matrix" name="test_forward_cell[torch-graph-fused-float64-complex-default]" time="0.016" /><testcase classname="tests.test_cuda_matrix" name="test_forward_cell[torch-graph-fused-float64-complex-side]" time="0.020" /><testcase classname="tests.test_cuda_matrix" name="test_forward_cell[fused-eager-torch-float32-real-default]" time="0.166" /><testcase classname="tests.test_cuda_matrix" name="test_forward_cell[fused-eager-torch-float32-real-side]" time="0.077" /><testcase classname="tests.test_cuda_matrix" name="test_forward_cell[fused-eager-torch-float32-complex-default]" time="0.003" /><testcase classname="tests.test_cuda_matrix" name="test_forward_cell[fused-eager-torch-float32-complex-side]" time="0.002" /><testcase classname="tests.test_cuda_matrix" name="test_forward_cell[fused-eager-torch-float64-real-default]" time="0.187" /><testcase classname="tests.test_cuda_matrix" name="test_forward_cell[fused-eager-torch-float64-real-side]" time="0.074" /><testcase classname="tests.test_cuda_matrix" name="test_forward_cell[fused-eager-torch-float64-complex-default]" time="0.003" /><testcase classname="tests.test_cuda_matrix" name="test_forward_cell[fused-eager-torch-float64-complex-side]" time="0.003" /><testcase classname="tests.test_cuda_matrix" name="test_forward_cell[fused-eager-fused-float32-real-default]" time="0.035" /><testcase classname="tests.test_cuda_matrix" name="test_forward_cell[fused-eager-fused-float32-real-side]" time="0.043" /><testcase classname="tests.test_cuda_matrix" name="test_forward_cell[fused-eager-fused-float32-complex-default]" time="0.002" /><testcase classname="tests.test_cuda_matrix" name="test_forward_cell[fused-eager-fused-float32-complex-side]" time="0.002" /><testcase classname="tests.test_cuda_matrix" name="test_forward_cell[fused-eager-fused-float64-real-default]" time="0.035" /><testcase classname="tests.test_cuda_matrix" name="test_forward_cell[fused-eager-fused-float64-real-side]" time="0.039" /><testcase classname="tests.test_cuda_matrix" name="test_forward_cell[fused-eager-fused-float64-complex-default]" time="0.003" /><testcase classname="tests.test_cuda_matrix" name="test_forward_cell[fused-eager-fused-float64-complex-side]" time="0.003" /><testcase classname="tests.test_cuda_matrix" name="test_forward_cell[fused-graph-torch-float32-real-default]" time="0.038" /><testcase classname="tests.test_cuda_matrix" name="test_forward_cell[fused-graph-torch-float32-real-side]" time="0.038" /><testcase classname="tests.test_cuda_matrix" name="test_forward_cell[fused-graph-torch-float32-complex-default]" time="0.003" /><testcase classname="tests.test_cuda_matrix" name="test_forward_cell[fused-graph-torch-float32-complex-side]" time="0.003" /><testcase classname="tests.test_cuda_matrix" name="test_forward_cell[fused-graph-torch-float64-real-default]" time="0.034" /><testcase classname="tests.test_cuda_matrix" name="test_forward_cell[fused-graph-torch-float64-real-side]" time="0.039" /><testcase classname="tests.test_cuda_matrix" name="test_forward_cell[fused-graph-torch-float64-complex-default]" time="0.003" /><testcase classname="tests.test_cuda_matrix" name="test_forward_cell[fused-graph-torch-float64-complex-side]" time="0.002" /><testcase classname="tests.test_cuda_matrix" name="test_forward_cell[fused-graph-fused-float32-real-default]" time="0.031" /><testcase classname="tests.test_cuda_matrix" name="test_forward_cell[fused-graph-fused-float32-real-side]" time="0.029" /><testcase classname="tests.test_cuda_matrix" name="test_forward_cell[fused-graph-fused-float32-complex-default]" time="0.003" /><testcase classname="tests.test_cuda_matrix" name="test_forward_cell[fused-graph-fused-float32-complex-side]" time="0.002" /><testcase classname="tests.test_cuda_matrix" name="test_forward_cell[fused-graph-fused-float64-real-default]" time="0.026" /><testcase classname="tests.test_cuda_matrix" name="test_forward_cell[fused-graph-fused-float64-real-side]" time="0.031" /><testcase classname="tests.test_cuda_matrix" name="test_forward_cell[fused-graph-fused-float64-complex-default]" time="0.003" /><testcase classname="tests.test_cuda_matrix" name="test_forward_cell[fused-graph-fused-float64-complex-side]" time="0.003" /><testcase classname="tests.test_cuda_matrix" name="test_adjoint_cell[torch-torch-float32-real-default]" time="2.017" /><testcase classname="tests.test_cuda_matrix" name="test_adjoint_cell[torch-torch-float32-real-side]" time="0.371" /><testcase classname="tests.test_cuda_matrix" name="test_adjoint_cell[torch-torch-float32-complex-default]" time="1.288" /><testcase classname="tests.test_cuda_matrix" name="test_adjoint_cell[torch-torch-float32-complex-side]" time="1.247" /><testcase classname="tests.test_cuda_matrix" name="test_adjoint_cell[torch-torch-float64-real-default]" time="0.414" /><testcase classname="tests.test_cuda_matrix" name="test_adjoint_cell[torch-torch-float64-real-side]" time="0.368" /><testcase classname="tests.test_cuda_matrix" name="test_adjoint_cell[torch-torch-float64-complex-default]" time="1.204" /><testcase classname="tests.test_cuda_matrix" name="test_adjoint_cell[torch-torch-float64-complex-side]" time="1.212" /><testcase classname="tests.test_cuda_matrix" name="test_adjoint_cell[torch-fused-float32-real-default]" time="0.248" /><testcase classname="tests.test_cuda_matrix" name="test_adjoint_cell[torch-fused-float32-real-side]" time="0.079" /><testcase classname="tests.test_cuda_matrix" name="test_adjoint_cell[torch-fused-float32-complex-default]" time="1.150" /><testcase classname="tests.test_cuda_matrix" name="test_adjoint_cell[torch-fused-float32-complex-side]" time="0.980" /><testcase classname="tests.test_cuda_matrix" name="test_adjoint_cell[torch-fused-float64-real-default]" time="0.246" /><testcase classname="tests.test_cuda_matrix" name="test_adjoint_cell[torch-fused-float64-real-side]" time="0.074" /><testcase classname="tests.test_cuda_matrix" name="test_adjoint_cell[torch-fused-float64-complex-default]" time="1.156" /><testcase classname="tests.test_cuda_matrix" name="test_adjoint_cell[torch-fused-float64-complex-side]" time="0.978" /><testcase classname="tests.test_cuda_matrix" name="test_adjoint_cell[fused-torch-float32-real-default]" time="0.353" /><testcase classname="tests.test_cuda_matrix" name="test_adjoint_cell[fused-torch-float32-real-side]" time="0.359" /><testcase classname="tests.test_cuda_matrix" name="test_adjoint_cell[fused-torch-float32-complex-default]" time="0.399" /><testcase classname="tests.test_cuda_matrix" name="test_adjoint_cell[fused-torch-float32-complex-side]" time="0.314" /><testcase classname="tests.test_cuda_matrix" name="test_adjoint_cell[fused-torch-float64-real-default]" time="0.370" /><testcase classname="tests.test_cuda_matrix" name="test_adjoint_cell[fused-torch-float64-real-side]" time="0.372" /><testcase classname="tests.test_cuda_matrix" name="test_adjoint_cell[fused-torch-float64-complex-default]" time="0.399" /><testcase classname="tests.test_cuda_matrix" name="test_adjoint_cell[fused-torch-float64-complex-side]" time="0.334" /><testcase classname="tests.test_cuda_matrix" name="test_adjoint_cell[fused-fused-float32-real-default]" time="0.087" /><testcase classname="tests.test_cuda_matrix" name="test_adjoint_cell[fused-fused-float32-real-side]" time="0.076" /><testcase classname="tests.test_cuda_matrix" name="test_adjoint_cell[fused-fused-float32-complex-default]" time="0.067" /><testcase classname="tests.test_cuda_matrix" name="test_adjoint_cell[fused-fused-float32-complex-side]" time="0.067" /><testcase classname="tests.test_cuda_matrix" name="test_adjoint_cell[fused-fused-float64-real-default]" time="0.088" /><testcase classname="tests.test_cuda_matrix" name="test_adjoint_cell[fused-fused-float64-real-side]" time="0.079" /><testcase classname="tests.test_cuda_matrix" name="test_adjoint_cell[fused-fused-float64-complex-default]" time="0.064" /><testcase classname="tests.test_cuda_matrix" name="test_adjoint_cell[fused-fused-float64-complex-side]" time="0.067" /><testcase classname="tests.test_cuda_matrix" name="test_adjoint_rejects_unsupported_combinations_by_name" time="0.005" /><testcase classname="tests.test_cuda_matrix" name="test_forward_rejects_unsupported_combinations_by_name" time="0.011" /></testsuite></testsuites>