<?xml version="1.0" encoding="utf-8"?><testsuites name="pytest tests"><testsuite name="pytest" errors="0" failures="0" skipped="0" tests="30" time="248.490" timestamp="2026-09-23T21:00:24.299295+09:00" hostname="DESKTOP-N5DFT8J"><testcase classname="tests.test_streamed_restart" name="test_backward_resumes_after_interrupt[1-cpu-host]" time="10.396" /><testcase classname="tests.test_streamed_restart" name="test_backward_resumes_after_interrupt[1-cpu-disk]" time="10.147" /><testcase classname="tests.test_streamed_restart" name="test_backward_resumes_after_interrupt[1-cuda-host]" time="11.497" /><testcase classname="tests.test_streamed_restart" name="test_backward_resumes_after_interrupt[1-cuda-disk]" time="10.822" /><testcase classname="tests.test_streamed_restart" name="test_backward_resumes_after_interrupt[3-cpu-host]" time="9.882" /><testcase classname="tests.test_streamed_restart" name="test_backward_resumes_after_interrupt[3-cpu-disk]" time="10.868" /><testcase classname="tests.test_streamed_restart" name="test_backward_resumes_after_interrupt[3-cuda-host]" time="10.276" /><testcase classname="tests.test_streamed_restart" name="test_backward_resumes_after_interrupt[3-cuda-disk]" time="11.167" /><testcase classname="tests.test_streamed_restart" name="test_forward_resumes_after_interrupt[1-host]" time="9.859" /><testcase classname="tests.test_streamed_restart" name="test_forward_resumes_after_interrupt[1-disk]" time="10.086" /><testcase classname="tests.test_streamed_restart" name="test_forward_resumes_after_interrupt[3-host]" time="10.395" /><testcase classname="tests.test_streamed_restart" name="test_forward_resumes_after_interrupt[3-disk]" time="10.043" /><testcase classname="tests.test_streamed_restart" name="test_every_blocks_controls_record_count" time="4.947" /><testcase classname="tests.test_streamed_restart" name="test_contract_and_signal_adjoint_mismatch_are_rejected" time="9.642" /><testcase classname="tests.test_streamed_restart" name="test_changed_package_file_is_rejected_by_the_contract[boundaries.py]" time="1.699" /><testcase classname="tests.test_streamed_restart" name="test_changed_package_file_is_rejected_by_the_contract[differentiable.py]" time="1.838" /><testcase classname="tests.test_streamed_restart" name="test_changed_package_file_is_rejected_by_the_contract[waveforms.py]" time="1.555" /><testcase classname="tests.test_streamed_restart" name="test_changed_package_file_is_rejected_by_the_contract[cuda_kernels.py]" time="1.486" /><testcase classname="tests.test_streamed_restart" name="test_changed_inputs_are_rejected_with_the_contract_key_named[epsilon-epsilon_sha256]" time="10.370" /><testcase classname="tests.test_streamed_restart" name="test_changed_inputs_are_rejected_with_the_contract_key_named[waveform-project_sha256]" time="10.345" /><testcase classname="tests.test_streamed_restart" name="test_changed_inputs_are_rejected_with_the_contract_key_named[steps-project_sha256, starts]" time="9.877" /><testcase classname="tests.test_streamed_restart" name="test_changed_inputs_are_rejected_with_the_contract_key_named[time_step-project_sha256]" time="10.340" /><testcase classname="tests.test_streamed_restart" name="test_changed_inputs_are_rejected_with_the_contract_key_named[courant-project_sha256]" time="9.843" /><testcase classname="tests.test_streamed_restart" name="test_stamped_or_replaced_project_resumes_the_journal" time="10.099" /><testcase classname="tests.test_streamed_restart" name="test_journal_and_banks_share_a_volume_by_identity_not_by_path" time="0.009" /><testcase classname="tests.test_streamed_restart" name="test_reservation_covers_the_signal_history_of_coexisting_records" time="15.547" /><testcase classname="tests.test_streamed_restart" name="test_stale_temporary_records_are_removed_only_inside_the_journal" time="10.213" /><testcase classname="tests.test_streamed_restart" name="test_restart_journal_space_is_checked" time="0.005" /><testcase classname="tests.test_streamed_restart" name="test_existing_journal_records_count_toward_the_reservation" time="0.010" /><testcase classname="tests.test_streamed_restart" name="test_killed_process_is_resumed_by_a_new_process" time="15.118" /></testsuite></testsuites>