<?xml version="1.0" encoding="utf-8"?><testsuites name="pytest tests"><testsuite name="pytest" errors="0" failures="0" skipped="0" tests="7" time="12.870" timestamp="2026-09-23T13:29:53.844406+09:00" hostname="DESKTOP-N5DFT8J"><testcase classname="tests.test_admission_peak_g5" name="test_reservation_bounds_measured_peaks_on_every_rung" time="11.516" /><testcase classname="tests.test_admission_peak_g5" name="test_registry_admits_only_one_of_two_simultaneous_requests" time="0.002" /><testcase classname="tests.test_admission_peak_g5" name="test_registry_requests_are_all_or_nothing_across_tiers" time="0.001" /><testcase classname="tests.test_admission_peak_g5" name="test_streamed_requests_name_every_tier_of_the_options" time="0.005" /><testcase classname="tests.test_admission_peak_g5" name="test_second_concurrent_run_is_refused_and_the_lease_is_released[host]" time="0.589" /><testcase classname="tests.test_admission_peak_g5" name="test_second_concurrent_run_is_refused_and_the_lease_is_released[disk]" time="0.671" /><testcase classname="tests.test_admission_peak_g5" name="test_failed_phase_releases_its_lease" time="0.010" /></testsuite></testsuites>