<?xml version="1.0" encoding="utf-8"?><testsuites name="pytest tests"><testsuite name="pytest" errors="0" failures="0" skipped="0" tests="12" time="104.794" timestamp="2026-09-22T02:17:18.577354+09:00" hostname="DESKTOP-N5DFT8J"><testcase classname="tests.test_physics_g3_a.TestG303" name="test_analytic_slab_against_tmm[drude-TE-h20]" time="4.254" /><testcase classname="tests.test_physics_g3_a.TestG303" name="test_analytic_slab_against_tmm[drude-TE-h10]" time="15.276" /><testcase classname="tests.test_physics_g3_a.TestG303" name="test_analytic_slab_against_tmm[drude-TM-h20]" time="4.273" /><testcase classname="tests.test_physics_g3_a.TestG303" name="test_analytic_slab_against_tmm[drude-TM-h10]" time="15.662" /><testcase classname="tests.test_physics_g3_a.TestG303" name="test_analytic_slab_against_tmm[lorentz-TE-h20]" time="4.415" /><testcase classname="tests.test_physics_g3_a.TestG303" name="test_analytic_slab_against_tmm[lorentz-TE-h10]" time="16.719" /><testcase classname="tests.test_physics_g3_a.TestG303" name="test_analytic_slab_against_tmm[lorentz-TM-h20]" time="4.259" /><testcase classname="tests.test_physics_g3_a.TestG303" name="test_analytic_slab_against_tmm[lorentz-TM-h10]" time="16.425" /><testcase classname="tests.test_physics_g3_a.TestG303" name="test_fitted_material_slab[drude]" time="4.253" /><testcase classname="tests.test_physics_g3_a.TestG303" name="test_fitted_material_slab[lorentz]" time="4.399" /><testcase classname="tests.test_physics_g3_a.TestG303" name="test_ade_constitutive_error[drude]" time="1.322" /><testcase classname="tests.test_physics_g3_a.TestG303" name="test_ade_constitutive_error[lorentz]" time="1.841" /></testsuite></testsuites>