<?xml version="1.0" encoding="utf-8"?><testsuites name="pytest tests"><testsuite name="pytest" errors="0" failures="0" skipped="0" tests="42" time="194.864" timestamp="2026-09-23T13:23:37.378990+09:00" hostname="DESKTOP-N5DFT8J"><testcase classname="tests.test_suite_policy" name="test_cuda_marker_rules" time="16.313" /><testcase classname="tests.test_suite_policy" name="test_gpu_required_turns_cuda_skips_into_failures" time="4.682" /><testcase classname="tests.test_suite_policy" name="test_without_gpu_required_cuda_skips_stay_skips" time="5.524" /><testcase classname="tests.test_suite_policy" name="test_cpu_pr_suite_hides_cuda_and_deselects_cuda_and_long_tests" time="0.467" /><testcase classname="tests.test_suite_policy" name="test_gpu_nightly_suite_requires_the_gpu_and_excludes_long_tests" time="0.086" /><testcase classname="tests.test_suite_policy" name="test_release_full_suite_enables_opt_in_tests" time="0.882" /><testcase classname="tests.test_suite_policy" name="test_gpu_suites_refuse_to_run_without_a_cuda_device" time="4.940" /><testcase classname="tests.test_suite_policy" name="test_markers_are_declared_in_pyproject" time="0.003" /><testcase classname="tests.test_release_gates" name="test_passing_junit_records_verified_evidence_with_every_required_field" time="4.119" /><testcase classname="tests.test_release_gates" name="test_injected_failure_marks_failed_and_judge_rejects" time="6.322" /><testcase classname="tests.test_release_gates" name="test_injected_error_marks_failed" time="2.343" /><testcase classname="tests.test_release_gates" name="test_skipped_required_test_stays_not_run_and_judge_exits_nonzero" time="2.323" /><testcase classname="tests.test_release_gates" name="test_skipped_unrequired_test_still_verifies_but_required_absence_does_not" time="7.060" /><testcase classname="tests.test_release_gates" name="test_gpu_required_skip_of_an_unlisted_test_is_a_failure" time="1.374" /><testcase classname="tests.test_release_gates" name="test_gpu_skip_reasons_are_classified_and_optional_checks_are_not[could not import 'cupy': No module named cupy]" time="1.168" /><testcase classname="tests.test_release_gates" name="test_gpu_skip_reasons_are_classified_and_optional_checks_are_not[Requires installed GPU]" time="1.933" /><testcase classname="tests.test_release_gates" name="test_gpu_skip_reasons_are_classified_and_optional_checks_are_not[CUDA GPU not available]" time="1.800" /><testcase classname="tests.test_release_gates" name="test_judge_classifies_gpu_skips_in_evidence_recorded_without_the_field" time="1.626" /><testcase classname="tests.test_release_gates" name="test_nonzero_exit_code_without_failures_does_not_verify" time="0.971" /><testcase classname="tests.test_release_gates" name="test_parametrized_required_test_matches_instances" time="1.834" /><testcase classname="tests.test_release_gates" name="test_modified_test_file_after_recording_is_a_hash_mismatch" time="1.787" /><testcase classname="tests.test_release_gates" name="test_evidence_from_a_commit_that_is_not_an_ancestor_is_stale" time="6.881" /><testcase classname="tests.test_release_gates" name="test_missing_evidence_file_is_reported" time="4.468" /><testcase classname="tests.test_release_gates" name="test_hand_marked_verified_without_evidence_is_rejected" time="0.716" /><testcase classname="tests.test_release_gates" name="test_hand_marked_verified_over_failed_evidence_is_rejected" time="1.705" /><testcase classname="tests.test_release_gates" name="test_profile_judgement_needs_every_required_task_and_reports_blockers" time="5.905" /><testcase classname="tests.test_release_gates" name="test_failed_task_outside_the_profile_blocks_release" time="14.205" /><testcase classname="tests.test_release_gates" name="test_dirty_required_test_is_refused_and_allow_dirty_evidence_fails_the_judge" time="4.917" /><testcase classname="tests.test_release_gates" name="test_fixture_and_criteria_hashes_are_recorded_and_checked" time="7.057" /><testcase classname="tests.test_release_gates" name="test_unknown_task_is_refused" time="1.213" /><testcase classname="tests.test_release_gates" name="test_repository_gate_file_is_adopted_and_not_yet_releasable" time="18.462" /><testcase classname="tests.test_release_gates" name="test_junit_older_than_the_commit_is_refused_unless_allowed_and_then_warned" time="11.530" /><testcase classname="tests.test_release_gates" name="test_judge_derives_the_precommit_warning_for_evidence_without_the_field" time="3.808" /><testcase classname="tests.test_release_gates" name="test_watched_data_files_are_hashed_and_a_change_or_a_new_match_is_stale" time="13.613" /><testcase classname="tests.test_release_gates" name="test_evidence_that_predates_the_watch_list_is_stale" time="4.850" /><testcase classname="tests.test_release_gates" name="test_file_level_required_tests_are_enumerated_and_a_partial_run_is_not_verified" time="6.316" /><testcase classname="tests.test_release_gates" name="test_optional_platform_skip_inside_a_file_level_entry_is_allowed_but_another_skip_is_not" time="6.529" /><testcase classname="tests.test_release_gates" name="test_file_level_entry_needs_an_enumerable_command" time="0.835" /><testcase classname="tests.test_release_gates" name="test_hand_edited_evidence_or_junit_copy_is_rejected_by_the_judge" time="2.123" /><testcase classname="tests.test_release_gates" name="test_environment_records_package_locations_and_the_original_junit_path" time="2.052" /><testcase classname="tests.test_release_gates" name="test_case_first_committed_after_the_run_is_a_declaration_warning_not_a_failure" time="2.040" /><testcase classname="tests.test_release_gates" name="test_scope_changes_without_approval_are_warned_and_listed" time="7.848" /></testsuite></testsuites>