<?xml version="1.0" encoding="utf-8"?><testsuites name="pytest tests"><testsuite name="pytest" errors="0" failures="0" skipped="0" tests="4" time="4647.480" timestamp="2026-09-26T20:35:03.766412+09:00" hostname="DESKTOP-N5DFT8J"><testcase classname="tests.test_physics_g3_05r5" name="test_g3_05r5_drude_sphere_subpixel[0.027]" time="4622.268" /><testcase classname="tests.test_physics_g3_05r5" name="test_g3_05r5_drude_sphere_subpixel[0.0425]" time="0.182" /><testcase classname="tests.test_physics_g3_05r5" name="test_g3_05r5_drude_sphere_subpixel[0.058]" time="0.173" /><testcase classname="tests.test_physics_g3_05r5" name="test_g3_05r5_drude_cuda_layer_a" time="24.792" /></testsuite></testsuites>