<?xml version="1.0" encoding="utf-8"?><testsuites name="pytest tests"><testsuite name="pytest" errors="0" failures="0" skipped="0" tests="74" time="261.685" timestamp="2026-09-22T05:00:06.173976+09:00" hostname="DESKTOP-N5DFT8J"><testcase classname="tests.test_memory_paths_g5" name="test_streamed_tier_matches_resident_cuda[float32-scalar-history-host_sync]" time="7.495" /><testcase classname="tests.test_memory_paths_g5" name="test_streamed_tier_matches_resident_cuda[float32-scalar-history-disk_sync]" time="2.567" /><testcase classname="tests.test_memory_paths_g5" name="test_streamed_tier_matches_resident_cuda[float32-scalar-history-host_async]" time="1.807" /><testcase classname="tests.test_memory_paths_g5" name="test_streamed_tier_matches_resident_cuda[float32-scalar-online-host_sync]" time="2.202" /><testcase classname="tests.test_memory_paths_g5" name="test_streamed_tier_matches_resident_cuda[float32-scalar-online-disk_sync]" time="2.327" /><testcase classname="tests.test_memory_paths_g5" name="test_streamed_tier_matches_resident_cuda[float32-scalar-online-host_async]" time="1.657" /><testcase classname="tests.test_memory_paths_g5" name="test_streamed_tier_matches_resident_cuda[float32-scalar-plane-host_sync]" time="2.094" /><testcase classname="tests.test_memory_paths_g5" name="test_streamed_tier_matches_resident_cuda[float32-scalar-plane-disk_sync]" time="2.387" /><testcase classname="tests.test_memory_paths_g5" name="test_streamed_tier_matches_resident_cuda[float32-scalar-plane-host_async]" time="1.952" /><testcase classname="tests.test_memory_paths_g5" name="test_streamed_tier_matches_resident_cuda[float32-diagonal-history-host_sync]" time="2.624" /><testcase classname="tests.test_memory_paths_g5" name="test_streamed_tier_matches_resident_cuda[float32-diagonal-history-disk_sync]" time="2.292" /><testcase classname="tests.test_memory_paths_g5" name="test_streamed_tier_matches_resident_cuda[float32-diagonal-history-host_async]" time="1.824" /><testcase classname="tests.test_memory_paths_g5" name="test_streamed_tier_matches_resident_cuda[float32-diagonal-online-host_sync]" time="2.037" /><testcase classname="tests.test_memory_paths_g5" name="test_streamed_tier_matches_resident_cuda[float32-diagonal-online-disk_sync]" time="2.353" /><testcase classname="tests.test_memory_paths_g5" name="test_streamed_tier_matches_resident_cuda[float32-diagonal-online-host_async]" time="1.727" /><testcase classname="tests.test_memory_paths_g5" name="test_streamed_tier_matches_resident_cuda[float32-diagonal-plane-host_sync]" time="2.167" /><testcase classname="tests.test_memory_paths_g5" name="test_streamed_tier_matches_resident_cuda[float32-diagonal-plane-disk_sync]" time="2.867" /><testcase classname="tests.test_memory_paths_g5" name="test_streamed_tier_matches_resident_cuda[float32-diagonal-plane-host_async]" time="2.010" /><testcase classname="tests.test_memory_paths_g5" name="test_streamed_tier_matches_resident_cuda[float32-drude-history-host_sync]" time="5.485" /><testcase classname="tests.test_memory_paths_g5" name="test_streamed_tier_matches_resident_cuda[float32-drude-history-disk_sync]" time="3.232" /><testcase classname="tests.test_memory_paths_g5" name="test_streamed_tier_matches_resident_cuda[float32-drude-history-host_async]" time="2.517" /><testcase classname="tests.test_memory_paths_g5" name="test_streamed_tier_matches_resident_cuda[float32-drude-online-host_sync]" time="4.430" /><testcase classname="tests.test_memory_paths_g5" name="test_streamed_tier_matches_resident_cuda[float32-drude-online-disk_sync]" time="3.500" /><testcase classname="tests.test_memory_paths_g5" name="test_streamed_tier_matches_resident_cuda[float32-drude-online-host_async]" time="3.019" /><testcase classname="tests.test_memory_paths_g5" name="test_streamed_tier_matches_resident_cuda[float32-drude-plane-host_sync]" time="4.623" /><testcase classname="tests.test_memory_paths_g5" name="test_streamed_tier_matches_resident_cuda[float32-drude-plane-disk_sync]" time="3.309" /><testcase classname="tests.test_memory_paths_g5" name="test_streamed_tier_matches_resident_cuda[float32-drude-plane-host_async]" time="2.932" /><testcase classname="tests.test_memory_paths_g5" name="test_streamed_tier_matches_resident_cuda[float32-pmc-history-host_sync]" time="3.268" /><testcase classname="tests.test_memory_paths_g5" name="test_streamed_tier_matches_resident_cuda[float32-pmc-history-disk_sync]" time="2.625" /><testcase classname="tests.test_memory_paths_g5" name="test_streamed_tier_matches_resident_cuda[float32-pmc-history-host_async]" time="2.270" /><testcase classname="tests.test_memory_paths_g5" name="test_streamed_tier_matches_resident_cuda[float32-pmc-online-host_sync]" time="2.747" /><testcase classname="tests.test_memory_paths_g5" name="test_streamed_tier_matches_resident_cuda[float32-pmc-online-disk_sync]" time="2.735" /><testcase classname="tests.test_memory_paths_g5" name="test_streamed_tier_matches_resident_cuda[float32-pmc-online-host_async]" time="2.443" /><testcase classname="tests.test_memory_paths_g5" name="test_streamed_tier_matches_resident_cuda[float64-scalar-history-host_sync]" time="4.128" /><testcase classname="tests.test_memory_paths_g5" name="test_streamed_tier_matches_resident_cuda[float64-scalar-history-disk_sync]" time="2.363" /><testcase classname="tests.test_memory_paths_g5" name="test_streamed_tier_matches_resident_cuda[float64-scalar-history-host_async]" time="1.923" /><testcase classname="tests.test_memory_paths_g5" name="test_streamed_tier_matches_resident_cuda[float64-scalar-online-host_sync]" time="2.128" /><testcase classname="tests.test_memory_paths_g5" name="test_streamed_tier_matches_resident_cuda[float64-scalar-online-disk_sync]" time="2.261" /><testcase classname="tests.test_memory_paths_g5" name="test_streamed_tier_matches_resident_cuda[float64-scalar-online-host_async]" time="1.864" /><testcase classname="tests.test_memory_paths_g5" name="test_streamed_tier_matches_resident_cuda[float64-scalar-plane-host_sync]" time="2.307" /><testcase classname="tests.test_memory_paths_g5" name="test_streamed_tier_matches_resident_cuda[float64-scalar-plane-disk_sync]" time="2.560" /><testcase classname="tests.test_memory_paths_g5" name="test_streamed_tier_matches_resident_cuda[float64-scalar-plane-host_async]" time="1.864" /><testcase classname="tests.test_memory_paths_g5" name="test_streamed_tier_matches_resident_cuda[float64-diagonal-history-host_sync]" time="2.264" /><testcase classname="tests.test_memory_paths_g5" name="test_streamed_tier_matches_resident_cuda[float64-diagonal-history-disk_sync]" time="2.259" /><testcase classname="tests.test_memory_paths_g5" name="test_streamed_tier_matches_resident_cuda[float64-diagonal-history-host_async]" time="1.615" /><testcase classname="tests.test_memory_paths_g5" name="test_streamed_tier_matches_resident_cuda[float64-diagonal-online-host_sync]" time="2.087" /><testcase classname="tests.test_memory_paths_g5" name="test_streamed_tier_matches_resident_cuda[float64-diagonal-online-disk_sync]" time="2.538" /><testcase classname="tests.test_memory_paths_g5" name="test_streamed_tier_matches_resident_cuda[float64-diagonal-online-host_async]" time="2.025" /><testcase classname="tests.test_memory_paths_g5" name="test_streamed_tier_matches_resident_cuda[float64-diagonal-plane-host_sync]" time="2.084" /><testcase classname="tests.test_memory_paths_g5" name="test_streamed_tier_matches_resident_cuda[float64-diagonal-plane-disk_sync]" time="2.565" /><testcase classname="tests.test_memory_paths_g5" name="test_streamed_tier_matches_resident_cuda[float64-diagonal-plane-host_async]" time="2.094" /><testcase classname="tests.test_memory_paths_g5" name="test_streamed_tier_matches_resident_cuda[float64-drude-history-host_sync]" time="5.567" /><testcase classname="tests.test_memory_paths_g5" name="test_streamed_tier_matches_resident_cuda[float64-drude-history-disk_sync]" time="4.167" /><testcase classname="tests.test_memory_paths_g5" name="test_streamed_tier_matches_resident_cuda[float64-drude-history-host_async]" time="2.930" /><testcase classname="tests.test_memory_paths_g5" name="test_streamed_tier_matches_resident_cuda[float64-drude-online-host_sync]" time="4.856" /><testcase classname="tests.test_memory_paths_g5" name="test_streamed_tier_matches_resident_cuda[float64-drude-online-disk_sync]" time="3.484" /><testcase classname="tests.test_memory_paths_g5" name="test_streamed_tier_matches_resident_cuda[float64-drude-online-host_async]" time="3.033" /><testcase classname="tests.test_memory_paths_g5" name="test_streamed_tier_matches_resident_cuda[float64-drude-plane-host_sync]" time="4.699" /><testcase classname="tests.test_memory_paths_g5" name="test_streamed_tier_matches_resident_cuda[float64-drude-plane-disk_sync]" time="3.453" /><testcase classname="tests.test_memory_paths_g5" name="test_streamed_tier_matches_resident_cuda[float64-drude-plane-host_async]" time="3.047" /><testcase classname="tests.test_memory_paths_g5" name="test_streamed_tier_matches_resident_cuda[float64-pmc-history-host_sync]" time="3.377" /><testcase classname="tests.test_memory_paths_g5" name="test_streamed_tier_matches_resident_cuda[float64-pmc-history-disk_sync]" time="2.793" /><testcase classname="tests.test_memory_paths_g5" name="test_streamed_tier_matches_resident_cuda[float64-pmc-history-host_async]" time="2.276" /><testcase classname="tests.test_memory_paths_g5" name="test_streamed_tier_matches_resident_cuda[float64-pmc-online-host_sync]" time="2.670" /><testcase classname="tests.test_memory_paths_g5" name="test_streamed_tier_matches_resident_cuda[float64-pmc-online-disk_sync]" time="2.589" /><testcase classname="tests.test_memory_paths_g5" name="test_streamed_tier_matches_resident_cuda[float64-pmc-online-host_async]" time="2.477" /><testcase classname="tests.test_memory_paths_g5" name="test_streamed_tier_matches_resident_cuda[float32-tensor-online-host_sync]" time="25.942" /><testcase classname="tests.test_memory_paths_g5" name="test_streamed_tier_matches_resident_cuda[float32-tensor-online-disk_sync]" time="22.651" /><testcase classname="tests.test_memory_paths_g5" name="test_streamed_tier_matches_resident_cuda[float32-tensor-online-host_async]" time="21.464" /><testcase classname="tests.test_memory_paths_g5" name="test_unsupported_combinations_are_refused_by_the_registry_rule[planes_pmc-overrides0-&lt;lambda&gt;]" time="0.006" /><testcase classname="tests.test_memory_paths_g5" name="test_unsupported_combinations_are_refused_by_the_registry_rule[streamed_dispersive_oneway-overrides1-&lt;lambda&gt;]" time="0.006" /><testcase classname="tests.test_memory_paths_g5" name="test_unsupported_combinations_are_refused_by_the_registry_rule[streamed_dispersive_planes_oneway-overrides2-&lt;lambda&gt;]" time="0.077" /><testcase classname="tests.test_memory_paths_g5" name="test_unsupported_combinations_are_refused_by_the_registry_rule[mode_network_streamed-overrides3-&lt;lambda&gt;]" time="0.003" /><testcase classname="tests.test_memory_paths_g5" name="test_admitted_combinations_name_the_streamed_lanes" time="0.001" /></testsuite></testsuites>