<?xml version="1.0" encoding="utf-8"?><testsuites name="pytest tests"><testsuite name="pytest" errors="0" failures="0" skipped="0" tests="58" time="19.190" timestamp="2026-09-24T03:07:22.304310+09:00" hostname="DESKTOP-N5DFT8J"><testcase classname="tests.test_adjoint_planes" name="test_planes_and_flux_vjp_match_full_autograd[cpu-resident]" time="0.142" /><testcase classname="tests.test_adjoint_planes" name="test_planes_and_flux_vjp_match_full_autograd[cpu-host]" time="0.258" /><testcase classname="tests.test_adjoint_planes" name="test_planes_and_flux_vjp_match_full_autograd[cpu-disk]" time="0.314" /><testcase classname="tests.test_adjoint_planes" name="test_planes_and_flux_vjp_match_full_autograd[cuda-resident]" time="1.350" /><testcase classname="tests.test_adjoint_planes" name="test_planes_and_flux_vjp_match_full_autograd[cuda-host]" time="1.584" /><testcase classname="tests.test_adjoint_planes" name="test_planes_and_flux_vjp_match_full_autograd[cuda-disk]" time="0.320" /><testcase classname="tests.test_adjoint_planes" name="test_three_dimensional_plane_and_flux" time="0.218" /><testcase classname="tests.test_adjoint_planes" name="test_affine_spatial_interpolation_and_quadrature" time="0.006" /><testcase classname="tests.test_adjoint_planes" name="test_reference_normalization_and_field_subtraction_gradients" time="0.003" /><testcase classname="tests.test_adjoint_planes" name="test_fp32_normalized_flux_preserves_both_graphs_at_photonic_si_scales[False]" time="0.004" /><testcase classname="tests.test_adjoint_planes" name="test_fp32_normalized_flux_preserves_both_graphs_at_photonic_si_scales[True]" time="0.003" /><testcase classname="tests.test_adjoint_planes" name="test_unsupported_monitor_settings_are_rejected" time="0.006" /><testcase classname="tests.test_adjoint_planes" name="test_native_frequency_plane_matches_complex_fields_and_flux" time="0.035" /><testcase classname="tests.test_adjoint_planes" name="test_shared_planes_deduplicate_samples_and_budget_before_state" time="0.022" /><testcase classname="tests.test_adjoint_planes" name="test_normalized_plane_material_derivative_finite_difference" time="0.090" /><testcase classname="tests.test_adjoint_planes" name="test_nonuniform_mesh_plane_gradient" time="0.116" /><testcase classname="tests.test_adjoint_planes" name="test_mutated_fixed_configuration_is_rejected[False]" time="0.010" /><testcase classname="tests.test_adjoint_planes" name="test_mutated_fixed_configuration_is_rejected[True]" time="0.007" /><testcase classname="tests.test_adjoint_planes" name="test_internal_solver_keeps_the_auto_refined_plane_mesh" time="0.048" /><testcase classname="tests.test_adjoint_planes" name="test_plane_signature_tracks_realized_mesh_not_placement_or_structure" time="0.072" /><testcase classname="tests.test_adjoint_planes" name="test_reference_fingerprint_ignores_ids_names_and_display_options" time="0.030" /><testcase classname="tests.test_plane_mesh_combinations" name="test_ordinary_plane_monitors_use_the_project_mesh[cpu-uniform-2d]" time="0.047" /><testcase classname="tests.test_plane_mesh_combinations" name="test_ordinary_plane_monitors_use_the_project_mesh[cpu-uniform-3d]" time="0.204" /><testcase classname="tests.test_plane_mesh_combinations" name="test_ordinary_plane_monitors_use_the_project_mesh[cpu-graded-2d]" time="0.046" /><testcase classname="tests.test_plane_mesh_combinations" name="test_ordinary_plane_monitors_use_the_project_mesh[cpu-graded-3d]" time="0.196" /><testcase classname="tests.test_plane_mesh_combinations" name="test_ordinary_plane_monitors_use_the_project_mesh[cpu-explicit-2d]" time="0.060" /><testcase classname="tests.test_plane_mesh_combinations" name="test_ordinary_plane_monitors_use_the_project_mesh[cpu-explicit-3d]" time="0.219" /><testcase classname="tests.test_plane_mesh_combinations" name="test_ordinary_plane_monitors_use_the_project_mesh[cuda-uniform-2d]" time="0.132" /><testcase classname="tests.test_plane_mesh_combinations" name="test_ordinary_plane_monitors_use_the_project_mesh[cuda-uniform-3d]" time="0.101" /><testcase classname="tests.test_plane_mesh_combinations" name="test_ordinary_plane_monitors_use_the_project_mesh[cuda-graded-2d]" time="0.079" /><testcase classname="tests.test_plane_mesh_combinations" name="test_ordinary_plane_monitors_use_the_project_mesh[cuda-graded-3d]" time="0.116" /><testcase classname="tests.test_plane_mesh_combinations" name="test_ordinary_plane_monitors_use_the_project_mesh[cuda-explicit-2d]" time="0.096" /><testcase classname="tests.test_plane_mesh_combinations" name="test_ordinary_plane_monitors_use_the_project_mesh[cuda-explicit-3d]" time="0.134" /><testcase classname="tests.test_plane_mesh_combinations" name="test_differentiable_planes_share_the_solver_mesh_and_spectra[resident-cpu-uniform-2d]" time="0.077" /><testcase classname="tests.test_plane_mesh_combinations" name="test_differentiable_planes_share_the_solver_mesh_and_spectra[resident-cpu-uniform-3d]" time="0.298" /><testcase classname="tests.test_plane_mesh_combinations" name="test_differentiable_planes_share_the_solver_mesh_and_spectra[resident-cpu-graded-2d]" time="0.095" /><testcase classname="tests.test_plane_mesh_combinations" name="test_differentiable_planes_share_the_solver_mesh_and_spectra[resident-cpu-graded-3d]" time="0.324" /><testcase classname="tests.test_plane_mesh_combinations" name="test_differentiable_planes_share_the_solver_mesh_and_spectra[resident-cpu-explicit-2d]" time="0.101" /><testcase classname="tests.test_plane_mesh_combinations" name="test_differentiable_planes_share_the_solver_mesh_and_spectra[resident-cpu-explicit-3d]" time="0.316" /><testcase classname="tests.test_plane_mesh_combinations" name="test_differentiable_planes_share_the_solver_mesh_and_spectra[resident-cuda-uniform-2d]" time="0.132" /><testcase classname="tests.test_plane_mesh_combinations" name="test_differentiable_planes_share_the_solver_mesh_and_spectra[resident-cuda-uniform-3d]" time="0.164" /><testcase classname="tests.test_plane_mesh_combinations" name="test_differentiable_planes_share_the_solver_mesh_and_spectra[resident-cuda-graded-2d]" time="0.136" /><testcase classname="tests.test_plane_mesh_combinations" name="test_differentiable_planes_share_the_solver_mesh_and_spectra[resident-cuda-graded-3d]" time="0.184" /><testcase classname="tests.test_plane_mesh_combinations" name="test_differentiable_planes_share_the_solver_mesh_and_spectra[resident-cuda-explicit-2d]" time="0.141" /><testcase classname="tests.test_plane_mesh_combinations" name="test_differentiable_planes_share_the_solver_mesh_and_spectra[resident-cuda-explicit-3d]" time="0.184" /><testcase classname="tests.test_plane_mesh_combinations" name="test_differentiable_planes_share_the_solver_mesh_and_spectra[streamed-cpu-uniform-2d]" time="0.328" /><testcase classname="tests.test_plane_mesh_combinations" name="test_differentiable_planes_share_the_solver_mesh_and_spectra[streamed-cpu-uniform-3d]" time="0.896" /><testcase classname="tests.test_plane_mesh_combinations" name="test_differentiable_planes_share_the_solver_mesh_and_spectra[streamed-cpu-graded-2d]" time="0.367" /><testcase classname="tests.test_plane_mesh_combinations" name="test_differentiable_planes_share_the_solver_mesh_and_spectra[streamed-cpu-graded-3d]" time="0.947" /><testcase classname="tests.test_plane_mesh_combinations" name="test_differentiable_planes_share_the_solver_mesh_and_spectra[streamed-cpu-explicit-2d]" time="0.358" /><testcase classname="tests.test_plane_mesh_combinations" name="test_differentiable_planes_share_the_solver_mesh_and_spectra[streamed-cpu-explicit-3d]" time="0.926" /><testcase classname="tests.test_plane_mesh_combinations" name="test_differentiable_planes_share_the_solver_mesh_and_spectra[streamed-cuda-uniform-2d]" time="0.497" /><testcase classname="tests.test_plane_mesh_combinations" name="test_differentiable_planes_share_the_solver_mesh_and_spectra[streamed-cuda-uniform-3d]" time="0.805" /><testcase classname="tests.test_plane_mesh_combinations" name="test_differentiable_planes_share_the_solver_mesh_and_spectra[streamed-cuda-graded-2d]" time="0.564" /><testcase classname="tests.test_plane_mesh_combinations" name="test_differentiable_planes_share_the_solver_mesh_and_spectra[streamed-cuda-graded-3d]" time="0.819" /><testcase classname="tests.test_plane_mesh_combinations" name="test_differentiable_planes_share_the_solver_mesh_and_spectra[streamed-cuda-explicit-2d]" time="0.575" /><testcase classname="tests.test_plane_mesh_combinations" name="test_differentiable_planes_share_the_solver_mesh_and_spectra[streamed-cuda-explicit-3d]" time="0.881" /><testcase classname="tests.test_plane_mesh_combinations" name="test_material_gradient_on_the_graded_mesh_matches_finite_differences" time="2.749" /></testsuite></testsuites>