<?xml version="1.0" encoding="utf-8"?><testsuites name="pytest tests"><testsuite name="pytest" errors="0" failures="0" skipped="0" tests="8" time="1.544" timestamp="2026-09-23T14:08:17.172988+09:00" hostname="DESKTOP-N5DFT8J"><testcase classname="tests.test_result_store" name="test_format_is_selected_by_argument_then_suffix" time="0.005" /><testcase classname="tests.test_result_store" name="test_hdf5_round_trips_complex_planes_coordinates_and_units" time="0.051" /><testcase classname="tests.test_result_store" name="test_explicit_hdf5_format_and_npz_path_keep_working" time="0.054" /><testcase classname="tests.test_result_store" name="test_lazy_reads_match_the_full_arrays_and_use_the_documented_chunks" time="0.041" /><testcase classname="tests.test_result_store" name="test_foreign_and_newer_files_are_refused" time="0.020" /><testcase classname="tests.test_result_store" name="test_a_corrupted_metadata_attribute_does_not_leak_the_handle" time="0.071" /><testcase classname="tests.test_result_store" name="test_plane_slice_of_a_multi_gigabyte_shaped_volume_stays_within_the_declared_memory" time="0.119" /><testcase classname="tests.test_result_store" name="test_endpoint_fields_of_a_pmc_run_round_trip" time="0.463" /></testsuite></testsuites>