<?xml version="1.0" encoding="utf-8"?><testsuites name="pytest tests"><testsuite name="pytest" errors="0" failures="0" skipped="0" tests="10" time="76.619" timestamp="2026-09-26T03:27:06.251577+09:00" hostname="DESKTOP-N5DFT8J"><testcase classname="tests.test_design_workflow" name="test_design_problem_contracts_history_and_continuation" time="0.928" /><testcase classname="tests.test_design_workflow" name="test_toy_resume_reproduces_the_uninterrupted_history_bitwise" time="0.065" /><testcase classname="tests.test_design_workflow" name="test_state_file_with_a_pickled_object_is_refused_without_executing_it" time="0.009" /><testcase classname="tests.test_design_workflow" name="test_metagrating_resume_reproduces_the_uninterrupted_history_bitwise" time="19.724" /><testcase classname="tests.test_design_workflow" name="test_coupler_resume_reproduces_the_uninterrupted_history_bitwise" time="20.019" /><testcase classname="tests.test_design_workflow" name="test_metagrating_example_runs_end_to_end_with_fine_reimport" time="14.270" /><testcase classname="tests.test_design_workflow" name="test_coupler_example_runs_end_to_end_with_fine_reimport_and_holdout" time="21.528" /><testcase classname="tests.test_design_workflow" name="test_measured_gap_violates_although_the_filter_radius_is_satisfied" time="0.004" /><testcase classname="tests.test_design_workflow" name="test_feature_size_measurement_is_exact_on_runs_and_rectangles" time="0.005" /><testcase classname="tests.test_design_workflow" name="test_binary_structures_tile_solid_pixels_exactly" time="0.001" /></testsuite></testsuites>