<?xml version="1.0" encoding="utf-8"?><testsuites name="pytest tests"><testsuite name="pytest" errors="0" failures="0" skipped="0" tests="4" time="30.563" timestamp="2026-09-22T01:30:34.908112+09:00" hostname="DESKTOP-N5DFT8J"><testcase classname="tests.test_platform_matrix" name="test_platform_report_runs_and_records_every_field" time="20.121" /><testcase classname="tests.test_platform_matrix" name="test_matrix_rows_come_from_record_files_only" time="0.002" /><testcase classname="tests.test_platform_matrix" name="test_every_record_file_has_a_matrix_row" time="0.001" /><testcase classname="tests.test_platform_matrix" name="test_local_record_matches_this_gpu_when_present" time="10.335" /></testsuite></testsuites>