<?xml version="1.0" encoding="utf-8"?><testsuites name="pytest tests"><testsuite name="pytest" errors="0" failures="0" skipped="0" tests="25" time="268.930" timestamp="2026-09-26T03:15:56.205431+09:00" hostname="DESKTOP-N5DFT8J"><testcase classname="tests.test_restart_faults" name="test_forward_interruption[host]" time="10.091" /><testcase classname="tests.test_restart_faults" name="test_forward_interruption[disk]" time="10.016" /><testcase classname="tests.test_restart_faults" name="test_backward_interruption[cpu-host]" time="9.603" /><testcase classname="tests.test_restart_faults" name="test_backward_interruption[cuda-disk]" time="12.223" /><testcase classname="tests.test_restart_faults" name="test_process_kill[forward]" time="13.375" /><testcase classname="tests.test_restart_faults" name="test_process_kill[transpose]" time="13.227" /><testcase classname="tests.test_restart_faults" name="test_enospc_while_writing_a_record[forward-state-0.bin-2]" time="10.090" /><testcase classname="tests.test_restart_faults" name="test_enospc_while_writing_a_record[forward-meta.json.tmp-2]" time="11.034" /><testcase classname="tests.test_restart_faults" name="test_enospc_while_writing_a_record[forward-latest-forward.json.tmp-2]" time="11.148" /><testcase classname="tests.test_restart_faults" name="test_enospc_while_writing_a_record[backward-gradient.bin-2]" time="11.196" /><testcase classname="tests.test_restart_faults" name="test_device_out_of_memory_inside_a_slab_update" time="9.979" /><testcase classname="tests.test_restart_faults" name="test_cuda_transfer_failure[h2d-_copy_into]" time="10.363" /><testcase classname="tests.test_restart_faults" name="test_cuda_transfer_failure[d2h-to_host]" time="10.361" /><testcase classname="tests.test_restart_faults" name="test_bank_fault[read-index_select]" time="10.400" /><testcase classname="tests.test_restart_faults" name="test_bank_fault[write-index_copy_]" time="10.345" /><testcase classname="tests.test_restart_faults" name="test_damaged_newest_forward_record_rolls_back_to_the_previous[truncate-state-0.bin]" time="10.931" /><testcase classname="tests.test_restart_faults" name="test_damaged_newest_forward_record_rolls_back_to_the_previous[checksum-signals.bin]" time="10.883" /><testcase classname="tests.test_restart_faults" name="test_damaged_newest_backward_record_rolls_back[2-checksum-adjoint-1.bin-backward-4]" time="10.776" /><testcase classname="tests.test_restart_faults" name="test_damaged_newest_backward_record_rolls_back[2-truncate-gradient.bin-backward-4]" time="10.932" /><testcase classname="tests.test_restart_faults" name="test_damaged_newest_backward_record_rolls_back[1-checksum-gradient.bin-None]" time="10.826" /><testcase classname="tests.test_restart_faults" name="test_damaged_meta_and_missing_checksum_are_named" time="23.444" /><testcase classname="tests.test_restart_faults" name="test_cancellation_records_the_boundary[forward-1]" time="10.339" /><testcase classname="tests.test_restart_faults" name="test_cancellation_records_the_boundary[forward-2]" time="6.765" /><testcase classname="tests.test_restart_faults" name="test_cancellation_records_the_boundary[transpose-1]" time="10.347" /><testcase classname="tests.test_restart_faults" name="test_cancel_event_is_validated_and_without_a_journal_nothing_is_kept" time="0.007" /></testsuite></testsuites>