<?xml version="1.0" encoding="utf-8"?><testsuites name="pytest tests"><testsuite name="pytest" errors="0" failures="0" skipped="0" tests="19" time="57.635" timestamp="2026-09-22T04:04:46.224369+09:00" hostname="DESKTOP-N5DFT8J"><testcase classname="tests.test_gradient_mesh_slab" name="test_slab_thickness_and_epsilon_derivatives_refine_toward_airy_with_controls" time="42.772" /><testcase classname="tests.test_gradient_mesh" name="test_airy_derivatives_against_complex_amplitude_transfer_formula" time="0.001" /><testcase classname="tests.test_gradient_mesh" name="test_refinement_preserves_physical_domain_time_source_and_absorber" time="0.004" /><testcase classname="tests.test_shape_gradients" name="test_polygon_fill_reduces_to_existing_sampling_and_voxelizer_is_bitwise_unchanged[yee]" time="0.068" /><testcase classname="tests.test_shape_gradients" name="test_polygon_fill_reduces_to_existing_sampling_and_voxelizer_is_bitwise_unchanged[cell]" time="0.021" /><testcase classname="tests.test_shape_gradients" name="test_polygon_vjp_taylor_remainder_and_central_difference[cpu]" time="0.380" /><testcase classname="tests.test_shape_gradients" name="test_polygon_vjp_taylor_remainder_and_central_difference[cuda]" time="1.209" /><testcase classname="tests.test_shape_gradients" name="test_spline_outline_geometry_periodicity_and_control_point_gradient" time="0.785" /><testcase classname="tests.test_shape_gradients" name="test_polygon_and_spline_input_contracts" time="0.003" /><testcase classname="tests.test_shape_gradients" name="test_vertex_and_control_gradients_through_checkpointed_adjoint[cpu]" time="1.562" /><testcase classname="tests.test_shape_gradients" name="test_vertex_and_control_gradients_through_checkpointed_adjoint[cuda]" time="1.545" /><testcase classname="tests.test_shape_gradients" name="test_existing_solid_and_density_gradients_are_unchanged" time="0.240" /><testcase classname="tests.test_shape_gradients" name="test_shape_gradient_convergence_record_and_refinement_contract" time="0.007" /><testcase classname="tests.test_differentiable_geometry" name="test_independent_rotated_box_membership_yee_locations_and_overwrite" time="0.069" /><testcase classname="tests.test_differentiable_geometry" name="test_geometry_vjp_directional_derivative_all_parameters_and_noncontiguous_seed" time="0.310" /><testcase classname="tests.test_differentiable_geometry" name="test_geometry_keeps_only_parameters_and_axes_between_forward_and_backward" time="0.641" /><testcase classname="tests.test_differentiable_geometry" name="test_fp32_geometry_to_fdtd_adjoint_and_streamed_chain[cpu]" time="1.487" /><testcase classname="tests.test_differentiable_geometry" name="test_fp32_geometry_to_fdtd_adjoint_and_streamed_chain[cuda]" time="2.985" /><testcase classname="tests.test_differentiable_geometry" name="test_empty_geometry_material_gradient_and_invalid_input_contracts" time="0.005" /></testsuite></testsuites>