<?xml version="1.0" encoding="utf-8"?><testsuites name="pytest tests"><testsuite name="pytest" errors="0" failures="0" skipped="0" tests="153" time="47.115" timestamp="2026-09-24T03:20:00.469236+09:00" hostname="DESKTOP-N5DFT8J"><testcase classname="tests.test_capability_pairs" name="test_pairwise[2d-uniform-tensor_ade-cpml-sheet-plane_dft-tiled-float64-cuda_torch]" time="0.075" /><testcase classname="tests.test_capability_pairs" name="test_pairwise[3d-uniform-anisotropic_tensor-bloch-tfsf-mode_port-tensor_batch-float32-cpu]" time="0.063" /><testcase classname="tests.test_capability_pairs" name="test_pairwise[2d-explicit-dielectric-pmc-plane_oneway-point-reversible_adjoint-float32-cuda_fused]" time="0.069" /><testcase classname="tests.test_capability_pairs" name="test_pairwise[3d-graded-pec-symmetric-point-radiation_box-streamed_adjoint-float64-cuda_fused]" time="0.075" /><testcase classname="tests.test_capability_pairs" name="test_pairwise[3d-explicit-dispersive_ade-periodic-mode-point-checkpointed_adjoint-float64-cuda_torch]" time="0.087" /><testcase classname="tests.test_capability_pairs" name="test_pairwise[2d-graded-dielectric-pec-tiled_sheet-mode_port-forward-float64-cpu]" time="0.073" /><testcase classname="tests.test_capability_pairs" name="test_pairwise[2d-graded-dispersive_ade-antisymmetric-tfsf-radiation_box-streamed-float32-cuda_torch]" time="0.074" /><testcase classname="tests.test_capability_pairs" name="test_pairwise[3d-explicit-tensor_ade-symmetric-mode-plane_dft-forward-float32-cpu]" time="0.076" /><testcase classname="tests.test_capability_pairs" name="test_pairwise[3d-uniform-pec-antisymmetric-plane_oneway-point-streamed-float64-cpu]" time="0.066" /><testcase classname="tests.test_capability_pairs" name="test_pairwise[2d-uniform-pec-periodic-tiled_sheet-plane_dft-checkpointed_adjoint-float32-cuda_fused]" time="0.062" /><testcase classname="tests.test_capability_pairs" name="test_pairwise[2d-graded-anisotropic_tensor-pmc-point-plane_dft-tensor_batch-float64-cuda_torch]" time="0.063" /><testcase classname="tests.test_capability_pairs" name="test_pairwise[3d-explicit-anisotropic_tensor-pec-sheet-radiation_box-tiled-float32-cuda_fused]" time="0.066" /><testcase classname="tests.test_capability_pairs" name="test_pairwise[3d-uniform-dispersive_ade-cpml-point-mode_port-reversible_adjoint-float32-cpu]" time="0.069" /><testcase classname="tests.test_capability_pairs" name="test_pairwise[2d-explicit-pec-bloch-plane_oneway-mode_port-streamed_adjoint-float64-cuda_torch]" time="0.070" /><testcase classname="tests.test_capability_pairs" name="test_pairwise[3d-uniform-dielectric-pmc-mode-radiation_box-streamed_adjoint-float32-cpu]" time="0.071" /><testcase classname="tests.test_capability_pairs" name="test_pairwise[3d-graded-tensor_ade-bloch-tiled_sheet-radiation_box-reversible_adjoint-float64-cuda_fused]" time="0.061" /><testcase classname="tests.test_capability_pairs" name="test_pairwise[2d-graded-anisotropic_tensor-cpml-mode-point-tensor_batch-float64-cuda_fused]" time="0.063" /><testcase classname="tests.test_capability_pairs" name="test_pairwise[2d-graded-dielectric-periodic-sheet-mode_port-tiled-float64-cpu]" time="0.060" /><testcase classname="tests.test_capability_pairs" name="test_pairwise[2d-explicit-tensor_ade-antisymmetric-tfsf-mode_port-streamed-float64-cuda_fused]" time="0.065" /><testcase classname="tests.test_capability_pairs" name="test_pairwise[2d-uniform-dispersive_ade-symmetric-tiled_sheet-point-tiled-float64-cuda_torch]" time="0.070" /><testcase classname="tests.test_capability_pairs" name="test_pairwise[2d-uniform-dielectric-pec-tfsf-plane_dft-reversible_adjoint-float64-cuda_torch]" time="0.062" /><testcase classname="tests.test_capability_pairs" name="test_pairwise[3d-graded-anisotropic_tensor-periodic-plane_oneway-radiation_box-forward-float32-cuda_torch]" time="0.068" /><testcase classname="tests.test_capability_pairs" name="test_pairwise[3d-uniform-dispersive_ade-bloch-sheet-point-forward-float32-cuda_fused]" time="0.078" /><testcase classname="tests.test_capability_pairs" name="test_pairwise[3d-explicit-tensor_ade-pec-point-point-checkpointed_adjoint-float64-cpu]" time="0.069" /><testcase classname="tests.test_capability_pairs" name="test_pairwise[2d-explicit-dispersive_ade-pec-plane_oneway-plane_dft-tensor_batch-float32-cpu]" time="0.063" /><testcase classname="tests.test_capability_pairs" name="test_pairwise[3d-explicit-anisotropic_tensor-antisymmetric-tiled_sheet-plane_dft-streamed_adjoint-float64-cuda_torch]" time="0.069" /><testcase classname="tests.test_capability_pairs" name="test_pairwise[3d-graded-dielectric-bloch-point-plane_dft-streamed-float32-cuda_fused]" time="2.223" /><testcase classname="tests.test_capability_pairs" name="test_pairwise[2d-graded-pec-pmc-sheet-mode_port-checkpointed_adjoint-float32-cpu]" time="0.069" /><testcase classname="tests.test_capability_pairs" name="test_pairwise[2d-explicit-pec-cpml-tfsf-radiation_box-forward-float64-cuda_fused]" time="0.092" /><testcase classname="tests.test_capability_pairs" name="test_pairwise[3d-explicit-dielectric-symmetric-sheet-radiation_box-tensor_batch-float32-cuda_fused]" time="0.111" /><testcase classname="tests.test_capability_pairs" name="test_pairwise[3d-graded-tensor_ade-periodic-tfsf-point-streamed_adjoint-float64-cuda_torch]" time="0.077" /><testcase classname="tests.test_capability_pairs" name="test_pairwise[2d-explicit-pec-antisymmetric-mode-mode_port-reversible_adjoint-float64-cuda_torch]" time="0.076" /><testcase classname="tests.test_capability_pairs" name="test_pairwise[2d-graded-dielectric-cpml-plane_oneway-radiation_box-checkpointed_adjoint-float32-cuda_fused]" time="0.085" /><testcase classname="tests.test_capability_pairs" name="test_pairwise[2d-graded-anisotropic_tensor-symmetric-tfsf-mode_port-checkpointed_adjoint-float64-cuda_torch]" time="0.081" /><testcase classname="tests.test_capability_pairs" name="test_pairwise[3d-uniform-tensor_ade-pmc-tfsf-plane_dft-tiled-float64-cuda_torch]" time="0.077" /><testcase classname="tests.test_capability_pairs" name="test_pairwise[3d-uniform-dielectric-antisymmetric-point-radiation_box-tiled-float64-cpu]" time="0.097" /><testcase classname="tests.test_capability_pairs" name="test_pairwise[3d-uniform-pec-pec-mode-mode_port-tiled-float32-cuda_fused]" time="0.084" /><testcase classname="tests.test_capability_pairs" name="test_pairwise[2d-uniform-anisotropic_tensor-cpml-tiled_sheet-mode_port-streamed-float64-cuda_fused]" time="0.090" /><testcase classname="tests.test_capability_pairs" name="test_pairwise[2d-explicit-pec-periodic-tiled_sheet-mode_port-tensor_batch-float32-cuda_fused]" time="0.077" /><testcase classname="tests.test_capability_pairs" name="test_pairwise[2d-uniform-tensor_ade-antisymmetric-sheet-radiation_box-tensor_batch-float32-cpu]" time="0.076" /><testcase classname="tests.test_capability_pairs" name="test_pairwise[3d-uniform-dispersive_ade-pmc-tiled_sheet-radiation_box-forward-float64-cuda_fused]" time="0.088" /><testcase classname="tests.test_capability_pairs" name="test_pairwise[3d-explicit-anisotropic_tensor-periodic-point-mode_port-reversible_adjoint-float64-cuda_fused]" time="0.080" /><testcase classname="tests.test_capability_pairs" name="test_pairwise[2d-graded-dispersive_ade-cpml-sheet-plane_dft-streamed_adjoint-float32-cpu]" time="0.417" /><testcase classname="tests.test_capability_pairs" name="test_pairwise[3d-graded-tensor_ade-symmetric-plane_oneway-radiation_box-reversible_adjoint-float32-cuda_torch]" time="0.068" /><testcase classname="tests.test_capability_pairs" name="test_pairwise[2d-uniform-dielectric-periodic-sheet-radiation_box-streamed-float32-cpu]" time="0.076" /><testcase classname="tests.test_capability_pairs" name="test_pairwise[2d-explicit-anisotropic_tensor-pec-mode-mode_port-streamed-float32-cpu]" time="0.099" /><testcase classname="tests.test_capability_pairs" name="test_pairwise[3d-graded-dispersive_ade-bloch-mode-radiation_box-checkpointed_adjoint-float64-cuda_torch]" time="0.100" /><testcase classname="tests.test_capability_pairs" name="test_pairwise[2d-graded-dispersive_ade-antisymmetric-point-mode_port-forward-float32-cuda_fused]" time="0.086" /><testcase classname="tests.test_capability_pairs" name="test_pairwise[3d-graded-dispersive_ade-bloch-plane_oneway-radiation_box-tiled-float64-cuda_torch]" time="0.080" /><testcase classname="tests.test_capability_pairs" name="test_pairwise[3d-explicit-anisotropic_tensor-pmc-tiled_sheet-radiation_box-streamed-float64-cpu]" time="0.082" /><testcase classname="tests.test_capability_pairs" name="test_pairwise[3d-graded-tensor_ade-symmetric-mode-point-streamed-float64-cpu]" time="0.075" /><testcase classname="tests.test_capability_pairs" name="test_pairwise[3d-uniform-tensor_ade-antisymmetric-tfsf-point-checkpointed_adjoint-float32-cuda_torch]" time="0.072" /><testcase classname="tests.test_capability_pairs" name="test_pairwise[3d-graded-anisotropic_tensor-pec-tfsf-mode_port-streamed_adjoint-float64-cuda_torch]" time="0.081" /><testcase classname="tests.test_capability_pairs" name="test_pairwise[2d-graded-tensor_ade-pmc-sheet-mode_port-reversible_adjoint-float32-cuda_fused]" time="0.079" /><testcase classname="tests.test_capability_pairs" name="test_pairwise[3d-uniform-tensor_ade-cpml-plane_oneway-radiation_box-checkpointed_adjoint-float32-cuda_torch]" time="0.078" /><testcase classname="tests.test_capability_pairs" name="test_pairwise[3d-uniform-tensor_ade-periodic-point-plane_dft-forward-float32-cuda_fused]" time="0.086" /><testcase classname="tests.test_capability_pairs" name="test_pairwise[3d-graded-dispersive_ade-pec-mode-radiation_box-streamed-float64-cpu]" time="0.079" /><testcase classname="tests.test_capability_pairs" name="test_pairwise[3d-graded-dispersive_ade-pmc-sheet-mode_port-streamed_adjoint-float32-cuda_fused]" time="0.086" /><testcase classname="tests.test_capability_pairs" name="test_pairwise[3d-graded-dielectric-bloch-tiled_sheet-mode_port-forward-float32-cpu]" time="0.081" /><testcase classname="tests.test_capability_pairs" name="test_pairwise[3d-uniform-dielectric-bloch-mode-mode_port-forward-float32-cuda_torch]" time="0.078" /><testcase classname="tests.test_capability_pairs" name="test_pairwise[3d-uniform-dispersive_ade-pmc-tiled_sheet-mode_port-forward-float64-cuda_torch]" time="0.071" /><testcase classname="tests.test_capability_pairs" name="test_pairwise[3d-uniform-dielectric-antisymmetric-point-mode_port-checkpointed_adjoint-float32-cuda_fused]" time="0.069" /><testcase classname="tests.test_capability_pairs" name="test_pairwise[3d-uniform-dielectric-antisymmetric-sheet-mode_port-checkpointed_adjoint-float32-cpu]" time="0.071" /><testcase classname="tests.test_capability_pairs" name="test_pairwise[2d-uniform-dispersive_ade-cpml-tfsf-mode_port-forward-float64-cuda_fused]" time="0.078" /><testcase classname="tests.test_capability_pairs" name="test_pairwise[2d-explicit-dielectric-cpml-point-mode_port-checkpointed_adjoint-float32-cuda_torch]" time="0.083" /><testcase classname="tests.test_capability_pairs" name="test_pairwise[3d-graded-dispersive_ade-cpml-point-mode_port-checkpointed_adjoint-float64-cuda_fused]" time="0.089" /><testcase classname="tests.test_capability_pairs" name="test_pairwise[3d-uniform-dispersive_ade-cpml-point-mode_port-checkpointed_adjoint-float64-cpu]" time="0.083" /><testcase classname="tests.test_capability_pairs" name="test_pairwise[3d-uniform-dispersive_ade-cpml-sheet-mode_port-checkpointed_adjoint-float32-cuda_fused]" time="0.080" /><testcase classname="tests.test_capability_pairs" name="test_pairwise[3d-uniform-dielectric-cpml-point-mode_port-checkpointed_adjoint-float32-cuda_torch]" time="0.078" /><testcase classname="tests.test_capability_pairs" name="test_pairwise[2d-uniform-dielectric-pec-mode-plane_dft-forward-float32-cpu]" time="0.079" /><testcase classname="tests.test_capability_pairs" name="test_pairwise[3d-uniform-dielectric-bloch-mode-radiation_box-streamed-float32-cpu]" time="0.084" /><testcase classname="tests.test_capability_pairs" name="test_pairwise[3d-uniform-dispersive_ade-periodic-mode-plane_dft-streamed-float32-cpu]" time="0.069" /><testcase classname="tests.test_capability_pairs" name="test_pairwise[2d-graded-dispersive_ade-cpml-mode-point-checkpointed_adjoint-float32-cuda_torch]" time="0.074" /><testcase classname="tests.test_capability_pairs" name="test_pairwise[3d-graded-dielectric-cpml-mode-point-streamed-float64-cuda_torch]" time="0.079" /><testcase classname="tests.test_capability_pairs" name="test_pairwise[3d-uniform-dielectric-cpml-mode-plane_dft-streamed_adjoint-float64-cuda_fused]" time="0.069" /><testcase classname="tests.test_capability_pairs" name="test_pairwise[3d-uniform-dispersive_ade-cpml-mode-point-streamed_adjoint-float32-cuda_torch]" time="0.073" /><testcase classname="tests.test_capability_pairs" name="test_pairwise[3d-uniform-dielectric-cpml-mode-radiation_box-streamed-float32-cuda_fused]" time="0.180" /><testcase classname="tests.test_capability_pairs" name="test_pairwise[3d-uniform-dielectric-periodic-mode-point-streamed-float32-cuda_torch]" time="0.104" /><testcase classname="tests.test_capability_pairs" name="test_pairwise[3d-uniform-tensor_ade-bloch-point-point-checkpointed_adjoint-float32-cuda_fused]" time="0.079" /><testcase classname="tests.test_capability_pairs" name="test_pairwise[3d-graded-dispersive_ade-pmc-point-radiation_box-forward-float32-cuda_fused]" time="0.083" /><testcase classname="tests.test_capability_pairs" name="test_pairwise[3d-uniform-dispersive_ade-symmetric-point-radiation_box-forward-float32-cuda_fused]" time="0.084" /><testcase classname="tests.test_capability_pairs" name="test_pairwise[3d-explicit-dielectric-pmc-sheet-point-forward-float32-cuda_torch]" time="0.081" /><testcase classname="tests.test_capability_pairs" name="test_pairwise[3d-explicit-dielectric-symmetric-point-plane_dft-forward-float32-cpu]" time="0.079" /><testcase classname="tests.test_capability_pairs" name="test_pairwise[2d-uniform-dielectric-cpml-tfsf-point-streamed-float32-cuda_torch]" time="0.069" /><testcase classname="tests.test_capability_pairs" name="test_pairwise[3d-graded-dispersive_ade-symmetric-sheet-point-checkpointed_adjoint-float32-cuda_fused]" time="0.082" /><testcase classname="tests.test_capability_pairs" name="test_pairwise[2d-uniform-dispersive_ade-periodic-plane_oneway-point-checkpointed_adjoint-float64-cpu]" time="0.070" /><testcase classname="tests.test_capability_pairs" name="test_pairwise[2d-explicit-dispersive_ade-periodic-plane_oneway-point-streamed-float32-cuda_torch]" time="0.086" /><testcase classname="tests.test_capability_pairs" name="test_pairwise[3d-graded-dielectric-symmetric-sheet-plane_dft-checkpointed_adjoint-float32-cuda_fused]" time="0.077" /><testcase classname="tests.test_capability_pairs" name="test_pairwise[3d-uniform-dispersive_ade-pmc-tiled_sheet-plane_dft-streamed-float32-cpu]" time="0.067" /><testcase classname="tests.test_capability_pairs" name="test_pairwise[2d-explicit-dispersive_ade-periodic-plane_oneway-plane_dft-checkpointed_adjoint-float32-cuda_torch]" time="0.096" /><testcase classname="tests.test_capability_pairs" name="test_pairwise[3d-graded-dispersive_ade-periodic-plane_oneway-radiation_box-streamed-float64-cuda_fused]" time="0.116" /><testcase classname="tests.test_capability_pairs" name="test_pairwise[3d-uniform-dielectric-symmetric-sheet-point-checkpointed_adjoint-float32-cuda_fused]" time="0.104" /><testcase classname="tests.test_capability_pairs" name="test_pairwise[3d-explicit-dispersive_ade-symmetric-tiled_sheet-point-checkpointed_adjoint-float32-cpu]" time="0.114" /><testcase classname="tests.test_capability_pairs" name="test_pairwise[3d-explicit-dielectric-pmc-point-point-reversible_adjoint-float32-cuda_torch]" time="0.091" /><testcase classname="tests.test_capability_pairs" name="test_pairwise[2d-explicit-dielectric-pec-point-point-reversible_adjoint-float64-cpu]" time="0.084" /><testcase classname="tests.test_capability_pairs" name="test_pairwise[3d-uniform-dispersive_ade-bloch-point-point-reversible_adjoint-float64-cpu]" time="0.069" /><testcase classname="tests.test_capability_pairs" name="test_pairwise[3d-graded-dispersive_ade-antisymmetric-point-point-reversible_adjoint-float32-cuda_fused]" time="0.074" /><testcase classname="tests.test_capability_pairs" name="test_pairwise[3d-uniform-dielectric-bloch-point-point-reversible_adjoint-float32-cpu]" time="0.070" /><testcase classname="tests.test_capability_pairs" name="test_pairwise[3d-uniform-dispersive_ade-periodic-point-point-reversible_adjoint-float32-cpu]" time="0.069" /><testcase classname="tests.test_capability_pairs" name="test_pairwise[3d-explicit-dielectric-pmc-sheet-point-reversible_adjoint-float64-cpu]" time="0.075" /><testcase classname="tests.test_capability_pairs" name="test_pairwise[3d-uniform-dielectric-symmetric-point-plane_dft-reversible_adjoint-float64-cpu]" time="0.078" /><testcase classname="tests.test_capability_pairs" name="test_pairwise[2d-uniform-dielectric-pec-sheet-point-reversible_adjoint-float64-cuda_torch]" time="0.085" /><testcase classname="tests.test_capability_pairs" name="test_pairwise[3d-explicit-dielectric-antisymmetric-sheet-point-reversible_adjoint-float64-cuda_torch]" time="0.090" /><testcase classname="tests.test_capability_pairs" name="test_pairwise[3d-explicit-dielectric-antisymmetric-sheet-radiation_box-reversible_adjoint-float32-cuda_fused]" time="0.151" /><testcase classname="tests.test_capability_pairs" name="test_pairwise[3d-uniform-dielectric-antisymmetric-sheet-point-reversible_adjoint-float32-cuda_fused]" time="0.078" /><testcase classname="tests.test_capability_pairs" name="test_pairwise[3d-uniform-dispersive_ade-bloch-tiled_sheet-radiation_box-reversible_adjoint-float32-cuda_fused]" time="0.117" /><testcase classname="tests.test_capability_pairs" name="test_pairwise[3d-uniform-dielectric-periodic-plane_oneway-plane_dft-reversible_adjoint-float32-cuda_fused]" time="0.109" /><testcase classname="tests.test_capability_pairs" name="test_pairwise[2d-graded-dispersive_ade-periodic-point-plane_dft-tensor_batch-float32-cpu]" time="0.081" /><testcase classname="tests.test_capability_pairs" name="test_pairwise[3d-uniform-anisotropic_tensor-periodic-point-point-tensor_batch-float32-cuda_fused]" time="0.078" /><testcase classname="tests.test_capability_pairs" name="test_pairwise[2d-uniform-dielectric-bloch-tiled_sheet-plane_dft-tensor_batch-float64-cuda_fused]" time="0.089" /><testcase classname="tests.test_capability_pairs" name="test_pairwise[3d-explicit-dispersive_ade-pmc-tiled_sheet-point-tensor_batch-float32-cuda_fused]" time="0.087" /><testcase classname="tests.test_capability_pairs" name="test_pairwise[3d-graded-dielectric-pec-sheet-point-tiled-float64-cpu]" time="0.074" /><testcase classname="tests.test_capability_pairs" name="test_pairwise[2d-uniform-dispersive_ade-bloch-point-point-tiled-float32-cuda_fused]" time="0.075" /><testcase classname="tests.test_capability_pairs" name="test_pairwise[3d-uniform-anisotropic_tensor-cpml-point-point-tiled-float32-cuda_torch]" time="0.079" /><testcase classname="tests.test_capability_pairs" name="test_pairwise[2d-uniform-dielectric-cpml-sheet-point-tiled-float64-cpu]" time="0.082" /><testcase classname="tests.test_capability_pairs" name="test_pairwise[3d-uniform-dielectric-cpml-tiled_sheet-point-tiled-float32-cpu]" time="0.077" /><testcase classname="tests.test_capability_pairs" name="test_pairwise[3d-graded-dielectric-bloch-sheet-radiation_box-forward-float64-cuda_torch]" time="0.697" /><testcase classname="tests.test_capability_pairs" name="test_pairwise[3d-uniform-dispersive_ade-periodic-tiled_sheet-radiation_box-forward-float32-cpu]" time="0.113" /><testcase classname="tests.test_capability_pairs" name="test_pairwise[3d-uniform-dispersive_ade-cpml-tiled_sheet-radiation_box-tensor_batch-float64-cuda_torch]" time="0.501" /><testcase classname="tests.test_capability_pairs" name="test_pairwise[3d-uniform-dielectric-cpml-tfsf-radiation_box-forward-float64-cpu]" time="0.138" /><testcase classname="tests.test_capability_pairs" name="test_pairwise[3d-uniform-dielectric-cpml-sheet-mode_port-forward-float32-cuda_torch]" time="1.235" /><testcase classname="tests.test_capability_pairs" name="test_pairwise[3d-uniform-dielectric-cpml-mode-plane_dft-forward-float32-cuda_torch]" time="0.222" /><testcase classname="tests.test_capability_pairs" name="test_pairwise[3d-uniform-tensor_ade-cpml-point-point-forward-float32-cuda_torch]" time="1.192" /><testcase classname="tests.test_capability_pairs" name="test_pairwise[3d-uniform-anisotropic_tensor-periodic-point-point-forward-float32-cpu]" time="0.180" /><testcase classname="tests.test_capability_pairs" name="test_pairwise[3d-explicit-dielectric-pmc-point-point-forward-float32-cuda_fused]" time="0.554" /><testcase classname="tests.test_capability_pairs" name="test_pairwise[2d-explicit-dispersive_ade-pec-point-point-forward-float32-cuda_fused]" time="0.242" /><testcase classname="tests.test_capability_pairs" name="test_pairwise[3d-uniform-dielectric-cpml-mode-mode_port-checkpointed_adjoint-float32-cpu]" time="1.542" /><testcase classname="tests.test_capability_pairs" name="test_pairwise[3d-uniform-dielectric-periodic-mode-plane_dft-checkpointed_adjoint-float32-cuda_torch]" time="0.511" /><testcase classname="tests.test_capability_pairs" name="test_pairwise[3d-uniform-tensor_ade-bloch-point-point-checkpointed_adjoint-float32-cpu]" time="7.606" /><testcase classname="tests.test_capability_pairs" name="test_pairwise[3d-uniform-anisotropic_tensor-cpml-point-point-checkpointed_adjoint-float32-cuda_torch]" time="1.262" /><testcase classname="tests.test_capability_pairs" name="test_pairwise[3d-uniform-dispersive_ade-periodic-tiled_sheet-radiation_box-checkpointed_adjoint-float64-cuda_fused]" time="0.935" /><testcase classname="tests.test_capability_pairs" name="test_pairwise[2d-uniform-dispersive_ade-cpml-sheet-point-checkpointed_adjoint-float32-cpu]" time="0.178" /><testcase classname="tests.test_capability_pairs" name="test_pairwise[2d-explicit-dielectric-antisymmetric-sheet-plane_dft-checkpointed_adjoint-float64-cuda_torch]" time="0.240" /><testcase classname="tests.test_capability_pairs" name="test_pairwise[2d-graded-dielectric-antisymmetric-tiled_sheet-point-checkpointed_adjoint-float64-cuda_fused]" time="0.328" /><testcase classname="tests.test_capability_pairs" name="test_pairwise[3d-uniform-dielectric-periodic-mode-plane_dft-streamed-float32-cuda_torch]" time="0.393" /><testcase classname="tests.test_capability_pairs" name="test_pairwise[3d-uniform-anisotropic_tensor-cpml-point-point-streamed-float32-cpu]" time="0.488" /><testcase classname="tests.test_capability_pairs" name="test_pairwise[2d-uniform-dispersive_ade-pec-sheet-point-streamed_adjoint-float32-cuda_torch]" time="1.276" /><testcase classname="tests.test_capability_pairs" name="test_pairwise[2d-graded-dielectric-bloch-point-point-streamed_adjoint-float32-cuda_fused]" time="0.617" /><testcase classname="tests.test_capability_pairs" name="test_pairwise[3d-uniform-dielectric-periodic-point-point-reversible_adjoint-float32-cuda_fused]" time="0.353" /><testcase classname="tests.test_capability_pairs" name="test_pairwise[3d-uniform-dielectric-periodic-sheet-radiation_box-reversible_adjoint-float32-cuda_fused]" time="0.613" /><testcase classname="tests.test_capability_pairs" name="test_pairwise[3d-uniform-dielectric-periodic-sheet-point-reversible_adjoint-float32-cpu]" time="0.172" /><testcase classname="tests.test_capability_pairs" name="test_pairwise[3d-graded-dielectric-periodic-tiled_sheet-point-tensor_batch-float64-cuda_torch]" time="0.327" /><testcase classname="tests.test_capability_pairs" name="test_pairwise[2d-uniform-dispersive_ade-cpml-tiled_sheet-plane_dft-tiled-float64-cuda_fused]" time="0.286" /><testcase classname="tests.test_capability_pairs" name="test_high_risk_combinations[ade_pmc_streamed_cuda]" time="0.424" /><testcase classname="tests.test_capability_pairs" name="test_high_risk_combinations[tensor_cpml_checkpointed_fp32]" time="0.733" /><testcase classname="tests.test_capability_pairs" name="test_high_risk_combinations[bloch_plane_tensor_batch]" time="0.116" /><testcase classname="tests.test_capability_pairs" name="test_high_risk_combinations[graded_mode_port_reversible]" time="0.094" /><testcase classname="tests.test_capability_pairs" name="test_high_risk_combinations[tensor_bloch_tensor_batch]" time="0.111" /><testcase classname="tests.test_capability_pairs" name="test_high_risk_combinations[tensor_bloch_forward_fused]" time="0.260" /><testcase classname="tests.test_capability_pairs" name="test_covering_array_covers_every_pair_rule_and_lane" time="0.004" /><testcase classname="tests.test_capability_pairs" name="test_registry_is_complete_and_every_rule_names_real_code" time="2.380" /><testcase classname="tests.test_capability_pairs" name="test_rendered_tables_and_json_match_the_registry" time="6.369" /><testcase classname="tests.test_capability_pairs" name="test_api_capabilities_serves_the_registry" time="0.514" /></testsuite></testsuites>