<?xml version="1.0" encoding="utf-8"?><testsuites name="pytest tests"><testsuite name="pytest" errors="0" failures="0" skipped="0" tests="34" time="41.823" timestamp="2026-09-23T23:19:29.472616+09:00" hostname="DESKTOP-N5DFT8J"><testcase classname="tests.test_differentiable" name="test_directional_taylor_and_geometry_chain" time="0.267" /><testcase classname="tests.test_differentiable" name="test_mesh_metrics_and_fixed_plane_source_gradients[nonuniform-cpu]" time="0.304" /><testcase classname="tests.test_differentiable" name="test_mesh_metrics_and_fixed_plane_source_gradients[nonuniform-cuda]" time="0.964" /><testcase classname="tests.test_differentiable" name="test_mesh_metrics_and_fixed_plane_source_gradients[oneway_forward-cpu]" time="0.499" /><testcase classname="tests.test_differentiable" name="test_mesh_metrics_and_fixed_plane_source_gradients[oneway_forward-cuda]" time="0.736" /><testcase classname="tests.test_differentiable" name="test_mesh_metrics_and_fixed_plane_source_gradients[oneway_backward-cpu]" time="0.430" /><testcase classname="tests.test_differentiable" name="test_mesh_metrics_and_fixed_plane_source_gradients[oneway_backward-cuda]" time="0.519" /><testcase classname="tests.test_pmc_general" name="test_adjoint_gradient_taylor_check_float64" time="0.231" /><testcase classname="tests.test_pmc_dispersive" name="test_dispersive_adjoint_taylor_check_float64" time="0.358" /><testcase classname="tests.test_dispersive_adjoint" name="test_geometry_to_ade_taylor_and_online_spectrum" time="0.367" /><testcase classname="tests.test_dispersive_adjoint" name="test_cpu_cuda_precision_and_parameter_directions[cpu-dtype0]" time="0.137" /><testcase classname="tests.test_dispersive_adjoint" name="test_cpu_cuda_precision_and_parameter_directions[cpu-dtype1]" time="0.161" /><testcase classname="tests.test_dispersive_adjoint" name="test_cpu_cuda_precision_and_parameter_directions[cuda-dtype0]" time="0.399" /><testcase classname="tests.test_dispersive_adjoint" name="test_cpu_cuda_precision_and_parameter_directions[cuda-dtype1]" time="0.544" /><testcase classname="tests.test_dispersive_adjoint" name="test_plane_flux_material_gradient_and_zero_pole_limit[cpu]" time="0.217" /><testcase classname="tests.test_dispersive_adjoint" name="test_plane_flux_material_gradient_and_zero_pole_limit[cuda]" time="1.030" /><testcase classname="tests.test_cuda_dispersive_adjoint" name="test_spectral_replay_mixed_tiers_and_geometry_taylor[torch]" time="0.664" /><testcase classname="tests.test_cuda_dispersive_adjoint" name="test_spectral_replay_mixed_tiers_and_geometry_taylor[fused]" time="0.207" /><testcase classname="tests.test_cuda_dispersive_adjoint" name="test_fused_plane_flux_zero_pole_and_material_finite_difference[torch]" time="0.378" /><testcase classname="tests.test_cuda_dispersive_adjoint" name="test_fused_plane_flux_zero_pole_and_material_finite_difference[fused]" time="0.372" /><testcase classname="tests.test_mode_adjoint_oracle" name="test_checkpointed_modal_adjoint_matches_full_autograd_taylor_and_central_difference[cpu]" time="14.175" /><testcase classname="tests.test_mode_adjoint_oracle" name="test_checkpointed_modal_adjoint_matches_full_autograd_taylor_and_central_difference[cuda]" time="13.810" /><testcase classname="tests.test_density_layer" name="test_density_gradient[cpu]" time="0.450" /><testcase classname="tests.test_density_layer" name="test_density_gradient[cuda]" time="0.165" /><testcase classname="tests.test_density_layer" name="test_fdtd_density_directional_gradient" time="0.200" /><testcase classname="tests.test_shape_gradients" name="test_polygon_vjp_taylor_remainder_and_central_difference[cpu]" time="0.355" /><testcase classname="tests.test_shape_gradients" name="test_polygon_vjp_taylor_remainder_and_central_difference[cuda]" time="1.032" /><testcase classname="tests.test_shape_gradients" name="test_vertex_and_control_gradients_through_checkpointed_adjoint[cpu]" time="1.253" /><testcase classname="tests.test_shape_gradients" name="test_vertex_and_control_gradients_through_checkpointed_adjoint[cuda]" time="1.226" /><testcase classname="tests.test_source_parameters" name="test_scalar_parameter_vjps_against_independent_finite_differences[dtype0-False]" time="0.004" /><testcase classname="tests.test_source_parameters" name="test_scalar_parameter_vjps_against_independent_finite_differences[dtype0-True]" time="0.004" /><testcase classname="tests.test_source_parameters" name="test_scalar_parameter_vjps_against_independent_finite_differences[dtype1-False]" time="0.003" /><testcase classname="tests.test_source_parameters" name="test_scalar_parameter_vjps_against_independent_finite_differences[dtype1-True]" time="0.003" /><testcase classname="tests.test_cr_directional_check" name="test_direction_sweep_detects_incorrect_gradient_and_taylor_order" time="0.002" /></testsuite></testsuites>