<?xml version="1.0" encoding="utf-8"?><testsuites name="pytest tests"><testsuite name="pytest" errors="0" failures="0" skipped="0" tests="7" time="8.972" timestamp="2026-09-22T04:28:42.457223+09:00" hostname="DESKTOP-N5DFT8J"><testcase classname="tests.test_result_store" name="test_format_is_selected_by_argument_then_suffix" time="0.001" /><testcase classname="tests.test_result_store" name="test_hdf5_round_trips_complex_planes_coordinates_and_units" time="0.089" /><testcase classname="tests.test_result_store" name="test_explicit_hdf5_format_and_npz_path_keep_working" time="0.116" /><testcase classname="tests.test_result_store" name="test_lazy_reads_match_the_full_arrays_and_use_the_documented_chunks" time="0.052" /><testcase classname="tests.test_result_store" name="test_foreign_and_newer_files_are_refused" time="0.071" /><testcase classname="tests.test_result_store" name="test_plane_slice_of_a_multi_gigabyte_shaped_volume_stays_within_the_declared_memory" time="0.161" /><testcase classname="tests.test_result_store" name="test_endpoint_fields_of_a_pmc_run_round_trip" time="0.635" /></testsuite></testsuites>