<?xml version="1.0" encoding="utf-8"?><testsuites name="pytest tests"><testsuite name="pytest" errors="0" failures="0" skipped="0" tests="32" time="5.127" timestamp="2026-09-26T02:56:22.962292+09:00" hostname="DESKTOP-N5DFT8J"><testcase classname="tests.test_mode_ports" name="test_homogeneous_vector_fourier_dispersion_residual_and_power_orthogonality" time="0.018" /><testcase classname="tests.test_mode_ports" name="test_component_coordinates_match_native_yee_field_axes[x]" time="0.009" /><testcase classname="tests.test_mode_ports" name="test_component_coordinates_match_native_yee_field_axes[y]" time="0.008" /><testcase classname="tests.test_mode_ports" name="test_component_coordinates_match_native_yee_field_axes[z]" time="0.008" /><testcase classname="tests.test_mode_ports" name="test_slab_te_tm_mesh_limit_box_convergence_and_evanescent_confinement" time="0.045" /><testcase classname="tests.test_mode_ports" name="test_nonseparable_dielectric_core_has_all_six_components_and_orthogonal_modes" time="0.033" /><testcase classname="tests.test_mode_ports" name="test_fixed_mode_directional_plane_power_and_both_torch_graphs" time="0.012" /><testcase classname="tests.test_mode_ports" name="test_invalid_material_and_mode_contracts" time="0.001" /><testcase classname="tests.test_mode_ports" name="test_yee_to_plane_interpolation_matches_native_maps_and_positive_time_dft" time="0.012" /><testcase classname="tests.test_mode_ports" name="test_plane_field_vjp_finite_difference_leakage_and_quadrature_rejection" time="0.018" /><testcase classname="tests.test_mode_ports" name="test_degenerate_polarization_basis_is_canonical_and_start_independent" time="0.020" /><testcase classname="tests.test_open_mode_ports" name="test_budget_before_material_sampling" time="0.004" /><testcase classname="tests.test_open_mode_ports" name="test_fixed_cladding_rejected_before_operator_assembly" time="0.002" /><testcase classname="tests.test_open_mode_ports" name="test_independent_te_tm_continuum_refinement" time="0.137" /><testcase classname="tests.test_open_mode_ports" name="test_six_field_maxwell_and_open_sampling_contract" time="0.033" /><testcase classname="tests.test_open_mode_ports" name="test_physical_rectangle_quadrature" time="0.002" /><testcase classname="tests.test_open_mode_ports" name="test_independent_native_time_stagger_and_cpml_recurrence" time="0.283" /><testcase classname="tests.test_open_mode_ports" name="test_reactive_flux_rejects_phase_corrupted_magnetic_profile" time="0.003" /><testcase classname="tests.test_open_mode_ports" name="test_fully_confined_fiber_two_mesh_continuum_comparison" time="1.573" /><testcase classname="tests.test_open_mode_ports" name="test_live_host_admission_precedes_material_and_sparse_allocations" time="0.002" /><testcase classname="tests.test_open_mode_oracles" name="test_slab_continuity_dispersion_scaling_and_limits[TE]" time="0.001" /><testcase classname="tests.test_open_mode_oracles" name="test_slab_continuity_dispersion_scaling_and_limits[TM]" time="0.001" /><testcase classname="tests.test_open_mode_oracles" name="test_fiber_full_vector_boundary_conditions_and_confinement" time="0.014" /><testcase classname="tests.test_open_mode_oracles" name="test_fiber_six_component_maxwell_equations_independently_differenced" time="0.003" /><testcase classname="tests.test_open_mode_oracles" name="test_fiber_scale_weak_guidance_and_large_v_invariants" time="0.003" /><testcase classname="tests.test_open_mode_oracles" name="test_invalid_or_unresolved_fiber_parameters_rejected[kwargs0]" time="0.001" /><testcase classname="tests.test_open_mode_oracles" name="test_invalid_or_unresolved_fiber_parameters_rejected[kwargs1]" time="0.001" /><testcase classname="tests.test_open_mode_oracles" name="test_invalid_or_unresolved_fiber_parameters_rejected[kwargs2]" time="0.001" /><testcase classname="tests.test_open_mode_oracles" name="test_invalid_or_unresolved_fiber_parameters_rejected[kwargs3]" time="0.001" /><testcase classname="tests.test_open_mode_padding" name="test_fixed_mesh_physical_padding_and_pml_sensitivity" time="2.463"><properties>
[...]
</properties></testcase><testcase classname="tests.test_mode_network_slab_oracle" name="test_continuum_four_equations_match_airy_and_conserve_power" time="0.001" /><testcase classname="tests.test_mode_network_slab_oracle" name="test_no_contrast_phase_and_discrete_continuum_limit" time="0.002" /></testsuite></testsuites>