<?xml version="1.0" encoding="utf-8"?><testsuites name="pytest tests"><testsuite name="pytest" errors="0" failures="0" skipped="0" tests="9" time="84.685" timestamp="2026-09-23T13:42:42.115103+09:00" hostname="DESKTOP-N5DFT8J"><testcase classname="tests.test_design_workflow" name="test_design_problem_contracts_history_and_continuation" time="1.195" /><testcase classname="tests.test_design_workflow" name="test_toy_resume_reproduces_the_uninterrupted_history_bitwise" time="0.116" /><testcase classname="tests.test_design_workflow" name="test_state_file_with_a_pickled_object_is_refused_without_executing_it" time="21.677" /><testcase classname="tests.test_design_workflow" name="test_coupler_resume_reproduces_the_uninterrupted_history_bitwise" time="21.502" /><testcase classname="tests.test_design_workflow" name="test_metagrating_example_runs_end_to_end_with_fine_reimport" time="16.458" /><testcase classname="tests.test_design_workflow" name="test_coupler_example_runs_end_to_end_with_fine_reimport_and_holdout" time="23.593" /><testcase classname="tests.test_design_workflow" name="test_measured_gap_violates_although_the_filter_radius_is_satisfied" time="0.005" /><testcase classname="tests.test_design_workflow" name="test_feature_size_measurement_is_exact_on_runs_and_rectangles" time="0.006" /><testcase classname="tests.test_design_workflow" name="test_binary_structures_tile_solid_pixels_exactly" time="0.001" /></testsuite></testsuites>