<?xml version="1.0" encoding="utf-8"?><testsuites name="pytest tests"><testsuite name="pytest" errors="0" failures="0" skipped="0" tests="13" time="2.244" timestamp="2026-09-26T00:41:28.093708+09:00" hostname="DESKTOP-N5DFT8J"><testcase classname="tests.test_plan" name="test_resolved_plan_is_immutable_and_placement_stays_outside_the_hash" time="0.157" /><testcase classname="tests.test_plan" name="test_plan_json_and_diff_name_the_changed_keys" time="0.036" /><testcase classname="tests.test_plan" name="test_pml_dispersion_enters_the_exterior_section_and_the_hash" time="0.013" /><testcase classname="tests.test_plan" name="test_run_control_enters_the_time_section_through_the_shutoff_decision" time="0.034" /><testcase classname="tests.test_plan" name="test_entry_points_share_the_plan_for_point_monitors" time="0.776" /><testcase classname="tests.test_plan" name="test_entry_points_share_the_plan_for_field_monitors" time="0.124" /><testcase classname="tests.test_plan" name="test_tensor_batch_reports_the_shared_plan_hash" time="0.646" /><testcase classname="tests.test_plan" name="test_runtime_grid_and_system_arrays_equal_the_plan" time="0.018" /><testcase classname="tests.test_plan" name="test_project_mutation_after_construction_is_rejected[resident]" time="0.036" /><testcase classname="tests.test_plan" name="test_project_mutation_after_construction_is_rejected[streamed]" time="0.178" /><testcase classname="tests.test_plan" name="test_project_mutation_after_construction_is_rejected[planes]" time="0.053" /><testcase classname="tests.test_plan" name="test_plan_covers_ade_oneway_tfsf_bloch_and_endpoint_faces" time="0.057" /><testcase classname="tests.test_plan" name="test_tensor_material_projects_resolve_but_defer_their_node_tensor" time="0.011" /></testsuite></testsuites>