<?xml version="1.0" encoding="utf-8"?><testsuites name="pytest tests"><testsuite name="pytest" errors="0" failures="0" skipped="0" tests="8" time="34.190" timestamp="2026-09-22T05:25:11.206399+09:00" hostname="DESKTOP-N5DFT8J"><testcase classname="tests.test_validation_report" name="test_report_is_the_renderer_output_for_the_current_tree" time="19.867" /><testcase classname="tests.test_validation_report" name="test_release_scope_cells_and_stage_block_match_the_gate_file" time="0.002" /><testcase classname="tests.test_validation_report" name="test_report_title_and_forbidden_words" time="0.001" /><testcase classname="tests.test_validation_report" name="test_consistency_section_reports_no_mismatch" time="0.001" /><testcase classname="tests.test_validation_report" name="test_platform_section_lists_every_record_with_its_g4_evidence" time="0.002" /><testcase classname="tests.test_validation_report" name="test_report_lists_every_gate_task_and_every_g3_task_once" time="0.002" /><testcase classname="tests.test_validation_report" name="test_check_mode_passes_on_the_committed_tree" time="14.237" /><testcase classname="tests.test_validation_report" name="test_scope_cells_are_regenerated_only_where_they_state_a_gate_result" time="0.001" /></testsuite></testsuites>