<?xml version="1.0" encoding="utf-8"?><testsuites name="pytest tests"><testsuite name="pytest" errors="0" failures="0" skipped="0" tests="93" time="72.369" timestamp="2026-09-24T04:54:04.926862+09:00" hostname="DESKTOP-N5DFT8J"><testcase classname="tests.test_cavity_resonance" name="test_pec_cavity_tm110_resonance_matches_discrete_then_continuum_eigenfrequency[1.0]" time="2.522" /><testcase classname="tests.test_cavity_resonance" name="test_pec_cavity_tm110_resonance_matches_discrete_then_continuum_eigenfrequency[1.5]" time="2.437" /><testcase classname="tests.test_pec_boundaries" name="test_cavity_eigenmode_and_full_domain_reduction[1-pec-0]" time="0.043" /><testcase classname="tests.test_pec_boundaries" name="test_cavity_eigenmode_and_full_domain_reduction[1-pec-1]" time="0.037" /><testcase classname="tests.test_pec_boundaries" name="test_cavity_eigenmode_and_full_domain_reduction[1-pec-2]" time="0.036" /><testcase classname="tests.test_pec_boundaries" name="test_cavity_eigenmode_and_full_domain_reduction[1-antisymmetric-0]" time="0.033" /><testcase classname="tests.test_pec_boundaries" name="test_cavity_eigenmode_and_full_domain_reduction[1-antisymmetric-1]" time="0.035" /><testcase classname="tests.test_pec_boundaries" name="test_cavity_eigenmode_and_full_domain_reduction[1-antisymmetric-2]" time="0.028" /><testcase classname="tests.test_pec_boundaries" name="test_cavity_eigenmode_and_full_domain_reduction[2-pec-0]" time="0.025" /><testcase classname="tests.test_pec_boundaries" name="test_cavity_eigenmode_and_full_domain_reduction[2-pec-1]" time="0.030" /><testcase classname="tests.test_pec_boundaries" name="test_cavity_eigenmode_and_full_domain_reduction[2-pec-2]" time="0.024" /><testcase classname="tests.test_pec_boundaries" name="test_cavity_eigenmode_and_full_domain_reduction[2-antisymmetric-0]" time="0.025" /><testcase classname="tests.test_pec_boundaries" name="test_cavity_eigenmode_and_full_domain_reduction[2-antisymmetric-1]" time="0.024" /><testcase classname="tests.test_pec_boundaries" name="test_cavity_eigenmode_and_full_domain_reduction[2-antisymmetric-2]" time="0.024" /><testcase classname="tests.test_pec_boundaries" name="test_exact_curl_transpose[False]" time="0.008" /><testcase classname="tests.test_pec_boundaries" name="test_exact_curl_transpose[True]" time="0.008" /><testcase classname="tests.test_pec_boundaries" name="test_forbidden_wall_forcing_and_subpixel_are_rejected" time="0.002" /><testcase classname="tests.test_pec_boundaries" name="test_resident_and_streamed_adjoint[False-cpu]" time="0.305" /><testcase classname="tests.test_pec_boundaries" name="test_resident_and_streamed_adjoint[False-cuda]" time="2.058" /><testcase classname="tests.test_pec_boundaries" name="test_resident_and_streamed_adjoint[True-cpu]" time="0.305" /><testcase classname="tests.test_pec_boundaries" name="test_resident_and_streamed_adjoint[True-cuda]" time="1.259" /><testcase classname="tests.test_pec_boundaries" name="test_magnetic_wall_rejects_periodic_endpoint_mixing[pmc]" time="0.002" /><testcase classname="tests.test_pec_boundaries" name="test_magnetic_wall_rejects_periodic_endpoint_mixing[symmetric]" time="0.002" /><testcase classname="tests.test_pec_boundaries" name="test_nonuniform_pec_metric_and_transpose[0]" time="0.010" /><testcase classname="tests.test_pec_boundaries" name="test_nonuniform_pec_metric_and_transpose[1]" time="0.007" /><testcase classname="tests.test_pec_boundaries" name="test_nonuniform_pec_metric_and_transpose[2]" time="0.007" /><testcase classname="tests.test_pec_boundaries" name="test_real_cuda_batch_reuses_pec_physics" time="0.079" /><testcase classname="tests.test_pec_boundaries" name="test_vector_source_secondary_wall_component_rejected[Ex-45-90]" time="0.002" /><testcase classname="tests.test_pec_boundaries" name="test_vector_source_secondary_wall_component_rejected[Hy-90-0]" time="0.001" /><testcase classname="tests.test_pec_boundaries" name="test_compound_oneway_sources_do_not_bypass_mirror_guard[plane]" time="0.001" /><testcase classname="tests.test_pec_boundaries" name="test_compound_oneway_sources_do_not_bypass_mirror_guard[tfsf]" time="0.002" /><testcase classname="tests.test_pec_boundaries" name="test_three_dimensional_pec_edges_and_corners_preserve_constraints" time="0.006" /><testcase classname="tests.test_pmc_general" name="test_pmc_cavity_eigenmode_follows_discrete_dispersion[0]" time="0.042" /><testcase classname="tests.test_pmc_general" name="test_pmc_cavity_eigenmode_follows_discrete_dispersion[1]" time="0.037" /><testcase classname="tests.test_pmc_general" name="test_pmc_cavity_eigenmode_follows_discrete_dispersion[2]" time="0.040" /><testcase classname="tests.test_pmc_general" name="test_yee_faces_match_independent_exact_endpoint_solver[cpu]" time="0.136" /><testcase classname="tests.test_pmc_general" name="test_yee_faces_match_independent_exact_endpoint_solver[cuda]" time="0.624" /><testcase classname="tests.test_pmc_general" name="test_face_curl_transpose_with_nonzero_psi[False]" time="0.010" /><testcase classname="tests.test_pmc_general" name="test_face_curl_transpose_with_nonzero_psi[True]" time="0.011" /><testcase classname="tests.test_pmc_general" name="test_symmetric_half_domain_matches_mirrored_full_domain[upper_yz_edge]" time="0.335" /><testcase classname="tests.test_pmc_general" name="test_symmetric_half_domain_matches_mirrored_full_domain[upper_x_lower_z]" time="0.349" /><testcase classname="tests.test_pmc_general" name="test_per_face_cpml_profiles_are_independent_next_to_pmc" time="0.005" /><testcase classname="tests.test_pmc_general" name="test_adjoint_gradient_taylor_check_float64" time="0.244" /><testcase classname="tests.test_pmc_general" name="test_cuda_adjoint_matches_autograd_and_central_differences[float32]" time="0.340" /><testcase classname="tests.test_pmc_general" name="test_cuda_adjoint_matches_autograd_and_central_differences[float64]" time="0.338" /><testcase classname="tests.test_pmc_general" name="test_checkpoint_tiers_carry_face_state[host]" time="0.166" /><testcase classname="tests.test_pmc_general" name="test_checkpoint_tiers_carry_face_state[disk]" time="0.317" /><testcase classname="tests.test_pmc_general" name="test_streamed_matches_resident_with_pmc_faces[host-cpu]" time="4.494" /><testcase classname="tests.test_pmc_general" name="test_streamed_matches_resident_with_pmc_faces[host-cuda]" time="5.460" /><testcase classname="tests.test_pmc_general" name="test_streamed_matches_resident_with_pmc_faces[disk-cpu]" time="5.158" /><testcase classname="tests.test_pmc_general" name="test_streamed_matches_resident_with_pmc_faces[disk-cuda]" time="5.314" /><testcase classname="tests.test_pmc_general" name="test_streamed_cpu_float64_and_wall_source_ownership" time="0.933" /><testcase classname="tests.test_pmc_general" name="test_tensor_batch_matches_single_and_keeps_stored_faces" time="0.451" /><testcase classname="tests.test_pmc_general" name="test_cpml_reflection_next_to_pmc_faces" time="0.782" /><testcase classname="tests.test_pmc_general" name="test_rejected_combinations_raise_explicitly" time="0.022" /><testcase classname="tests.test_pmc_general" name="test_plane_source_on_a_stored_face_is_refused_before_any_field_allocation" time="0.015" /><testcase classname="tests.test_pmc_general" name="test_tensor_batch_rejects_unsupported_pmc_features" time="0.012" /><testcase classname="tests.test_pmc_dispersive" name="test_dispersive_half_domain_matches_mirrored_full_domain[upper_yz_edge]" time="0.586" /><testcase classname="tests.test_pmc_dispersive" name="test_dispersive_half_domain_matches_mirrored_full_domain[upper_x_lower_z]" time="0.513" /><testcase classname="tests.test_pmc_dispersive" name="test_dispersive_adjoint_taylor_check_float64" time="0.371" /><testcase classname="tests.test_pmc_dispersive" name="test_cuda_dispersive_adjoint_matches_autograd[False-float32]" time="0.661" /><testcase classname="tests.test_pmc_dispersive" name="test_cuda_dispersive_adjoint_matches_autograd[False-float64]" time="0.645" /><testcase classname="tests.test_pmc_dispersive" name="test_cuda_dispersive_adjoint_matches_autograd[True-float32]" time="0.682" /><testcase classname="tests.test_pmc_dispersive" name="test_cuda_dispersive_adjoint_matches_autograd[True-float64]" time="0.724" /><testcase classname="tests.test_pmc_dispersive" name="test_checkpoint_tiers_carry_face_pole_state[host]" time="0.284" /><testcase classname="tests.test_pmc_dispersive" name="test_checkpoint_tiers_carry_face_pole_state[disk]" time="0.430" /><testcase classname="tests.test_pmc_dispersive" name="test_streamed_dispersive_matches_resident_with_pmc_faces[host-cpu]" time="6.969" /><testcase classname="tests.test_pmc_dispersive" name="test_streamed_dispersive_matches_resident_with_pmc_faces[host-cuda]" time="7.941" /><testcase classname="tests.test_pmc_dispersive" name="test_streamed_dispersive_matches_resident_with_pmc_faces[disk-cpu]" time="7.540" /><testcase classname="tests.test_pmc_dispersive" name="test_streamed_dispersive_matches_resident_with_pmc_faces[disk-cuda]" time="8.198" /><testcase classname="tests.test_pmc_dispersive" name="test_tensor_batch_face_ade_banks_match_resident" time="0.225" /><testcase classname="tests.test_pmc_dispersive" name="test_dispersive_pmc_rejections_are_exact" time="0.011" /><testcase classname="tests.test_pmc_reference" name="test_unique_face_edge_ownership_and_payload_bytes" time="0.067" /><testcase classname="tests.test_pmc_reference" name="test_exact_cavity_and_doubled_domain[0-faces0]" time="0.025" /><testcase classname="tests.test_pmc_reference" name="test_exact_cavity_and_doubled_domain[0-faces1]" time="0.032" /><testcase classname="tests.test_pmc_reference" name="test_exact_cavity_and_doubled_domain[0-faces2]" time="0.034" /><testcase classname="tests.test_pmc_reference" name="test_exact_cavity_and_doubled_domain[0-faces3]" time="0.033" /><testcase classname="tests.test_pmc_reference" name="test_exact_cavity_and_doubled_domain[0-faces4]" time="0.035" /><testcase classname="tests.test_pmc_reference" name="test_exact_cavity_and_doubled_domain[1-faces0]" time="0.028" /><testcase classname="tests.test_pmc_reference" name="test_exact_cavity_and_doubled_domain[1-faces1]" time="0.038" /><testcase classname="tests.test_pmc_reference" name="test_exact_cavity_and_doubled_domain[1-faces2]" time="0.035" /><testcase classname="tests.test_pmc_reference" name="test_exact_cavity_and_doubled_domain[1-faces3]" time="0.029" /><testcase classname="tests.test_pmc_reference" name="test_exact_cavity_and_doubled_domain[1-faces4]" time="0.036" /><testcase classname="tests.test_pmc_reference" name="test_exact_cavity_and_doubled_domain[2-faces0]" time="0.026" /><testcase classname="tests.test_pmc_reference" name="test_exact_cavity_and_doubled_domain[2-faces1]" time="0.050" /><testcase classname="tests.test_pmc_reference" name="test_exact_cavity_and_doubled_domain[2-faces2]" time="0.036" /><testcase classname="tests.test_pmc_reference" name="test_exact_cavity_and_doubled_domain[2-faces3]" time="0.032" /><testcase classname="tests.test_pmc_reference" name="test_exact_cavity_and_doubled_domain[2-faces4]" time="0.035" /><testcase classname="tests.test_pmc_reference" name="test_explicit_step_transpose_and_shared_material_gradient[False]" time="0.010" /><testcase classname="tests.test_pmc_reference" name="test_explicit_step_transpose_and_shared_material_gradient[True]" time="0.010" /><testcase classname="tests.test_pmc_reference" name="test_actual_endpoint_geometry_sampler_and_gradient" time="0.438" /><testcase classname="tests.test_pmc_reference" name="test_magnetic_wall_never_falls_through_to_ordinary_yee" time="0.002" /><testcase classname="tests.test_pmc_reference" name="test_nonuniform_endpoint_material_sharing_is_explicit" time="0.004" /></testsuite></testsuites>