<?xml version="1.0" encoding="utf-8"?><testsuites name="pytest tests"><testsuite name="pytest" errors="0" failures="0" skipped="0" tests="23" time="55.648" timestamp="2026-09-22T04:02:31.001163+09:00" hostname="DESKTOP-N5DFT8J"><testcase classname="tests.test_release_gates" name="test_passing_junit_records_verified_evidence_with_every_required_field" time="3.452" /><testcase classname="tests.test_release_gates" name="test_injected_failure_marks_failed_and_judge_rejects" time="0.714" /><testcase classname="tests.test_release_gates" name="test_injected_error_marks_failed" time="0.797" /><testcase classname="tests.test_release_gates" name="test_skipped_required_test_stays_not_run_and_judge_exits_nonzero" time="1.549" /><testcase classname="tests.test_release_gates" name="test_skipped_unrequired_test_still_verifies_but_required_absence_does_not" time="2.453" /><testcase classname="tests.test_release_gates" name="test_gpu_required_skip_of_an_unlisted_test_is_a_failure" time="5.063" /><testcase classname="tests.test_release_gates" name="test_gpu_skip_reasons_are_classified_and_optional_checks_are_not[could not import 'cupy': No module named cupy]" time="1.257" /><testcase classname="tests.test_release_gates" name="test_gpu_skip_reasons_are_classified_and_optional_checks_are_not[Requires installed GPU]" time="2.014" /><testcase classname="tests.test_release_gates" name="test_gpu_skip_reasons_are_classified_and_optional_checks_are_not[CUDA GPU not available]" time="0.862" /><testcase classname="tests.test_release_gates" name="test_judge_classifies_gpu_skips_in_evidence_recorded_without_the_field" time="0.802" /><testcase classname="tests.test_release_gates" name="test_nonzero_exit_code_without_failures_does_not_verify" time="1.389" /><testcase classname="tests.test_release_gates" name="test_parametrized_required_test_matches_instances" time="0.751" /><testcase classname="tests.test_release_gates" name="test_modified_test_file_after_recording_is_a_hash_mismatch" time="0.827" /><testcase classname="tests.test_release_gates" name="test_evidence_from_a_commit_that_is_not_an_ancestor_is_stale" time="2.331" /><testcase classname="tests.test_release_gates" name="test_missing_evidence_file_is_reported" time="5.222" /><testcase classname="tests.test_release_gates" name="test_hand_marked_verified_without_evidence_is_rejected" time="0.548" /><testcase classname="tests.test_release_gates" name="test_hand_marked_verified_over_failed_evidence_is_rejected" time="1.522" /><testcase classname="tests.test_release_gates" name="test_profile_judgement_needs_every_required_task_and_reports_blockers" time="1.899" /><testcase classname="tests.test_release_gates" name="test_failed_task_outside_the_profile_blocks_release" time="3.610" /><testcase classname="tests.test_release_gates" name="test_dirty_tree_is_recorded_in_the_manifest" time="2.199" /><testcase classname="tests.test_release_gates" name="test_fixture_and_criteria_hashes_are_recorded_and_checked" time="13.400" /><testcase classname="tests.test_release_gates" name="test_unknown_task_is_refused" time="0.853" /><testcase classname="tests.test_release_gates" name="test_repository_gate_file_is_adopted_and_not_yet_releasable" time="2.035" /></testsuite></testsuites>