<?xml version="1.0" encoding="utf-8"?><testsuites name="pytest tests"><testsuite name="pytest" errors="0" failures="0" skipped="0" tests="10" time="5.392" timestamp="2026-09-22T04:28:53.093537+09:00" hostname="DESKTOP-N5DFT8J"><testcase classname="tests.test_project_versioning" name="test_content_hash_ignores_the_version_fields_and_tracks_the_content" time="0.006" /><testcase classname="tests.test_project_versioning" name="test_project_file_round_trips_the_version_fields" time="0.031" /><testcase classname="tests.test_project_versioning" name="test_validate_reports_the_version_fields_a_tampered_hash_and_rejects_bad_values" time="0.595" /><testcase classname="tests.test_project_versioning" name="test_jobs_carry_the_plan_hash_of_the_submitted_project" time="0.383" /><testcase classname="tests.test_project_versioning" name="test_gds_export_route_returns_the_file_and_its_stack_sidecar" time="0.074" /><testcase classname="tests.test_workbench_journeys" name="test_record_is_complete_and_every_journey_passed" time="0.001" /><testcase classname="tests.test_workbench_journeys" name="test_journey_covers_every_step_and_records_its_wall_time" time="0.001" /><testcase classname="tests.test_workbench_journeys" name="test_editing_behaviours_are_each_verified" time="0.002" /><testcase classname="tests.test_workbench_journeys" name="test_record_matches_the_committed_specs_and_bundle" time="0.003" /><testcase classname="tests.test_workbench_journeys" name="test_record_commit_is_in_the_history_of_head" time="0.791" /></testsuite></testsuites>