<?xml version="1.0" encoding="utf-8"?><testsuites name="pytest tests"><testsuite name="pytest" errors="0" failures="0" skipped="0" tests="7" time="25.363" timestamp="2026-09-22T05:04:29.794969+09:00" hostname="DESKTOP-N5DFT8J"><testcase classname="tests.test_memory_accounting_g5" name="test_streamed_report_exposes_instrumented_memory_fields[host_sync]" time="9.104" /><testcase classname="tests.test_memory_accounting_g5" name="test_streamed_report_exposes_instrumented_memory_fields[disk_sync]" time="2.304" /><testcase classname="tests.test_memory_accounting_g5" name="test_streamed_report_exposes_instrumented_memory_fields[host_async]" time="1.974" /><testcase classname="tests.test_memory_accounting_g5" name="test_disk_bytes_match_the_bank_file_sizes" time="2.432" /><testcase classname="tests.test_memory_accounting_g5" name="test_cpu_tiles_report_host_fields_and_no_device_fields" time="2.911" /><testcase classname="tests.test_memory_accounting_g5" name="test_operating_system_instruments_return_integers" time="0.003" /><testcase classname="tests.test_memory_accounting_g5" name="test_allocator_peak_is_exact_only_when_the_phase_sets_a_new_process_peak" time="0.015" /></testsuite></testsuites>