<?xml version="1.0" encoding="utf-8"?><testsuites name="pytest tests"><testsuite name="pytest" errors="0" failures="0" skipped="0" tests="38" time="523.115" timestamp="2026-09-22T02:08:12.938239+09:00" hostname="DESKTOP-N5DFT8J"><testcase classname="tests.test_physics_g3_a.TestG301" name="test_eigenmode_matches_yee_relation[1.0-2d]" time="1.691" /><testcase classname="tests.test_physics_g3_a.TestG301" name="test_eigenmode_matches_yee_relation[1.0-3d]" time="0.092" /><testcase classname="tests.test_physics_g3_a.TestG301" name="test_eigenmode_matches_yee_relation[1.5-2d]" time="0.036" /><testcase classname="tests.test_physics_g3_a.TestG301" name="test_eigenmode_matches_yee_relation[1.5-3d]" time="0.077" /><testcase classname="tests.test_physics_g3_a.TestG301" name="test_eigenmode_mesh_sweep[1.0-2d]" time="0.117" /><testcase classname="tests.test_physics_g3_a.TestG301" name="test_eigenmode_mesh_sweep[1.0-3d]" time="0.142" /><testcase classname="tests.test_physics_g3_a.TestG301" name="test_eigenmode_mesh_sweep[1.5-2d]" time="0.153" /><testcase classname="tests.test_physics_g3_a.TestG301" name="test_eigenmode_mesh_sweep[1.5-3d]" time="0.172" /><testcase classname="tests.test_physics_g3_a.TestG301" name="test_propagation_phase_2d[Ez-1.0-10]" time="0.092" /><testcase classname="tests.test_physics_g3_a.TestG301" name="test_propagation_phase_2d[Ez-1.0-20]" time="0.179" /><testcase classname="tests.test_physics_g3_a.TestG301" name="test_propagation_phase_2d[Ez-1.0-40]" time="0.871" /><testcase classname="tests.test_physics_g3_a.TestG301" name="test_propagation_phase_2d[Ez-1.5-10]" time="0.079" /><testcase classname="tests.test_physics_g3_a.TestG301" name="test_propagation_phase_2d[Ez-1.5-20]" time="0.182" /><testcase classname="tests.test_physics_g3_a.TestG301" name="test_propagation_phase_2d[Ez-1.5-40]" time="0.821" /><testcase classname="tests.test_physics_g3_a.TestG301" name="test_propagation_phase_2d[Ey-1.0-10]" time="0.105" /><testcase classname="tests.test_physics_g3_a.TestG301" name="test_propagation_phase_2d[Ey-1.0-20]" time="0.203" /><testcase classname="tests.test_physics_g3_a.TestG301" name="test_propagation_phase_2d[Ey-1.0-40]" time="0.906" /><testcase classname="tests.test_physics_g3_a.TestG301" name="test_propagation_phase_2d[Ey-1.5-10]" time="0.073" /><testcase classname="tests.test_physics_g3_a.TestG301" name="test_propagation_phase_2d[Ey-1.5-20]" time="0.200" /><testcase classname="tests.test_physics_g3_a.TestG301" name="test_propagation_phase_2d[Ey-1.5-40]" time="0.916" /><testcase classname="tests.test_physics_g3_a.TestG301" name="test_propagation_phase_3d[Ey-1.0-10]" time="0.209" /><testcase classname="tests.test_physics_g3_a.TestG301" name="test_propagation_phase_3d[Ey-1.0-20]" time="2.404" /><testcase classname="tests.test_physics_g3_a.TestG301" name="test_propagation_phase_3d[Ey-1.0-40]" time="105.123" /><testcase classname="tests.test_physics_g3_a.TestG301" name="test_propagation_phase_3d[Ey-1.5-10]" time="0.218" /><testcase classname="tests.test_physics_g3_a.TestG301" name="test_propagation_phase_3d[Ey-1.5-20]" time="2.375" /><testcase classname="tests.test_physics_g3_a.TestG301" name="test_propagation_phase_3d[Ey-1.5-40]" time="119.296" /><testcase classname="tests.test_physics_g3_a.TestG301" name="test_propagation_phase_3d[Ez-1.0-10]" time="0.228" /><testcase classname="tests.test_physics_g3_a.TestG301" name="test_propagation_phase_3d[Ez-1.0-20]" time="2.754" /><testcase classname="tests.test_physics_g3_a.TestG301" name="test_propagation_phase_3d[Ez-1.0-40]" time="145.428" /><testcase classname="tests.test_physics_g3_a.TestG301" name="test_propagation_phase_3d[Ez-1.5-10]" time="0.214" /><testcase classname="tests.test_physics_g3_a.TestG301" name="test_propagation_phase_3d[Ez-1.5-20]" time="2.705" /><testcase classname="tests.test_physics_g3_a.TestG301" name="test_propagation_phase_3d[Ez-1.5-40]" time="114.432" /><testcase classname="tests.test_physics_g3_a.TestG301" name="test_polarizations_identical[10-2d-pair0]" time="0.348" /><testcase classname="tests.test_physics_g3_a.TestG301" name="test_polarizations_identical[10-3d-pair1]" time="0.812" /><testcase classname="tests.test_physics_g3_a.TestG301" name="test_polarizations_identical[20-2d-pair0]" time="0.785" /><testcase classname="tests.test_physics_g3_a.TestG301" name="test_polarizations_identical[20-3d-pair1]" time="9.943" /><testcase classname="tests.test_physics_g3_a.TestG301" name="test_layer_a_cuda_fp32[2d-1.0-Ez]" time="1.035" /><testcase classname="tests.test_physics_g3_a.TestG301" name="test_layer_a_cuda_fp32[3d-1.5-Ey]" time="2.522" /></testsuite></testsuites>