<?xml version="1.0" encoding="utf-8"?><testsuites name="pytest tests"><testsuite name="pytest" errors="0" failures="0" skipped="0" tests="7" time="9.474" timestamp="2026-09-23T13:29:36.180823+09:00" hostname="DESKTOP-N5DFT8J"><testcase classname="tests.test_memory_accounting_g5" name="test_streamed_report_exposes_instrumented_memory_fields[host_sync]" time="5.275" /><testcase classname="tests.test_memory_accounting_g5" name="test_streamed_report_exposes_instrumented_memory_fields[disk_sync]" time="1.070" /><testcase classname="tests.test_memory_accounting_g5" name="test_streamed_report_exposes_instrumented_memory_fields[host_async]" time="0.828" /><testcase classname="tests.test_memory_accounting_g5" name="test_disk_bytes_match_the_bank_file_sizes" time="1.004" /><testcase classname="tests.test_memory_accounting_g5" name="test_cpu_tiles_report_host_fields_and_no_device_fields" time="1.224" /><testcase classname="tests.test_memory_accounting_g5" name="test_operating_system_instruments_return_integers" time="0.001" /><testcase classname="tests.test_memory_accounting_g5" name="test_allocator_peak_is_exact_only_when_the_phase_sets_a_new_process_peak" time="0.007" /></testsuite></testsuites>